#
# There is insufficient memory for the Java Runtime Environment to continue.
# Native memory allocation (malloc) failed to allocate 1048576 bytes for AllocateHeap
# Possible reasons:
#   The system is out of physical RAM or swap space
#   The process is running with CompressedOops enabled, and the Java Heap may be blocking the growth of the native heap
# Possible solutions:
#   Reduce memory load on the system
#   Increase physical memory or swap space
#   Check if swap backing store is full
#   Decrease Java heap size (-Xmx/-Xms)
#   Decrease number of Java threads
#   Decrease Java thread stack sizes (-Xss)
#   Set larger code cache with -XX:ReservedCodeCacheSize=
#   JVM is running with Zero Based Compressed Oops mode in which the Java heap is
#     placed in the first 32GB address space. The Java Heap base address is the
#     maximum limit for the native heap growth. Please use -XX:HeapBaseMinAddress
#     to set the Java Heap base and to place the Java Heap above 32GB virtual address.
# This output file may be truncated or incomplete.
#
#  Out of Memory Error (allocation.cpp:46), pid=20056, tid=20376
#
# JRE version: OpenJDK Runtime Environment Temurin-11.0.20+8 (11.0.20+8) (build 11.0.20+8)
# Java VM: OpenJDK 64-Bit Server VM Temurin-11.0.20+8 (11.0.20+8, mixed mode, tiered, compressed oops, g1 gc, windows-amd64)
# No core dump will be written. Minidumps are not enabled by default on client versions of Windows
#

---------------  S U M M A R Y ------------

Command Line: -agentlib:jdwp=transport=dt_socket,suspend=y,address=localhost:59215 -Dcom.sun.management.jmxremote -Dcom.sun.management.jmxremote.port=57938 -Dcom.sun.management.jmxremote.authenticate=false -Dcom.sun.management.jmxremote.ssl=false -Djava.rmi.server.hostname=localhost -Dspring.jmx.enabled=true -Dspring.liveBeansView.mbeanDomain -Dspring.application.admin.enabled=true -XX:TieredStopAtLevel=1 -Dspring.boot.project.name=pet-shopping-mall -javaagent:C:\dev\sts-bundle\sts-3.9.17.RELEASE\configuration\org.eclipse.osgi\311\0\.cp\lib\javaagent-shaded.jar -Dfile.encoding=UTF-8 com.shop.app.PetShoppingMallApplication --spring.output.ansi.enabled=always

Host: Intel(R) Core(TM) i7-8700 CPU @ 3.20GHz, 12 cores, 15G,  Windows 10 , 64 bit Build 19041 (10.0.19041.3031)
Time: Fri Aug 25 18:53:47 2023  Windows 10 , 64 bit Build 19041 (10.0.19041.3031) elapsed time: 30.124646 seconds (0d 0h 0m 30s)

---------------  T H R E A D  ---------------

Current thread (0x00000229ff757000):  VMThread "VM Thread" [stack: 0x000000c6bc600000,0x000000c6bc700000] [id=20376]

Stack: [0x000000c6bc600000,0x000000c6bc700000]
[error occurred during error reporting (printing stack bounds), id 0xc0000005, EXCEPTION_ACCESS_VIOLATION (0xc0000005) at pc=0x00000229e3d8112d]

Native frames: (J=compiled Java code, j=interpreted, Vv=VM code, C=native code)
V  [jvm.dll+0x64fb8a]
V  [jvm.dll+0x7e3799]
V  [jvm.dll+0x7e4e99]
V  [jvm.dll+0x7e54e5]
V  [jvm.dll+0x7e549b]
V  [jvm.dll+0x64ee95]
V  [jvm.dll+0x64f598]
C  [ntdll.dll+0xa247f]
C  [ntdll.dll+0x514f4]
C  [ntdll.dll+0xa0f8e]
C  0x00000229e3d8112d

VM_Operation (0x000000c6bdffdac0): CollectForMetadataAllocation, mode: safepoint, requested by thread 0x0000022981b07800


---------------  P R O C E S S  ---------------

Threads class SMR info:
_java_thread_list=0x00000229816ac1d0, length=22, elements={
0x00000229db60f000, 0x00000229ff76c000, 0x00000229ff76e000, 0x000002298010d800,
0x000002298010f800, 0x0000022980110800, 0x0000022980114000, 0x0000022980115800,
0x00000229ff714000, 0x000002298030b800, 0x000002298030d000, 0x000002298030d800,
0x0000022980d3e000, 0x0000022980d3f000, 0x0000022980d98800, 0x00000229818a5000,
0x00000229818a0000, 0x0000022981b07800, 0x0000022981c8e800, 0x0000022981640800,
0x0000022981f3c800, 0x0000022980c60800
}

Java Threads: ( => current thread )
  0x00000229db60f000 JavaThread "main" [_thread_blocked, id=20252, stack(0x000000c6bbf00000,0x000000c6bc000000)]
  0x00000229ff76c000 JavaThread "Reference Handler" daemon [_thread_blocked, id=20420, stack(0x000000c6bc700000,0x000000c6bc800000)]
  0x00000229ff76e000 JavaThread "Finalizer" daemon [_thread_blocked, id=20424, stack(0x000000c6bc800000,0x000000c6bc900000)]
  0x000002298010d800 JavaThread "Signal Dispatcher" daemon [_thread_blocked, id=20460, stack(0x000000c6bc900000,0x000000c6bca00000)]
  0x000002298010f800 JavaThread "Attach Listener" daemon [_thread_blocked, id=20464, stack(0x000000c6bca00000,0x000000c6bcb00000)]
  0x0000022980110800 JavaThread "Service Thread" daemon [_thread_blocked, id=20468, stack(0x000000c6bcb00000,0x000000c6bcc00000)]
  0x0000022980114000 JavaThread "C1 CompilerThread0" daemon [_thread_blocked, id=20472, stack(0x000000c6bcc00000,0x000000c6bcd00000)]
  0x0000022980115800 JavaThread "Sweeper thread" daemon [_thread_blocked, id=20476, stack(0x000000c6bcd00000,0x000000c6bce00000)]
  0x00000229ff714000 JavaThread "Common-Cleaner" daemon [_thread_blocked, id=18948, stack(0x000000c6bce00000,0x000000c6bcf00000)]
  0x000002298030b800 JavaThread "JDWP Transport Listener: dt_socket" daemon [_thread_blocked, id=9980, stack(0x000000c6bcf00000,0x000000c6bd000000)]
  0x000002298030d000 JavaThread "JDWP Event Helper Thread" daemon [_thread_blocked, id=16492, stack(0x000000c6bd000000,0x000000c6bd100000)]
  0x000002298030d800 JavaThread "JDWP Command Reader" daemon [_thread_in_native, id=17288, stack(0x000000c6bd100000,0x000000c6bd200000)]
  0x0000022980d3e000 JavaThread "RMI TCP Accept-0" daemon [_thread_in_native, id=21280, stack(0x000000c6bd200000,0x000000c6bd300000)]
  0x0000022980d3f000 JavaThread "RMI TCP Accept-57938" daemon [_thread_in_native, id=21288, stack(0x000000c6bd300000,0x000000c6bd400000)]
  0x0000022980d98800 JavaThread "RMI TCP Accept-0" daemon [_thread_in_native, id=21292, stack(0x000000c6bd400000,0x000000c6bd500000)]
  0x00000229818a5000 JavaThread "Thread-0" [_thread_blocked, id=19488, stack(0x000000c6bdb00000,0x000000c6bdc00000)]
  0x00000229818a0000 JavaThread "restartedMain" [_thread_blocked, id=22308, stack(0x000000c6bdc00000,0x000000c6bdd00000)]
  0x0000022981b07800 JavaThread "background-preinit" [_thread_blocked, id=9676, stack(0x000000c6bdf00000,0x000000c6be000000)]
  0x0000022981c8e800 JavaThread "RMI TCP Connection(1)-127.0.0.1" daemon [_thread_in_native, id=23248, stack(0x000000c6be200000,0x000000c6be300000)]
  0x0000022981640800 JavaThread "RMI Scheduler(0)" daemon [_thread_blocked, id=23524, stack(0x000000c6be300000,0x000000c6be400000)]
  0x0000022981f3c800 JavaThread "RMI TCP Connection(2)-127.0.0.1" daemon [_thread_in_native, id=10580, stack(0x000000c6be400000,0x000000c6be500000)]
  0x0000022980c60800 JavaThread "JMX server connection timeout 27" daemon [_thread_blocked, id=24552, stack(0x000000c6be500000,0x000000c6be600000)]

Other Threads:
=>0x00000229ff757000 VMThread "VM Thread" [stack: 0x000000c6bc600000,0x000000c6bc700000] [id=20376]
  0x0000022980d9a000 WatcherThread [stack: 0x000000c6bd500000,0x000000c6bd600000] [id=21296]
  0x00000229db628800 GCTaskThread "GC Thread#0" [stack: 0x000000c6bc100000,0x000000c6bc200000] [id=20332]
  0x0000022980e99800 GCTaskThread "GC Thread#1" [stack: 0x000000c6bd600000,0x000000c6bd700000] [id=21300]
  0x0000022980d9d000 GCTaskThread "GC Thread#2" [stack: 0x000000c6bd700000,0x000000c6bd800000] [id=21308]
  0x0000022980d9d800 GCTaskThread "GC Thread#3" [stack: 0x000000c6bd800000,0x000000c6bd900000] [id=21312]
  0x0000022980e33000 GCTaskThread "GC Thread#4" [stack: 0x000000c6bd900000,0x000000c6bda00000] [id=19764]
  0x0000022980e33800 GCTaskThread "GC Thread#5" [stack: 0x000000c6bda00000,0x000000c6bdb00000] [id=1416]
  0x0000022981b6a800 GCTaskThread "GC Thread#6" [stack: 0x000000c6be000000,0x000000c6be100000] [id=22248]
  0x0000022981b1f800 GCTaskThread "GC Thread#7" [stack: 0x000000c6be100000,0x000000c6be200000] [id=22260]
  0x00000229db685000 ConcurrentGCThread "G1 Main Marker" [stack: 0x000000c6bc200000,0x000000c6bc300000] [id=20336]
  0x00000229db687800 ConcurrentGCThread "G1 Conc#0" [stack: 0x000000c6bc300000,0x000000c6bc400000] [id=20340]
  0x0000022981890800 ConcurrentGCThread "G1 Conc#1" [stack: 0x000000c6bdd00000,0x000000c6bde00000] [id=19772]
  0x0000022980ef9000 ConcurrentGCThread "G1 Conc#2" [stack: 0x000000c6bde00000,0x000000c6bdf00000] [id=20108]
  0x00000229ff63b800 ConcurrentGCThread "G1 Refine#0" [stack: 0x000000c6bc400000,0x000000c6bc500000] [id=20364]
  0x00000229ff63c800 ConcurrentGCThread "G1 Young RemSet Sampling" [stack: 0x000000c6bc500000,0x000000c6bc600000] [id=20368]

Threads with active compile tasks:

VM state:at safepoint (normal execution)

VM Mutex/Monitor currently owned by a thread:  ([mutex/lock_event])
[0x00000229db60c040] Threads_lock - owner thread: 0x00000229ff757000
[0x00000229db60b980] Heap_lock - owner thread: 0x0000022981b07800

Heap address: 0x0000000702000000, size: 4064 MB, Compressed Oops mode: Zero based, Oop shift amount: 3
Narrow klass base: 0x0000000800000000, Narrow klass shift: 0
Compressed class space size: 1073741824 Address: 0x0000000800000000

Heap:
 garbage-first heap   total 260096K, used 13283K [0x0000000702000000, 0x0000000800000000)
  region size 1024K, 5 young (5120K), 5 survivors (5120K)
 Metaspace       used 29591K, capacity 30505K, committed 30592K, reserved 1081344K
  class space    used 3643K, capacity 3955K, committed 3968K, reserved 1048576K
Heap Regions: E=young(eden), S=young(survivor), O=old, HS=humongous(starts), HC=humongous(continues), CS=collection set, F=free, A=archive, TAMS=top-at-mark-start (previous, next)
|   0|0x0000000702000000, 0x0000000702100000, 0x0000000702100000|100%| O|  |TAMS 0x0000000702100000, 0x0000000702100000| Untracked 
|   1|0x0000000702100000, 0x0000000702200000, 0x0000000702200000|100%| O|  |TAMS 0x0000000702200000, 0x0000000702200000| Untracked 
|   2|0x0000000702200000, 0x0000000702300000, 0x0000000702300000|100%| O|  |TAMS 0x0000000702300000, 0x0000000702300000| Untracked 
|   3|0x0000000702300000, 0x0000000702400000, 0x0000000702400000|100%| O|  |TAMS 0x0000000702400000, 0x0000000702400000| Untracked 
|   4|0x0000000702400000, 0x0000000702500000, 0x0000000702500000|100%| O|  |TAMS 0x0000000702500000, 0x0000000702500000| Untracked 
|   5|0x0000000702500000, 0x0000000702600000, 0x0000000702600000|100%| O|  |TAMS 0x0000000702600000, 0x0000000702600000| Untracked 
|   6|0x0000000702600000, 0x0000000702700000, 0x0000000702700000|100%| O|  |TAMS 0x0000000702700000, 0x0000000702700000| Untracked 
|   7|0x0000000702700000, 0x0000000702800000, 0x0000000702800000|100%| O|  |TAMS 0x0000000702800000, 0x0000000702800000| Untracked 
|   8|0x0000000702800000, 0x0000000702875a00, 0x0000000702900000| 45%| O|  |TAMS 0x0000000702875a00, 0x0000000702875a00| Untracked 
|   9|0x0000000702900000, 0x0000000702900000, 0x0000000702a00000|  0%| F|  |TAMS 0x0000000702900000, 0x0000000702900000| Untracked 
|  10|0x0000000702a00000, 0x0000000702a00000, 0x0000000702b00000|  0%| F|  |TAMS 0x0000000702a00000, 0x0000000702a00000| Untracked 
|  11|0x0000000702b00000, 0x0000000702b00000, 0x0000000702c00000|  0%| F|  |TAMS 0x0000000702b00000, 0x0000000702b00000| Untracked 
|  12|0x0000000702c00000, 0x0000000702c00000, 0x0000000702d00000|  0%| F|  |TAMS 0x0000000702c00000, 0x0000000702c00000| Untracked 
|  13|0x0000000702d00000, 0x0000000702d00000, 0x0000000702e00000|  0%| F|  |TAMS 0x0000000702d00000, 0x0000000702d00000| Untracked 
|  14|0x0000000702e00000, 0x0000000702e00000, 0x0000000702f00000|  0%| F|  |TAMS 0x0000000702e00000, 0x0000000702e00000| Untracked 
|  15|0x0000000702f00000, 0x0000000702f00000, 0x0000000703000000|  0%| F|  |TAMS 0x0000000702f00000, 0x0000000702f00000| Untracked 
|  16|0x0000000703000000, 0x0000000703000000, 0x0000000703100000|  0%| F|  |TAMS 0x0000000703000000, 0x0000000703000000| Untracked 
|  17|0x0000000703100000, 0x0000000703100000, 0x0000000703200000|  0%| F|  |TAMS 0x0000000703100000, 0x0000000703100000| Untracked 
|  18|0x0000000703200000, 0x0000000703200000, 0x0000000703300000|  0%| F|  |TAMS 0x0000000703200000, 0x0000000703200000| Untracked 
|  19|0x0000000703300000, 0x0000000703300000, 0x0000000703400000|  0%| F|  |TAMS 0x0000000703300000, 0x0000000703300000| Untracked 
|  20|0x0000000703400000, 0x0000000703400000, 0x0000000703500000|  0%| F|  |TAMS 0x0000000703400000, 0x0000000703400000| Untracked 
|  21|0x0000000703500000, 0x0000000703500000, 0x0000000703600000|  0%| F|  |TAMS 0x0000000703500000, 0x0000000703500000| Untracked 
|  22|0x0000000703600000, 0x0000000703600000, 0x0000000703700000|  0%| F|  |TAMS 0x0000000703600000, 0x0000000703600000| Untracked 
|  23|0x0000000703700000, 0x0000000703700000, 0x0000000703800000|  0%| F|  |TAMS 0x0000000703700000, 0x0000000703700000| Untracked 
|  24|0x0000000703800000, 0x0000000703800000, 0x0000000703900000|  0%| F|  |TAMS 0x0000000703800000, 0x0000000703800000| Untracked 
|  25|0x0000000703900000, 0x0000000703900000, 0x0000000703a00000|  0%| F|  |TAMS 0x0000000703900000, 0x0000000703900000| Untracked 
|  26|0x0000000703a00000, 0x0000000703a00000, 0x0000000703b00000|  0%| F|  |TAMS 0x0000000703a00000, 0x0000000703a00000| Untracked 
|  27|0x0000000703b00000, 0x0000000703b00000, 0x0000000703c00000|  0%| F|  |TAMS 0x0000000703b00000, 0x0000000703b00000| Untracked 
|  28|0x0000000703c00000, 0x0000000703c00000, 0x0000000703d00000|  0%| F|  |TAMS 0x0000000703c00000, 0x0000000703c00000| Untracked 
|  29|0x0000000703d00000, 0x0000000703d00000, 0x0000000703e00000|  0%| F|  |TAMS 0x0000000703d00000, 0x0000000703d00000| Untracked 
|  30|0x0000000703e00000, 0x0000000703e00000, 0x0000000703f00000|  0%| F|  |TAMS 0x0000000703e00000, 0x0000000703e00000| Untracked 
|  31|0x0000000703f00000, 0x0000000703f00000, 0x0000000704000000|  0%| F|  |TAMS 0x0000000703f00000, 0x0000000703f00000| Untracked 
|  32|0x0000000704000000, 0x0000000704000000, 0x0000000704100000|  0%| F|  |TAMS 0x0000000704000000, 0x0000000704000000| Untracked 
|  33|0x0000000704100000, 0x0000000704100000, 0x0000000704200000|  0%| F|  |TAMS 0x0000000704100000, 0x0000000704100000| Untracked 
|  34|0x0000000704200000, 0x0000000704200000, 0x0000000704300000|  0%| F|  |TAMS 0x0000000704200000, 0x0000000704200000| Untracked 
|  35|0x0000000704300000, 0x0000000704300000, 0x0000000704400000|  0%| F|  |TAMS 0x0000000704300000, 0x0000000704300000| Untracked 
|  36|0x0000000704400000, 0x0000000704400000, 0x0000000704500000|  0%| F|  |TAMS 0x0000000704400000, 0x0000000704400000| Untracked 
|  37|0x0000000704500000, 0x0000000704500000, 0x0000000704600000|  0%| F|  |TAMS 0x0000000704500000, 0x0000000704500000| Untracked 
|  38|0x0000000704600000, 0x0000000704600000, 0x0000000704700000|  0%| F|  |TAMS 0x0000000704600000, 0x0000000704600000| Untracked 
|  39|0x0000000704700000, 0x0000000704700000, 0x0000000704800000|  0%| F|  |TAMS 0x0000000704700000, 0x0000000704700000| Untracked 
|  40|0x0000000704800000, 0x0000000704800000, 0x0000000704900000|  0%| F|  |TAMS 0x0000000704800000, 0x0000000704800000| Untracked 
|  41|0x0000000704900000, 0x0000000704900000, 0x0000000704a00000|  0%| F|  |TAMS 0x0000000704900000, 0x0000000704900000| Untracked 
|  42|0x0000000704a00000, 0x0000000704a00000, 0x0000000704b00000|  0%| F|  |TAMS 0x0000000704a00000, 0x0000000704a00000| Untracked 
|  43|0x0000000704b00000, 0x0000000704b00000, 0x0000000704c00000|  0%| F|  |TAMS 0x0000000704b00000, 0x0000000704b00000| Untracked 
|  44|0x0000000704c00000, 0x0000000704c00000, 0x0000000704d00000|  0%| F|  |TAMS 0x0000000704c00000, 0x0000000704c00000| Untracked 
|  45|0x0000000704d00000, 0x0000000704d00000, 0x0000000704e00000|  0%| F|  |TAMS 0x0000000704d00000, 0x0000000704d00000| Untracked 
|  46|0x0000000704e00000, 0x0000000704e00000, 0x0000000704f00000|  0%| F|  |TAMS 0x0000000704e00000, 0x0000000704e00000| Untracked 
|  47|0x0000000704f00000, 0x0000000704f00000, 0x0000000705000000|  0%| F|  |TAMS 0x0000000704f00000, 0x0000000704f00000| Untracked 
|  48|0x0000000705000000, 0x0000000705000000, 0x0000000705100000|  0%| F|  |TAMS 0x0000000705000000, 0x0000000705000000| Untracked 
|  49|0x0000000705100000, 0x0000000705100000, 0x0000000705200000|  0%| F|  |TAMS 0x0000000705100000, 0x0000000705100000| Untracked 
|  50|0x0000000705200000, 0x0000000705200000, 0x0000000705300000|  0%| F|  |TAMS 0x0000000705200000, 0x0000000705200000| Untracked 
|  51|0x0000000705300000, 0x0000000705300000, 0x0000000705400000|  0%| F|  |TAMS 0x0000000705300000, 0x0000000705300000| Untracked 
|  52|0x0000000705400000, 0x0000000705400000, 0x0000000705500000|  0%| F|  |TAMS 0x0000000705400000, 0x0000000705400000| Untracked 
|  53|0x0000000705500000, 0x0000000705500000, 0x0000000705600000|  0%| F|  |TAMS 0x0000000705500000, 0x0000000705500000| Untracked 
|  54|0x0000000705600000, 0x0000000705600000, 0x0000000705700000|  0%| F|  |TAMS 0x0000000705600000, 0x0000000705600000| Untracked 
|  55|0x0000000705700000, 0x0000000705700000, 0x0000000705800000|  0%| F|  |TAMS 0x0000000705700000, 0x0000000705700000| Untracked 
|  56|0x0000000705800000, 0x0000000705800000, 0x0000000705900000|  0%| F|  |TAMS 0x0000000705800000, 0x0000000705800000| Untracked 
|  57|0x0000000705900000, 0x0000000705900000, 0x0000000705a00000|  0%| F|  |TAMS 0x0000000705900000, 0x0000000705900000| Untracked 
|  58|0x0000000705a00000, 0x0000000705a00000, 0x0000000705b00000|  0%| F|  |TAMS 0x0000000705a00000, 0x0000000705a00000| Untracked 
|  59|0x0000000705b00000, 0x0000000705b00000, 0x0000000705c00000|  0%| F|  |TAMS 0x0000000705b00000, 0x0000000705b00000| Untracked 
|  60|0x0000000705c00000, 0x0000000705c00000, 0x0000000705d00000|  0%| F|  |TAMS 0x0000000705c00000, 0x0000000705c00000| Untracked 
|  61|0x0000000705d00000, 0x0000000705d00000, 0x0000000705e00000|  0%| F|  |TAMS 0x0000000705d00000, 0x0000000705d00000| Untracked 
|  62|0x0000000705e00000, 0x0000000705e00000, 0x0000000705f00000|  0%| F|  |TAMS 0x0000000705e00000, 0x0000000705e00000| Untracked 
|  63|0x0000000705f00000, 0x0000000705f00000, 0x0000000706000000|  0%| F|  |TAMS 0x0000000705f00000, 0x0000000705f00000| Untracked 
|  64|0x0000000706000000, 0x0000000706000000, 0x0000000706100000|  0%| F|  |TAMS 0x0000000706000000, 0x0000000706000000| Untracked 
|  65|0x0000000706100000, 0x0000000706100000, 0x0000000706200000|  0%| F|  |TAMS 0x0000000706100000, 0x0000000706100000| Untracked 
|  66|0x0000000706200000, 0x0000000706200000, 0x0000000706300000|  0%| F|  |TAMS 0x0000000706200000, 0x0000000706200000| Untracked 
|  67|0x0000000706300000, 0x0000000706300000, 0x0000000706400000|  0%| F|  |TAMS 0x0000000706300000, 0x0000000706300000| Untracked 
|  68|0x0000000706400000, 0x0000000706400000, 0x0000000706500000|  0%| F|  |TAMS 0x0000000706400000, 0x0000000706400000| Untracked 
|  69|0x0000000706500000, 0x0000000706500000, 0x0000000706600000|  0%| F|  |TAMS 0x0000000706500000, 0x0000000706500000| Untracked 
|  70|0x0000000706600000, 0x0000000706600000, 0x0000000706700000|  0%| F|  |TAMS 0x0000000706600000, 0x0000000706600000| Untracked 
|  71|0x0000000706700000, 0x0000000706700000, 0x0000000706800000|  0%| F|  |TAMS 0x0000000706700000, 0x0000000706700000| Untracked 
|  72|0x0000000706800000, 0x0000000706800000, 0x0000000706900000|  0%| F|  |TAMS 0x0000000706800000, 0x0000000706800000| Untracked 
|  73|0x0000000706900000, 0x0000000706900000, 0x0000000706a00000|  0%| F|  |TAMS 0x0000000706900000, 0x0000000706900000| Untracked 
|  74|0x0000000706a00000, 0x0000000706a00000, 0x0000000706b00000|  0%| F|  |TAMS 0x0000000706a00000, 0x0000000706a00000| Untracked 
|  75|0x0000000706b00000, 0x0000000706b00000, 0x0000000706c00000|  0%| F|  |TAMS 0x0000000706b00000, 0x0000000706b00000| Untracked 
|  76|0x0000000706c00000, 0x0000000706c00000, 0x0000000706d00000|  0%| F|  |TAMS 0x0000000706c00000, 0x0000000706c00000| Untracked 
|  77|0x0000000706d00000, 0x0000000706d00000, 0x0000000706e00000|  0%| F|  |TAMS 0x0000000706d00000, 0x0000000706d00000| Untracked 
|  78|0x0000000706e00000, 0x0000000706e00000, 0x0000000706f00000|  0%| F|  |TAMS 0x0000000706e00000, 0x0000000706e00000| Untracked 
|  79|0x0000000706f00000, 0x0000000706f00000, 0x0000000707000000|  0%| F|  |TAMS 0x0000000706f00000, 0x0000000706f00000| Untracked 
|  80|0x0000000707000000, 0x0000000707000000, 0x0000000707100000|  0%| F|  |TAMS 0x0000000707000000, 0x0000000707000000| Untracked 
|  81|0x0000000707100000, 0x0000000707100000, 0x0000000707200000|  0%| F|  |TAMS 0x0000000707100000, 0x0000000707100000| Untracked 
|  82|0x0000000707200000, 0x0000000707200000, 0x0000000707300000|  0%| F|  |TAMS 0x0000000707200000, 0x0000000707200000| Untracked 
|  83|0x0000000707300000, 0x0000000707300000, 0x0000000707400000|  0%| F|  |TAMS 0x0000000707300000, 0x0000000707300000| Untracked 
|  84|0x0000000707400000, 0x0000000707400000, 0x0000000707500000|  0%| F|  |TAMS 0x0000000707400000, 0x0000000707400000| Untracked 
|  85|0x0000000707500000, 0x0000000707500000, 0x0000000707600000|  0%| F|  |TAMS 0x0000000707500000, 0x0000000707500000| Untracked 
|  86|0x0000000707600000, 0x0000000707600000, 0x0000000707700000|  0%| F|  |TAMS 0x0000000707600000, 0x0000000707600000| Untracked 
|  87|0x0000000707700000, 0x0000000707700000, 0x0000000707800000|  0%| F|  |TAMS 0x0000000707700000, 0x0000000707700000| Untracked 
|  88|0x0000000707800000, 0x0000000707800000, 0x0000000707900000|  0%| F|  |TAMS 0x0000000707800000, 0x0000000707800000| Untracked 
|  89|0x0000000707900000, 0x0000000707900000, 0x0000000707a00000|  0%| F|  |TAMS 0x0000000707900000, 0x0000000707900000| Untracked 
|  90|0x0000000707a00000, 0x0000000707a00000, 0x0000000707b00000|  0%| F|  |TAMS 0x0000000707a00000, 0x0000000707a00000| Untracked 
|  91|0x0000000707b00000, 0x0000000707b00000, 0x0000000707c00000|  0%| F|  |TAMS 0x0000000707b00000, 0x0000000707b00000| Untracked 
|  92|0x0000000707c00000, 0x0000000707c00000, 0x0000000707d00000|  0%| F|  |TAMS 0x0000000707c00000, 0x0000000707c00000| Untracked 
|  93|0x0000000707d00000, 0x0000000707d00000, 0x0000000707e00000|  0%| F|  |TAMS 0x0000000707d00000, 0x0000000707d00000| Untracked 
|  94|0x0000000707e00000, 0x0000000707e00000, 0x0000000707f00000|  0%| F|  |TAMS 0x0000000707e00000, 0x0000000707e00000| Untracked 
|  95|0x0000000707f00000, 0x0000000707f00000, 0x0000000708000000|  0%| F|  |TAMS 0x0000000707f00000, 0x0000000707f00000| Untracked 
|  96|0x0000000708000000, 0x0000000708000000, 0x0000000708100000|  0%| F|  |TAMS 0x0000000708000000, 0x0000000708000000| Untracked 
|  97|0x0000000708100000, 0x0000000708100000, 0x0000000708200000|  0%| F|  |TAMS 0x0000000708100000, 0x0000000708100000| Untracked 
|  98|0x0000000708200000, 0x0000000708200000, 0x0000000708300000|  0%| F|  |TAMS 0x0000000708200000, 0x0000000708200000| Untracked 
|  99|0x0000000708300000, 0x0000000708300000, 0x0000000708400000|  0%| F|  |TAMS 0x0000000708300000, 0x0000000708300000| Untracked 
| 100|0x0000000708400000, 0x0000000708400000, 0x0000000708500000|  0%| F|  |TAMS 0x0000000708400000, 0x0000000708400000| Untracked 
| 101|0x0000000708500000, 0x0000000708500000, 0x0000000708600000|  0%| F|  |TAMS 0x0000000708500000, 0x0000000708500000| Untracked 
| 102|0x0000000708600000, 0x0000000708600000, 0x0000000708700000|  0%| F|  |TAMS 0x0000000708600000, 0x0000000708600000| Untracked 
| 103|0x0000000708700000, 0x0000000708700000, 0x0000000708800000|  0%| F|  |TAMS 0x0000000708700000, 0x0000000708700000| Untracked 
| 104|0x0000000708800000, 0x0000000708800000, 0x0000000708900000|  0%| F|  |TAMS 0x0000000708800000, 0x0000000708800000| Untracked 
| 105|0x0000000708900000, 0x0000000708900000, 0x0000000708a00000|  0%| F|  |TAMS 0x0000000708900000, 0x0000000708900000| Untracked 
| 106|0x0000000708a00000, 0x0000000708a00000, 0x0000000708b00000|  0%| F|  |TAMS 0x0000000708a00000, 0x0000000708a00000| Untracked 
| 107|0x0000000708b00000, 0x0000000708b00000, 0x0000000708c00000|  0%| F|  |TAMS 0x0000000708b00000, 0x0000000708b00000| Untracked 
| 108|0x0000000708c00000, 0x0000000708c00000, 0x0000000708d00000|  0%| F|  |TAMS 0x0000000708c00000, 0x0000000708c00000| Untracked 
| 109|0x0000000708d00000, 0x0000000708d00000, 0x0000000708e00000|  0%| F|  |TAMS 0x0000000708d00000, 0x0000000708d00000| Untracked 
| 110|0x0000000708e00000, 0x0000000708e00000, 0x0000000708f00000|  0%| F|  |TAMS 0x0000000708e00000, 0x0000000708e00000| Untracked 
| 111|0x0000000708f00000, 0x0000000708f00000, 0x0000000709000000|  0%| F|  |TAMS 0x0000000708f00000, 0x0000000708f00000| Untracked 
| 112|0x0000000709000000, 0x0000000709000000, 0x0000000709100000|  0%| F|  |TAMS 0x0000000709000000, 0x0000000709000000| Untracked 
| 113|0x0000000709100000, 0x0000000709100000, 0x0000000709200000|  0%| F|  |TAMS 0x0000000709100000, 0x0000000709100000| Untracked 
| 114|0x0000000709200000, 0x0000000709200000, 0x0000000709300000|  0%| F|  |TAMS 0x0000000709200000, 0x0000000709200000| Untracked 
| 115|0x0000000709300000, 0x0000000709300000, 0x0000000709400000|  0%| F|  |TAMS 0x0000000709300000, 0x0000000709300000| Untracked 
| 116|0x0000000709400000, 0x0000000709400000, 0x0000000709500000|  0%| F|  |TAMS 0x0000000709400000, 0x0000000709400000| Untracked 
| 117|0x0000000709500000, 0x0000000709500000, 0x0000000709600000|  0%| F|  |TAMS 0x0000000709500000, 0x0000000709500000| Untracked 
| 118|0x0000000709600000, 0x0000000709600000, 0x0000000709700000|  0%| F|  |TAMS 0x0000000709600000, 0x0000000709600000| Untracked 
| 119|0x0000000709700000, 0x0000000709700000, 0x0000000709800000|  0%| F|  |TAMS 0x0000000709700000, 0x0000000709700000| Untracked 
| 120|0x0000000709800000, 0x0000000709800000, 0x0000000709900000|  0%| F|  |TAMS 0x0000000709800000, 0x0000000709800000| Untracked 
| 121|0x0000000709900000, 0x0000000709900000, 0x0000000709a00000|  0%| F|  |TAMS 0x0000000709900000, 0x0000000709900000| Untracked 
| 122|0x0000000709a00000, 0x0000000709a00000, 0x0000000709b00000|  0%| F|  |TAMS 0x0000000709a00000, 0x0000000709a00000| Untracked 
| 123|0x0000000709b00000, 0x0000000709b00000, 0x0000000709c00000|  0%| F|  |TAMS 0x0000000709b00000, 0x0000000709b00000| Untracked 
| 124|0x0000000709c00000, 0x0000000709c00000, 0x0000000709d00000|  0%| F|  |TAMS 0x0000000709c00000, 0x0000000709c00000| Untracked 
| 125|0x0000000709d00000, 0x0000000709d00000, 0x0000000709e00000|  0%| F|  |TAMS 0x0000000709d00000, 0x0000000709d00000| Untracked 
| 126|0x0000000709e00000, 0x0000000709e00000, 0x0000000709f00000|  0%| F|  |TAMS 0x0000000709e00000, 0x0000000709e00000| Untracked 
| 127|0x0000000709f00000, 0x0000000709f00000, 0x000000070a000000|  0%| F|  |TAMS 0x0000000709f00000, 0x0000000709f00000| Untracked 
| 128|0x000000070a000000, 0x000000070a000000, 0x000000070a100000|  0%| F|  |TAMS 0x000000070a000000, 0x000000070a000000| Untracked 
| 129|0x000000070a100000, 0x000000070a100000, 0x000000070a200000|  0%| F|  |TAMS 0x000000070a100000, 0x000000070a100000| Untracked 
| 130|0x000000070a200000, 0x000000070a200000, 0x000000070a300000|  0%| F|  |TAMS 0x000000070a200000, 0x000000070a200000| Untracked 
| 131|0x000000070a300000, 0x000000070a300000, 0x000000070a400000|  0%| F|  |TAMS 0x000000070a300000, 0x000000070a300000| Untracked 
| 132|0x000000070a400000, 0x000000070a400000, 0x000000070a500000|  0%| F|  |TAMS 0x000000070a400000, 0x000000070a400000| Untracked 
| 133|0x000000070a500000, 0x000000070a500000, 0x000000070a600000|  0%| F|  |TAMS 0x000000070a500000, 0x000000070a500000| Untracked 
| 134|0x000000070a600000, 0x000000070a600000, 0x000000070a700000|  0%| F|  |TAMS 0x000000070a600000, 0x000000070a600000| Untracked 
| 135|0x000000070a700000, 0x000000070a700000, 0x000000070a800000|  0%| F|  |TAMS 0x000000070a700000, 0x000000070a700000| Untracked 
| 136|0x000000070a800000, 0x000000070a800000, 0x000000070a900000|  0%| F|  |TAMS 0x000000070a800000, 0x000000070a800000| Untracked 
| 137|0x000000070a900000, 0x000000070a900000, 0x000000070aa00000|  0%| F|  |TAMS 0x000000070a900000, 0x000000070a900000| Untracked 
| 138|0x000000070aa00000, 0x000000070aa00000, 0x000000070ab00000|  0%| F|  |TAMS 0x000000070aa00000, 0x000000070aa00000| Untracked 
| 139|0x000000070ab00000, 0x000000070ab00000, 0x000000070ac00000|  0%| F|  |TAMS 0x000000070ab00000, 0x000000070ab00000| Untracked 
| 140|0x000000070ac00000, 0x000000070ac00000, 0x000000070ad00000|  0%| F|  |TAMS 0x000000070ac00000, 0x000000070ac00000| Untracked 
| 141|0x000000070ad00000, 0x000000070ad00000, 0x000000070ae00000|  0%| F|  |TAMS 0x000000070ad00000, 0x000000070ad00000| Untracked 
| 142|0x000000070ae00000, 0x000000070ae00000, 0x000000070af00000|  0%| F|  |TAMS 0x000000070ae00000, 0x000000070ae00000| Untracked 
| 143|0x000000070af00000, 0x000000070af00000, 0x000000070b000000|  0%| F|  |TAMS 0x000000070af00000, 0x000000070af00000| Untracked 
| 144|0x000000070b000000, 0x000000070b000000, 0x000000070b100000|  0%| F|  |TAMS 0x000000070b000000, 0x000000070b000000| Untracked 
| 145|0x000000070b100000, 0x000000070b100000, 0x000000070b200000|  0%| F|  |TAMS 0x000000070b100000, 0x000000070b100000| Untracked 
| 146|0x000000070b200000, 0x000000070b200000, 0x000000070b300000|  0%| F|  |TAMS 0x000000070b200000, 0x000000070b200000| Untracked 
| 147|0x000000070b300000, 0x000000070b300000, 0x000000070b400000|  0%| F|  |TAMS 0x000000070b300000, 0x000000070b300000| Untracked 
| 148|0x000000070b400000, 0x000000070b400000, 0x000000070b500000|  0%| F|  |TAMS 0x000000070b400000, 0x000000070b400000| Untracked 
| 149|0x000000070b500000, 0x000000070b500000, 0x000000070b600000|  0%| F|  |TAMS 0x000000070b500000, 0x000000070b500000| Untracked 
| 150|0x000000070b600000, 0x000000070b600000, 0x000000070b700000|  0%| F|  |TAMS 0x000000070b600000, 0x000000070b600000| Untracked 
| 151|0x000000070b700000, 0x000000070b700000, 0x000000070b800000|  0%| F|  |TAMS 0x000000070b700000, 0x000000070b700000| Untracked 
| 152|0x000000070b800000, 0x000000070b800000, 0x000000070b900000|  0%| F|  |TAMS 0x000000070b800000, 0x000000070b800000| Untracked 
| 153|0x000000070b900000, 0x000000070b900000, 0x000000070ba00000|  0%| F|  |TAMS 0x000000070b900000, 0x000000070b900000| Untracked 
| 154|0x000000070ba00000, 0x000000070ba00000, 0x000000070bb00000|  0%| F|  |TAMS 0x000000070ba00000, 0x000000070ba00000| Untracked 
| 155|0x000000070bb00000, 0x000000070bb00000, 0x000000070bc00000|  0%| F|  |TAMS 0x000000070bb00000, 0x000000070bb00000| Untracked 
| 156|0x000000070bc00000, 0x000000070bc00000, 0x000000070bd00000|  0%| F|  |TAMS 0x000000070bc00000, 0x000000070bc00000| Untracked 
| 157|0x000000070bd00000, 0x000000070bd00000, 0x000000070be00000|  0%| F|  |TAMS 0x000000070bd00000, 0x000000070bd00000| Untracked 
| 158|0x000000070be00000, 0x000000070be00000, 0x000000070bf00000|  0%| F|  |TAMS 0x000000070be00000, 0x000000070be00000| Untracked 
| 159|0x000000070bf00000, 0x000000070bf00000, 0x000000070c000000|  0%| F|  |TAMS 0x000000070bf00000, 0x000000070bf00000| Untracked 
| 160|0x000000070c000000, 0x000000070c000000, 0x000000070c100000|  0%| F|  |TAMS 0x000000070c000000, 0x000000070c000000| Untracked 
| 161|0x000000070c100000, 0x000000070c100000, 0x000000070c200000|  0%| F|  |TAMS 0x000000070c100000, 0x000000070c100000| Untracked 
| 162|0x000000070c200000, 0x000000070c200000, 0x000000070c300000|  0%| F|  |TAMS 0x000000070c200000, 0x000000070c200000| Untracked 
| 163|0x000000070c300000, 0x000000070c300000, 0x000000070c400000|  0%| F|  |TAMS 0x000000070c300000, 0x000000070c300000| Untracked 
| 164|0x000000070c400000, 0x000000070c400000, 0x000000070c500000|  0%| F|  |TAMS 0x000000070c400000, 0x000000070c400000| Untracked 
| 165|0x000000070c500000, 0x000000070c500000, 0x000000070c600000|  0%| F|  |TAMS 0x000000070c500000, 0x000000070c500000| Untracked 
| 166|0x000000070c600000, 0x000000070c600000, 0x000000070c700000|  0%| F|  |TAMS 0x000000070c600000, 0x000000070c600000| Untracked 
| 167|0x000000070c700000, 0x000000070c700000, 0x000000070c800000|  0%| F|  |TAMS 0x000000070c700000, 0x000000070c700000| Untracked 
| 168|0x000000070c800000, 0x000000070c800000, 0x000000070c900000|  0%| F|  |TAMS 0x000000070c800000, 0x000000070c800000| Untracked 
| 169|0x000000070c900000, 0x000000070c900000, 0x000000070ca00000|  0%| F|  |TAMS 0x000000070c900000, 0x000000070c900000| Untracked 
| 170|0x000000070ca00000, 0x000000070ca00000, 0x000000070cb00000|  0%| F|  |TAMS 0x000000070ca00000, 0x000000070ca00000| Untracked 
| 171|0x000000070cb00000, 0x000000070cb00000, 0x000000070cc00000|  0%| F|  |TAMS 0x000000070cb00000, 0x000000070cb00000| Untracked 
| 172|0x000000070cc00000, 0x000000070cc00000, 0x000000070cd00000|  0%| F|  |TAMS 0x000000070cc00000, 0x000000070cc00000| Untracked 
| 173|0x000000070cd00000, 0x000000070cd00000, 0x000000070ce00000|  0%| F|  |TAMS 0x000000070cd00000, 0x000000070cd00000| Untracked 
| 174|0x000000070ce00000, 0x000000070ce00000, 0x000000070cf00000|  0%| F|  |TAMS 0x000000070ce00000, 0x000000070ce00000| Untracked 
| 175|0x000000070cf00000, 0x000000070cf00000, 0x000000070d000000|  0%| F|  |TAMS 0x000000070cf00000, 0x000000070cf00000| Untracked 
| 176|0x000000070d000000, 0x000000070d000000, 0x000000070d100000|  0%| F|  |TAMS 0x000000070d000000, 0x000000070d000000| Untracked 
| 177|0x000000070d100000, 0x000000070d100000, 0x000000070d200000|  0%| F|  |TAMS 0x000000070d100000, 0x000000070d100000| Untracked 
| 178|0x000000070d200000, 0x000000070d200000, 0x000000070d300000|  0%| F|  |TAMS 0x000000070d200000, 0x000000070d200000| Untracked 
| 179|0x000000070d300000, 0x000000070d300000, 0x000000070d400000|  0%| F|  |TAMS 0x000000070d300000, 0x000000070d300000| Untracked 
| 180|0x000000070d400000, 0x000000070d400000, 0x000000070d500000|  0%| F|  |TAMS 0x000000070d400000, 0x000000070d400000| Untracked 
| 181|0x000000070d500000, 0x000000070d500000, 0x000000070d600000|  0%| F|  |TAMS 0x000000070d500000, 0x000000070d500000| Untracked 
| 182|0x000000070d600000, 0x000000070d600000, 0x000000070d700000|  0%| F|  |TAMS 0x000000070d600000, 0x000000070d600000| Untracked 
| 183|0x000000070d700000, 0x000000070d700000, 0x000000070d800000|  0%| F|  |TAMS 0x000000070d700000, 0x000000070d700000| Untracked 
| 184|0x000000070d800000, 0x000000070d800000, 0x000000070d900000|  0%| F|  |TAMS 0x000000070d800000, 0x000000070d800000| Untracked 
| 185|0x000000070d900000, 0x000000070d900000, 0x000000070da00000|  0%| F|  |TAMS 0x000000070d900000, 0x000000070d900000| Untracked 
| 186|0x000000070da00000, 0x000000070da00000, 0x000000070db00000|  0%| F|  |TAMS 0x000000070da00000, 0x000000070da00000| Untracked 
| 187|0x000000070db00000, 0x000000070db00000, 0x000000070dc00000|  0%| F|  |TAMS 0x000000070db00000, 0x000000070db00000| Untracked 
| 188|0x000000070dc00000, 0x000000070dc00000, 0x000000070dd00000|  0%| F|  |TAMS 0x000000070dc00000, 0x000000070dc00000| Untracked 
| 189|0x000000070dd00000, 0x000000070dd00000, 0x000000070de00000|  0%| F|  |TAMS 0x000000070dd00000, 0x000000070dd00000| Untracked 
| 190|0x000000070de00000, 0x000000070de00000, 0x000000070df00000|  0%| F|  |TAMS 0x000000070de00000, 0x000000070de00000| Untracked 
| 191|0x000000070df00000, 0x000000070df00000, 0x000000070e000000|  0%| F|  |TAMS 0x000000070df00000, 0x000000070df00000| Untracked 
| 192|0x000000070e000000, 0x000000070e000000, 0x000000070e100000|  0%| F|  |TAMS 0x000000070e000000, 0x000000070e000000| Untracked 
| 193|0x000000070e100000, 0x000000070e100000, 0x000000070e200000|  0%| F|  |TAMS 0x000000070e100000, 0x000000070e100000| Untracked 
| 194|0x000000070e200000, 0x000000070e200000, 0x000000070e300000|  0%| F|  |TAMS 0x000000070e200000, 0x000000070e200000| Untracked 
| 195|0x000000070e300000, 0x000000070e300000, 0x000000070e400000|  0%| F|  |TAMS 0x000000070e300000, 0x000000070e300000| Untracked 
| 196|0x000000070e400000, 0x000000070e400000, 0x000000070e500000|  0%| F|  |TAMS 0x000000070e400000, 0x000000070e400000| Untracked 
| 197|0x000000070e500000, 0x000000070e500000, 0x000000070e600000|  0%| F|  |TAMS 0x000000070e500000, 0x000000070e500000| Untracked 
| 198|0x000000070e600000, 0x000000070e600000, 0x000000070e700000|  0%| F|  |TAMS 0x000000070e600000, 0x000000070e600000| Untracked 
| 199|0x000000070e700000, 0x000000070e700000, 0x000000070e800000|  0%| F|  |TAMS 0x000000070e700000, 0x000000070e700000| Untracked 
| 200|0x000000070e800000, 0x000000070e800000, 0x000000070e900000|  0%| F|  |TAMS 0x000000070e800000, 0x000000070e800000| Untracked 
| 201|0x000000070e900000, 0x000000070e900000, 0x000000070ea00000|  0%| F|  |TAMS 0x000000070e900000, 0x000000070e900000| Untracked 
| 202|0x000000070ea00000, 0x000000070ea00000, 0x000000070eb00000|  0%| F|  |TAMS 0x000000070ea00000, 0x000000070ea00000| Untracked 
| 203|0x000000070eb00000, 0x000000070eb00000, 0x000000070ec00000|  0%| F|  |TAMS 0x000000070eb00000, 0x000000070eb00000| Untracked 
| 204|0x000000070ec00000, 0x000000070ec00000, 0x000000070ed00000|  0%| F|  |TAMS 0x000000070ec00000, 0x000000070ec00000| Untracked 
| 205|0x000000070ed00000, 0x000000070ed00000, 0x000000070ee00000|  0%| F|  |TAMS 0x000000070ed00000, 0x000000070ed00000| Untracked 
| 206|0x000000070ee00000, 0x000000070ee00000, 0x000000070ef00000|  0%| F|  |TAMS 0x000000070ee00000, 0x000000070ee00000| Untracked 
| 207|0x000000070ef00000, 0x000000070ef00000, 0x000000070f000000|  0%| F|  |TAMS 0x000000070ef00000, 0x000000070ef00000| Untracked 
| 208|0x000000070f000000, 0x000000070f000000, 0x000000070f100000|  0%| F|  |TAMS 0x000000070f000000, 0x000000070f000000| Untracked 
| 209|0x000000070f100000, 0x000000070f100000, 0x000000070f200000|  0%| F|  |TAMS 0x000000070f100000, 0x000000070f100000| Untracked 
| 210|0x000000070f200000, 0x000000070f200000, 0x000000070f300000|  0%| F|  |TAMS 0x000000070f200000, 0x000000070f200000| Untracked 
| 211|0x000000070f300000, 0x000000070f300000, 0x000000070f400000|  0%| F|  |TAMS 0x000000070f300000, 0x000000070f300000| Untracked 
| 212|0x000000070f400000, 0x000000070f400000, 0x000000070f500000|  0%| F|  |TAMS 0x000000070f400000, 0x000000070f400000| Untracked 
| 213|0x000000070f500000, 0x000000070f500000, 0x000000070f600000|  0%| F|  |TAMS 0x000000070f500000, 0x000000070f500000| Untracked 
| 214|0x000000070f600000, 0x000000070f600000, 0x000000070f700000|  0%| F|  |TAMS 0x000000070f600000, 0x000000070f600000| Untracked 
| 215|0x000000070f700000, 0x000000070f700000, 0x000000070f800000|  0%| F|  |TAMS 0x000000070f700000, 0x000000070f700000| Untracked 
| 216|0x000000070f800000, 0x000000070f800000, 0x000000070f900000|  0%| F|  |TAMS 0x000000070f800000, 0x000000070f800000| Untracked 
| 217|0x000000070f900000, 0x000000070f900000, 0x000000070fa00000|  0%| F|  |TAMS 0x000000070f900000, 0x000000070f900000| Untracked 
| 218|0x000000070fa00000, 0x000000070fa00000, 0x000000070fb00000|  0%| F|  |TAMS 0x000000070fa00000, 0x000000070fa00000| Untracked 
| 219|0x000000070fb00000, 0x000000070fb00000, 0x000000070fc00000|  0%| F|  |TAMS 0x000000070fb00000, 0x000000070fb00000| Untracked 
| 220|0x000000070fc00000, 0x000000070fc00000, 0x000000070fd00000|  0%| F|  |TAMS 0x000000070fc00000, 0x000000070fc00000| Untracked 
| 221|0x000000070fd00000, 0x000000070fd00000, 0x000000070fe00000|  0%| F|  |TAMS 0x000000070fd00000, 0x000000070fd00000| Untracked 
| 222|0x000000070fe00000, 0x000000070fe00000, 0x000000070ff00000|  0%| F|  |TAMS 0x000000070fe00000, 0x000000070fe00000| Untracked 
| 223|0x000000070ff00000, 0x000000070ff00000, 0x0000000710000000|  0%| F|  |TAMS 0x000000070ff00000, 0x000000070ff00000| Untracked 
| 224|0x0000000710000000, 0x0000000710000000, 0x0000000710100000|  0%| F|  |TAMS 0x0000000710000000, 0x0000000710000000| Untracked 
| 225|0x0000000710100000, 0x0000000710100000, 0x0000000710200000|  0%| F|  |TAMS 0x0000000710100000, 0x0000000710100000| Untracked 
| 226|0x0000000710200000, 0x0000000710200000, 0x0000000710300000|  0%| F|  |TAMS 0x0000000710200000, 0x0000000710200000| Untracked 
| 227|0x0000000710300000, 0x0000000710300000, 0x0000000710400000|  0%| F|  |TAMS 0x0000000710300000, 0x0000000710300000| Untracked 
| 228|0x0000000710400000, 0x0000000710400000, 0x0000000710500000|  0%| F|  |TAMS 0x0000000710400000, 0x0000000710400000| Untracked 
| 229|0x0000000710500000, 0x0000000710500000, 0x0000000710600000|  0%| F|  |TAMS 0x0000000710500000, 0x0000000710500000| Untracked 
| 230|0x0000000710600000, 0x0000000710600000, 0x0000000710700000|  0%| F|  |TAMS 0x0000000710600000, 0x0000000710600000| Untracked 
| 231|0x0000000710700000, 0x0000000710700000, 0x0000000710800000|  0%| F|  |TAMS 0x0000000710700000, 0x0000000710700000| Untracked 
| 232|0x0000000710800000, 0x0000000710800000, 0x0000000710900000|  0%| F|  |TAMS 0x0000000710800000, 0x0000000710800000| Untracked 
| 233|0x0000000710900000, 0x0000000710900000, 0x0000000710a00000|  0%| F|  |TAMS 0x0000000710900000, 0x0000000710900000| Untracked 
| 234|0x0000000710a00000, 0x0000000710a00000, 0x0000000710b00000|  0%| F|  |TAMS 0x0000000710a00000, 0x0000000710a00000| Untracked 
| 235|0x0000000710b00000, 0x0000000710b00000, 0x0000000710c00000|  0%| F|  |TAMS 0x0000000710b00000, 0x0000000710b00000| Untracked 
| 236|0x0000000710c00000, 0x0000000710c83370, 0x0000000710d00000| 51%| S|CS|TAMS 0x0000000710c00000, 0x0000000710c00000| Complete 
| 237|0x0000000710d00000, 0x0000000710e00000, 0x0000000710e00000|100%| S|CS|TAMS 0x0000000710d00000, 0x0000000710d00000| Complete 
| 238|0x0000000710e00000, 0x0000000710f00000, 0x0000000710f00000|100%| S|CS|TAMS 0x0000000710e00000, 0x0000000710e00000| Complete 
| 239|0x0000000710f00000, 0x0000000711000000, 0x0000000711000000|100%| S|CS|TAMS 0x0000000710f00000, 0x0000000710f00000| Complete 
| 240|0x0000000711000000, 0x0000000711100000, 0x0000000711100000|100%| S|CS|TAMS 0x0000000711000000, 0x0000000711000000| Complete 
| 241|0x0000000711100000, 0x0000000711100000, 0x0000000711200000|  0%| F|  |TAMS 0x0000000711100000, 0x0000000711100000| Untracked 
| 242|0x0000000711200000, 0x0000000711200000, 0x0000000711300000|  0%| F|  |TAMS 0x0000000711200000, 0x0000000711200000| Untracked 
| 243|0x0000000711300000, 0x0000000711300000, 0x0000000711400000|  0%| F|  |TAMS 0x0000000711300000, 0x0000000711300000| Untracked 
| 244|0x0000000711400000, 0x0000000711400000, 0x0000000711500000|  0%| F|  |TAMS 0x0000000711400000, 0x0000000711400000| Untracked 
| 245|0x0000000711500000, 0x0000000711500000, 0x0000000711600000|  0%| F|  |TAMS 0x0000000711500000, 0x0000000711500000| Untracked 
| 246|0x0000000711600000, 0x0000000711600000, 0x0000000711700000|  0%| F|  |TAMS 0x0000000711600000, 0x0000000711600000| Untracked 
| 247|0x0000000711700000, 0x0000000711700000, 0x0000000711800000|  0%| F|  |TAMS 0x0000000711700000, 0x0000000711700000| Untracked 
| 248|0x0000000711800000, 0x0000000711800000, 0x0000000711900000|  0%| F|  |TAMS 0x0000000711800000, 0x0000000711800000| Untracked 
| 249|0x0000000711900000, 0x0000000711900000, 0x0000000711a00000|  0%| F|  |TAMS 0x0000000711900000, 0x0000000711900000| Untracked 
| 250|0x0000000711a00000, 0x0000000711a00000, 0x0000000711b00000|  0%| F|  |TAMS 0x0000000711a00000, 0x0000000711a00000| Untracked 
| 251|0x0000000711b00000, 0x0000000711b00000, 0x0000000711c00000|  0%| F|  |TAMS 0x0000000711b00000, 0x0000000711b00000| Untracked 
| 252|0x0000000711c00000, 0x0000000711c00000, 0x0000000711d00000|  0%| F|  |TAMS 0x0000000711c00000, 0x0000000711c00000| Untracked 
| 253|0x0000000711d00000, 0x0000000711d00000, 0x0000000711e00000|  0%| F|  |TAMS 0x0000000711d00000, 0x0000000711d00000| Untracked 

Card table byte_map: [0x00000229f3ac0000,0x00000229f42b0000] _byte_map_base: 0x00000229f02b0000

Marking Bits (Prev, Next): (CMBitMap*) 0x00000229db6735e0, (CMBitMap*) 0x00000229db6735a8
 Prev Bits: [0x00000229f8a20000, 0x00000229fc9a0000)
 Next Bits: [0x00000229f4aa0000, 0x00000229f8a20000)

Polling page: 0x00000229d9480000

Metaspace:

Usage:
  Non-class:     25.93 MB capacity,    25.34 MB ( 98%) used,   504.57 KB (  2%) free+waste,    97.12 KB ( <1%) overhead. 
      Class:      3.86 MB capacity,     3.56 MB ( 92%) used,   263.92 KB (  7%) free+waste,    47.88 KB (  1%) overhead. 
       Both:     29.79 MB capacity,    28.90 MB ( 97%) used,   768.49 KB (  3%) free+waste,   145.00 KB ( <1%) overhead. 

Virtual space:
  Non-class space:       32.00 MB reserved,      26.00 MB ( 81%) committed 
      Class space:        1.00 GB reserved,       3.88 MB ( <1%) committed 
             Both:        1.03 GB reserved,      29.88 MB (  3%) committed 

Chunk freelists:
   Non-Class:  10.00 KB
       Class:  13.00 KB
        Both:  23.00 KB

MaxMetaspaceSize: 17179869184.00 GB
CompressedClassSpaceSize: 1.00 GB
Initial GC threshold: 20.80 MB
Current GC threshold: 49.70 MB
CDS: off

CodeHeap 'non-profiled nmethods': size=238336Kb used=5343Kb max_used=5343Kb free=232992Kb
 bounds [0x00000229e44c0000, 0x00000229e4a00000, 0x00000229f2d80000]
CodeHeap 'non-nmethods': size=7424Kb used=1297Kb max_used=1297Kb free=6127Kb
 bounds [0x00000229e3d80000, 0x00000229e3ff0000, 0x00000229e44c0000]
 total_blobs=3662 nmethods=3168 adapters=428
 compilation: enabled
              stopped_count=0, restarted_count=0
 full_count=0

Compilation events (20 events):
Event: 29.146 Thread 0x0000022980114000 3159       1       java.lang.invoke.MemberName::equals (69 bytes)
Event: 29.146 Thread 0x0000022980114000 nmethod 3159 0x00000229e49ef890 code [0x00000229e49efa80, 0x00000229e49efe18]
Event: 29.147 Thread 0x0000022980114000 3161       1       java.lang.invoke.InnerClassLambdaMetafactory::spinInnerClass (521 bytes)
Event: 29.275 Thread 0x0000022980114000 nmethod 3161 0x00000229e49f0010 code [0x00000229e49f03e0, 0x00000229e49f16b8]
Event: 29.275 Thread 0x0000022980114000 3165       1       java.lang.invoke.InnerClassLambdaMetafactory$ForwardingMethodGenerator::convertArgumentTypes (96 bytes)
Event: 29.276 Thread 0x0000022980114000 nmethod 3165 0x00000229e49f2310 code [0x00000229e49f2520, 0x00000229e49f2938]
Event: 29.276 Thread 0x0000022980114000 3162       1       java.lang.invoke.InnerClassLambdaMetafactory::generateConstructor (151 bytes)
Event: 29.277 Thread 0x0000022980114000 nmethod 3162 0x00000229e49f2d10 code [0x00000229e49f2f80, 0x00000229e49f3628]
Event: 29.277 Thread 0x0000022980114000 3164       1       java.lang.invoke.InnerClassLambdaMetafactory$ForwardingMethodGenerator::generate (181 bytes)
Event: 29.277 Thread 0x0000022980114000 nmethod 3164 0x00000229e49f3a90 code [0x00000229e49f3d00, 0x00000229e49f42b8]
Event: 29.277 Thread 0x0000022980114000 3160   !   1       java.lang.invoke.InnerClassLambdaMetafactory::buildCallSite (168 bytes)
Event: 29.279 Thread 0x0000022980114000 nmethod 3160 0x00000229e49f4710 code [0x00000229e49f4ac0, 0x00000229e49f5b08]
Event: 29.279 Thread 0x0000022980114000 3163       1       java.lang.invoke.InnerClassLambdaMetafactory$ForwardingMethodGenerator::<init> (11 bytes)
Event: 29.279 Thread 0x0000022980114000 nmethod 3163 0x00000229e49f6790 code [0x00000229e49f6940, 0x00000229e49f6a88]
Event: 29.279 Thread 0x0000022980114000 3166       1       java.lang.invoke.InnerClassLambdaMetafactory$ForwardingMethodGenerator::invocationOpcode (93 bytes)
Event: 29.280 Thread 0x0000022980114000 nmethod 3166 0x00000229e49f6b10 code [0x00000229e49f6d20, 0x00000229e49f71d8]
Event: 29.280 Thread 0x0000022980114000 3167       1       java.lang.invoke.InnerClassLambdaMetafactory::getReturnOpcode (20 bytes)
Event: 29.280 Thread 0x0000022980114000 nmethod 3167 0x00000229e49f7490 code [0x00000229e49f7640, 0x00000229e49f7728]
Event: 29.280 Thread 0x0000022980114000 3168       1       java.lang.invoke.LambdaMetafactory::metafactory (35 bytes)
Event: 29.280 Thread 0x0000022980114000 nmethod 3168 0x00000229e49f7790 code [0x00000229e49f7960, 0x00000229e49f7b48]

GC Heap History (12 events):
Event: 10.002 GC heap before
{Heap before GC invocations=0 (full 0):
 garbage-first heap   total 260096K, used 23552K [0x0000000702000000, 0x0000000800000000)
  region size 1024K, 24 young (24576K), 0 survivors (0K)
 Metaspace       used 15045K, capacity 15444K, committed 15488K, reserved 1062912K
  class space    used 1509K, capacity 1634K, committed 1664K, reserved 1048576K
}
Event: 10.030 GC heap after
{Heap after GC invocations=1 (full 0):
 garbage-first heap   total 260096K, used 6833K [0x0000000702000000, 0x0000000800000000)
  region size 1024K, 3 young (3072K), 3 survivors (3072K)
 Metaspace       used 15045K, capacity 15444K, committed 15488K, reserved 1062912K
  class space    used 1509K, capacity 1634K, committed 1664K, reserved 1048576K
}
Event: 13.734 GC heap before
{Heap before GC invocations=1 (full 0):
 garbage-first heap   total 260096K, used 66225K [0x0000000702000000, 0x0000000800000000)
  region size 1024K, 62 young (63488K), 3 survivors (3072K)
 Metaspace       used 20601K, capacity 21161K, committed 21248K, reserved 1069056K
  class space    used 2262K, capacity 2486K, committed 2560K, reserved 1048576K
}
Event: 13.746 GC heap after
{Heap after GC invocations=2 (full 0):
 garbage-first heap   total 260096K, used 8757K [0x0000000702000000, 0x0000000800000000)
  region size 1024K, 5 young (5120K), 5 survivors (5120K)
 Metaspace       used 20601K, capacity 21161K, committed 21248K, reserved 1069056K
  class space    used 2262K, capacity 2486K, committed 2560K, reserved 1048576K
}
Event: 14.478 GC heap before
{Heap before GC invocations=3 (full 0):
 garbage-first heap   total 260096K, used 28213K [0x0000000702000000, 0x0000000800000000)
  region size 1024K, 24 young (24576K), 5 survivors (5120K)
 Metaspace       used 22145K, capacity 22772K, committed 23040K, reserved 1069056K
  class space    used 2538K, capacity 2793K, committed 2816K, reserved 1048576K
}
Event: 14.486 GC heap after
{Heap after GC invocations=4 (full 0):
 garbage-first heap   total 260096K, used 10072K [0x0000000702000000, 0x0000000800000000)
  region size 1024K, 2 young (2048K), 2 survivors (2048K)
 Metaspace       used 22145K, capacity 22772K, committed 23040K, reserved 1069056K
  class space    used 2538K, capacity 2793K, committed 2816K, reserved 1048576K
}
Event: 20.012 GC heap before
{Heap before GC invocations=5 (full 0):
 garbage-first heap   total 260096K, used 74584K [0x0000000702000000, 0x0000000800000000)
  region size 1024K, 66 young (67584K), 2 survivors (2048K)
 Metaspace       used 27052K, capacity 27897K, committed 28160K, reserved 1073152K
  class space    used 3227K, capacity 3547K, committed 3584K, reserved 1048576K
}
Event: 20.017 GC heap after
{Heap after GC invocations=6 (full 0):
 garbage-first heap   total 260096K, used 11413K [0x0000000702000000, 0x0000000800000000)
  region size 1024K, 3 young (3072K), 3 survivors (3072K)
 Metaspace       used 27052K, capacity 27897K, committed 28160K, reserved 1073152K
  class space    used 3227K, capacity 3547K, committed 3584K, reserved 1048576K
}
Event: 29.057 GC heap before
{Heap before GC invocations=6 (full 0):
 garbage-first heap   total 260096K, used 57493K [0x0000000702000000, 0x0000000800000000)
  region size 1024K, 50 young (51200K), 3 survivors (3072K)
 Metaspace       used 29105K, capacity 29980K, committed 30080K, reserved 1081344K
  class space    used 3559K, capacity 3905K, committed 3968K, reserved 1048576K
}
Event: 29.068 GC heap after
{Heap after GC invocations=7 (full 0):
 garbage-first heap   total 260096K, used 12813K [0x0000000702000000, 0x0000000800000000)
  region size 1024K, 5 young (5120K), 5 survivors (5120K)
 Metaspace       used 29105K, capacity 29980K, committed 30080K, reserved 1081344K
  class space    used 3559K, capacity 3905K, committed 3968K, reserved 1048576K
}
Event: 29.428 GC heap before
{Heap before GC invocations=8 (full 0):
 garbage-first heap   total 260096K, used 24077K [0x0000000702000000, 0x0000000800000000)
  region size 1024K, 18 young (18432K), 5 survivors (5120K)
 Metaspace       used 29591K, capacity 30505K, committed 30592K, reserved 1081344K
  class space    used 3643K, capacity 3955K, committed 3968K, reserved 1048576K
}
Event: 29.433 GC heap after
{Heap after GC invocations=9 (full 0):
 garbage-first heap   total 260096K, used 13283K [0x0000000702000000, 0x0000000800000000)
  region size 1024K, 5 young (5120K), 5 survivors (5120K)
 Metaspace       used 29591K, capacity 30505K, committed 30592K, reserved 1081344K
  class space    used 3643K, capacity 3955K, committed 3968K, reserved 1048576K
}

Deoptimization events (20 events):
Event: 29.133 Thread 0x00000229818a0000 DEOPT PACKING pc=0x00000229e468c17c sp=0x000000c6bdcfdc00
Event: 29.133 Thread 0x00000229818a0000 DEOPT UNPACKING pc=0x00000229e3dca95e sp=0x000000c6bdcfd0f0 mode 1
Event: 29.136 Thread 0x00000229818a0000 DEOPT PACKING pc=0x00000229e49865d1 sp=0x000000c6bdcfcfd0
Event: 29.136 Thread 0x00000229818a0000 DEOPT UNPACKING pc=0x00000229e3dca95e sp=0x000000c6bdcfc498 mode 1
Event: 29.136 Thread 0x00000229818a0000 DEOPT PACKING pc=0x00000229e4985cdc sp=0x000000c6bdcfd050
Event: 29.136 Thread 0x00000229818a0000 DEOPT UNPACKING pc=0x00000229e3dca95e sp=0x000000c6bdcfc4f8 mode 1
Event: 29.136 Thread 0x00000229818a0000 DEOPT PACKING pc=0x00000229e498492c sp=0x000000c6bdcfd0b0
Event: 29.136 Thread 0x00000229818a0000 DEOPT UNPACKING pc=0x00000229e3dca95e sp=0x000000c6bdcfc600 mode 1
Event: 29.138 Thread 0x00000229818a0000 DEOPT PACKING pc=0x00000229e49865d1 sp=0x000000c6bdcfcd60
Event: 29.138 Thread 0x00000229818a0000 DEOPT UNPACKING pc=0x00000229e3dca95e sp=0x000000c6bdcfc228 mode 1
Event: 29.138 Thread 0x00000229818a0000 DEOPT PACKING pc=0x00000229e4985cdc sp=0x000000c6bdcfcde0
Event: 29.138 Thread 0x00000229818a0000 DEOPT UNPACKING pc=0x00000229e3dca95e sp=0x000000c6bdcfc288 mode 1
Event: 29.138 Thread 0x00000229818a0000 DEOPT PACKING pc=0x00000229e498492c sp=0x000000c6bdcfce40
Event: 29.138 Thread 0x00000229818a0000 DEOPT UNPACKING pc=0x00000229e3dca95e sp=0x000000c6bdcfc390 mode 1
Event: 29.141 Thread 0x00000229818a0000 DEOPT PACKING pc=0x00000229e49865d1 sp=0x000000c6bdcfc870
Event: 29.141 Thread 0x00000229818a0000 DEOPT UNPACKING pc=0x00000229e3dca95e sp=0x000000c6bdcfbd38 mode 1
Event: 29.141 Thread 0x00000229818a0000 DEOPT PACKING pc=0x00000229e4985cdc sp=0x000000c6bdcfc8f0
Event: 29.141 Thread 0x00000229818a0000 DEOPT UNPACKING pc=0x00000229e3dca95e sp=0x000000c6bdcfbd98 mode 1
Event: 29.141 Thread 0x00000229818a0000 DEOPT PACKING pc=0x00000229e498492c sp=0x000000c6bdcfc950
Event: 29.141 Thread 0x00000229818a0000 DEOPT UNPACKING pc=0x00000229e3dca95e sp=0x000000c6bdcfbea0 mode 1

Classes redefined (0 events):
No events

Internal exceptions (20 events):
Event: 18.726 Thread 0x00000229818a0000 Exception <a 'java/lang/ClassNotFoundException'{0x000000070ed16a10}: org/springframework/core/OrderedCustomizer> (0x000000070ed16a10) thrown at [s\src\hotspot\share\classfile\systemDictionary.cpp, line 230]
Event: 18.727 Thread 0x00000229818a0000 Exception <a 'java/lang/ClassNotFoundException'{0x000000070ed2aef0}: org/springframework/context/ResourceLoaderAwareCustomizer> (0x000000070ed2aef0) thrown at [s\src\hotspot\share\classfile\systemDictionary.cpp, line 230]
Event: 18.728 Thread 0x00000229818a0000 Exception <a 'java/lang/ClassNotFoundException'{0x000000070ed3e260}: org/springframework/beans/factory/AwareCustomizer> (0x000000070ed3e260) thrown at [s\src\hotspot\share\classfile\systemDictionary.cpp, line 230]
Event: 18.729 Thread 0x00000229818a0000 Exception <a 'java/lang/ClassNotFoundException'{0x000000070ed525a0}: org/springframework/context/ApplicationStartupAwareCustomizer> (0x000000070ed525a0) thrown at [s\src\hotspot\share\classfile\systemDictionary.cpp, line 230]
Event: 18.730 Thread 0x00000229818a0000 Exception <a 'java/lang/ClassNotFoundException'{0x000000070ed65b88}: org/springframework/beans/factory/AwareCustomizer> (0x000000070ed65b88) thrown at [s\src\hotspot\share\classfile\systemDictionary.cpp, line 230]
Event: 18.731 Thread 0x00000229818a0000 Exception <a 'java/lang/ClassNotFoundException'{0x000000070ed7a3c8}: org/springframework/beans/factory/BeanClassLoaderAwareCustomizer> (0x000000070ed7a3c8) thrown at [s\src\hotspot\share\classfile\systemDictionary.cpp, line 230]
Event: 18.732 Thread 0x00000229818a0000 Exception <a 'java/lang/ClassNotFoundException'{0x000000070ed8d9a8}: org/springframework/beans/factory/AwareCustomizer> (0x000000070ed8d9a8) thrown at [s\src\hotspot\share\classfile\systemDictionary.cpp, line 230]
Event: 18.732 Thread 0x00000229818a0000 Exception <a 'java/lang/ClassNotFoundException'{0x000000070eda0c00}: org/springframework/context/EnvironmentAwareCustomizer> (0x000000070eda0c00) thrown at [s\src\hotspot\share\classfile\systemDictionary.cpp, line 230]
Event: 18.733 Thread 0x00000229818a0000 Exception <a 'java/lang/ClassNotFoundException'{0x000000070edb3f00}: org/springframework/beans/factory/AwareCustomizer> (0x000000070edb3f00) thrown at [s\src\hotspot\share\classfile\systemDictionary.cpp, line 230]
Event: 18.965 Thread 0x0000022981f3c800 Exception <a 'java/lang/reflect/InvocationTargetException'{0x000000070f615970}> (0x000000070f615970) thrown at [s\src\hotspot\share\runtime\reflection.cpp, line 1245]
Event: 19.834 Thread 0x0000022981f3c800 Exception <a 'java/lang/reflect/InvocationTargetException'{0x000000070f619068}> (0x000000070f619068) thrown at [s\src\hotspot\share\runtime\reflection.cpp, line 1245]
Event: 22.879 Thread 0x0000022981f3c800 Exception <a 'java/lang/reflect/InvocationTargetException'{0x0000000710fff720}> (0x0000000710fff720) thrown at [s\src\hotspot\share\runtime\reflection.cpp, line 1245]
Event: 23.532 Thread 0x0000022981f3c800 Exception <a 'java/lang/reflect/InvocationTargetException'{0x0000000710e03740}> (0x0000000710e03740) thrown at [s\src\hotspot\share\runtime\reflection.cpp, line 1245]
Event: 24.887 Thread 0x0000022981f3c800 Exception <a 'java/lang/reflect/InvocationTargetException'{0x0000000710e06e38}> (0x0000000710e06e38) thrown at [s\src\hotspot\share\runtime\reflection.cpp, line 1245]
Event: 25.386 Thread 0x00000229818a0000 Exception <a 'java/lang/IncompatibleClassChangeError'{0x0000000710254480}: Found class java.lang.Object, but interface was expected> (0x0000000710254480) thrown at [s\src\hotspot\share\interpreter\linkResolver.cpp, line 839]
Event: 25.397 Thread 0x0000022981f3c800 Exception <a 'java/lang/reflect/InvocationTargetException'{0x0000000710e0a530}> (0x0000000710e0a530) thrown at [s\src\hotspot\share\runtime\reflection.cpp, line 1245]
Event: 25.958 Thread 0x0000022981f3c800 Exception <a 'java/lang/reflect/InvocationTargetException'{0x0000000710e0dc28}> (0x0000000710e0dc28) thrown at [s\src\hotspot\share\runtime\reflection.cpp, line 1245]
Event: 27.117 Thread 0x0000022981f3c800 Exception <a 'java/lang/reflect/InvocationTargetException'{0x0000000710e11320}> (0x0000000710e11320) thrown at [s\src\hotspot\share\runtime\reflection.cpp, line 1245]
Event: 28.197 Thread 0x0000022981f3c800 Exception <a 'java/lang/reflect/InvocationTargetException'{0x0000000710e14a18}> (0x0000000710e14a18) thrown at [s\src\hotspot\share\runtime\reflection.cpp, line 1245]
Event: 28.873 Thread 0x0000022981f3c800 Exception <a 'java/lang/reflect/InvocationTargetException'{0x0000000710e18110}> (0x0000000710e18110) thrown at [s\src\hotspot\share\runtime\reflection.cpp, line 1245]

Events (20 events):
Event: 29.146 loading class com/zaxxer/hikari/HikariDataSource done
Event: 29.146 loading class org/springframework/boot/jdbc/DataSourceBuilder$Getter
Event: 29.146 loading class org/springframework/boot/jdbc/DataSourceBuilder$Getter done
Event: 29.146 loading class com/zaxxer/hikari/HikariDataSource
Event: 29.146 loading class com/zaxxer/hikari/HikariDataSource done
Event: 29.146 loading class org/springframework/boot/jdbc/DataSourceBuilder$Setter
Event: 29.146 loading class org/springframework/boot/jdbc/DataSourceBuilder$Setter done
Event: 29.147 loading class org/springframework/boot/jdbc/DataSourceBuilder$Getter
Event: 29.147 loading class org/springframework/boot/jdbc/DataSourceBuilder$Getter done
Event: 29.147 loading class org/springframework/boot/jdbc/DataSourceBuilder$Setter
Event: 29.147 loading class org/springframework/boot/jdbc/DataSourceBuilder$Setter done
Event: 29.147 loading class org/springframework/boot/jdbc/DataSourceBuilder$Getter
Event: 29.147 loading class org/springframework/boot/jdbc/DataSourceBuilder$Getter done
Event: 29.147 loading class org/springframework/boot/jdbc/DataSourceBuilder$Setter
Event: 29.147 loading class org/springframework/boot/jdbc/DataSourceBuilder$Setter done
Event: 29.148 loading class org/springframework/boot/jdbc/DataSourceBuilder$Getter
Event: 29.148 loading class org/springframework/boot/jdbc/DataSourceBuilder$Getter done
Event: 29.148 loading class org/springframework/boot/jdbc/DataSourceBuilder$Setter
Event: 29.148 loading class org/springframework/boot/jdbc/DataSourceBuilder$Setter done
Event: 29.428 Executing VM operation: CollectForMetadataAllocation


Dynamic libraries:
0x00007ff6611a0000 - 0x00007ff6611ae000 	C:\Program Files\Java\jdk-11\bin\javaw.exe
0x00007ffad3150000 - 0x00007ffad3348000 	C:\Windows\SYSTEM32\ntdll.dll
0x00007ffad1260000 - 0x00007ffad131f000 	C:\Windows\System32\KERNEL32.DLL
0x00007ffad0830000 - 0x00007ffad0b26000 	C:\Windows\System32\KERNELBASE.dll
0x00007ffad0d80000 - 0x00007ffad0e80000 	C:\Windows\System32\ucrtbase.dll
0x00007ffacdf70000 - 0x00007ffacdf88000 	C:\Program Files\Java\jdk-11\bin\jli.dll
0x00007ffad2180000 - 0x00007ffad231d000 	C:\Windows\System32\USER32.dll
0x00007ffad1020000 - 0x00007ffad1042000 	C:\Windows\System32\win32u.dll
0x00007ffad3090000 - 0x00007ffad30bc000 	C:\Windows\System32\GDI32.dll
0x00007ffad0b30000 - 0x00007ffad0c45000 	C:\Windows\System32\gdi32full.dll
0x00007ffad0ef0000 - 0x00007ffad0f8d000 	C:\Windows\System32\msvcp_win.dll
0x00007ffacdf50000 - 0x00007ffacdf69000 	C:\Program Files\Java\jdk-11\bin\VCRUNTIME140.dll
0x00007ffac2200000 - 0x00007ffac249a000 	C:\Windows\WinSxS\amd64_microsoft.windows.common-controls_6595b64144ccf1df_6.0.19041.1110_none_60b5254171f9507e\COMCTL32.dll
0x00007ffad1900000 - 0x00007ffad199e000 	C:\Windows\System32\msvcrt.dll
0x00007ffad30c0000 - 0x00007ffad30f0000 	C:\Windows\System32\IMM32.DLL
0x00007ffacdea0000 - 0x00007ffacdeac000 	C:\Program Files\Java\jdk-11\bin\vcruntime140_1.dll
0x00007ffaa9e40000 - 0x00007ffaa9ed1000 	C:\Program Files\Java\jdk-11\bin\msvcp140.dll
0x00007ffa6dda0000 - 0x00007ffa6e95c000 	C:\Program Files\Java\jdk-11\bin\server\jvm.dll
0x00007ffad2730000 - 0x00007ffad27df000 	C:\Windows\System32\ADVAPI32.dll
0x00007ffad1860000 - 0x00007ffad18fc000 	C:\Windows\System32\sechost.dll
0x00007ffad2600000 - 0x00007ffad2726000 	C:\Windows\System32\RPCRT4.dll
0x00007ffad1e20000 - 0x00007ffad1e28000 	C:\Windows\System32\PSAPI.DLL
0x00007ffabc7d0000 - 0x00007ffabc7d9000 	C:\Windows\SYSTEM32\WSOCK32.dll
0x00007ffad2450000 - 0x00007ffad24bb000 	C:\Windows\System32\WS2_32.dll
0x00007ffacbe90000 - 0x00007ffacbeb7000 	C:\Windows\SYSTEM32\WINMM.dll
0x00007ffacb570000 - 0x00007ffacb57a000 	C:\Windows\SYSTEM32\VERSION.dll
0x00007fface700000 - 0x00007fface712000 	C:\Windows\SYSTEM32\kernel.appcore.dll
0x00007ffacddd0000 - 0x00007ffacdde0000 	C:\Program Files\Java\jdk-11\bin\verify.dll
0x00007ffabffd0000 - 0x00007ffac01b4000 	C:\Windows\SYSTEM32\DBGHELP.DLL
0x00007ffabbf70000 - 0x00007ffabbfa4000 	C:\Windows\SYSTEM32\dbgcore.DLL
0x00007ffad0f90000 - 0x00007ffad1012000 	C:\Windows\System32\bcryptPrimitives.dll
0x00007ffacdd80000 - 0x00007ffacdda8000 	C:\Program Files\Java\jdk-11\bin\java.dll
0x00007ffac92a0000 - 0x00007ffac92aa000 	C:\Program Files\Java\jdk-11\bin\jimage.dll
0x00007ffac2e00000 - 0x00007ffac2e38000 	C:\Program Files\Java\jdk-11\bin\jdwp.dll
0x00007ffac9290000 - 0x00007ffac929e000 	C:\Program Files\Java\jdk-11\bin\instrument.dll
0x00007ffac3800000 - 0x00007ffac3818000 	C:\Program Files\Java\jdk-11\bin\zip.dll
0x00007ffad2940000 - 0x00007ffad3084000 	C:\Windows\System32\SHELL32.dll
0x00007fface900000 - 0x00007ffacf093000 	C:\Windows\SYSTEM32\windows.storage.dll
0x00007ffad1380000 - 0x00007ffad16d4000 	C:\Windows\System32\combase.dll
0x00007ffad01a0000 - 0x00007ffad01ce000 	C:\Windows\SYSTEM32\Wldp.dll
0x00007ffad24c0000 - 0x00007ffad256d000 	C:\Windows\System32\SHCORE.dll
0x00007ffad16e0000 - 0x00007ffad1735000 	C:\Windows\System32\shlwapi.dll
0x00007ffad0770000 - 0x00007ffad078f000 	C:\Windows\SYSTEM32\profapi.dll
0x00007ffac2c60000 - 0x00007ffac2c6a000 	C:\Program Files\Java\jdk-11\bin\dt_socket.dll
0x00007ffacff00000 - 0x00007ffacff6a000 	C:\Windows\System32\mswsock.dll
0x00007ffacfc30000 - 0x00007ffacfcfa000 	C:\Windows\SYSTEM32\DNSAPI.dll
0x00007ffacfbf0000 - 0x00007ffacfc2c000 	C:\Windows\SYSTEM32\IPHLPAPI.DLL
0x00007ffad2170000 - 0x00007ffad2178000 	C:\Windows\System32\NSI.dll
0x00007ffac45b0000 - 0x00007ffac4632000 	C:\Windows\System32\fwpuclnt.dll
0x00007ffad0c50000 - 0x00007ffad0c77000 	C:\Windows\System32\bcrypt.dll
0x00007ffac3940000 - 0x00007ffac394a000 	C:\Windows\System32\rasadhlp.dll
0x00007ffac37e0000 - 0x00007ffac37f9000 	C:\Program Files\Java\jdk-11\bin\net.dll
0x00007ffac5170000 - 0x00007ffac527a000 	C:\Windows\SYSTEM32\WINHTTP.dll
0x00007ffac3570000 - 0x00007ffac3583000 	C:\Program Files\Java\jdk-11\bin\nio.dll
0x00007ffac2de0000 - 0x00007ffac2de9000 	C:\Program Files\Java\jdk-11\bin\management.dll
0x00007ffac2dd0000 - 0x00007ffac2ddb000 	C:\Program Files\Java\jdk-11\bin\management_ext.dll
0x00007ffaba430000 - 0x00007ffaba447000 	C:\Windows\system32\napinsp.dll
0x00007ffaba410000 - 0x00007ffaba42b000 	C:\Windows\system32\pnrpnsp.dll
0x00007ffaba3f0000 - 0x00007ffaba405000 	C:\Windows\system32\wshbth.dll
0x00007ffacdbb0000 - 0x00007ffacdbcd000 	C:\Windows\system32\NLAapi.dll
0x00007ffaba3d0000 - 0x00007ffaba3e2000 	C:\Windows\System32\winrnr.dll
0x00007ffad0100000 - 0x00007ffad0118000 	C:\Windows\SYSTEM32\CRYPTSP.dll
0x00007ffacf820000 - 0x00007ffacf854000 	C:\Windows\system32\rsaenh.dll
0x00007ffad06f0000 - 0x00007ffad071e000 	C:\Windows\SYSTEM32\USERENV.dll
0x00007ffad00f0000 - 0x00007ffad00fc000 	C:\Windows\SYSTEM32\CRYPTBASE.dll
0x00007ffac5540000 - 0x00007ffac5557000 	C:\Windows\SYSTEM32\dhcpcsvc6.DLL
0x00007ffac5520000 - 0x00007ffac553d000 	C:\Windows\SYSTEM32\dhcpcsvc.DLL

dbghelp: loaded successfully - version: 4.0.5 - missing functions: none
symbol engine: initialized successfully - sym options: 0x614 - pdb path: .;C:\Program Files\Java\jdk-11\bin;C:\Windows\SYSTEM32;C:\Windows\WinSxS\amd64_microsoft.windows.common-controls_6595b64144ccf1df_6.0.19041.1110_none_60b5254171f9507e;C:\Program Files\Java\jdk-11\bin\server

VM Arguments:
jvm_args: -agentlib:jdwp=transport=dt_socket,suspend=y,address=localhost:59215 -Dcom.sun.management.jmxremote -Dcom.sun.management.jmxremote.port=57938 -Dcom.sun.management.jmxremote.authenticate=false -Dcom.sun.management.jmxremote.ssl=false -Djava.rmi.server.hostname=localhost -Dspring.jmx.enabled=true -Dspring.liveBeansView.mbeanDomain -Dspring.application.admin.enabled=true -XX:TieredStopAtLevel=1 -Dspring.boot.project.name=pet-shopping-mall -javaagent:C:\dev\sts-bundle\sts-3.9.17.RELEASE\configuration\org.eclipse.osgi\311\0\.cp\lib\javaagent-shaded.jar -Dfile.encoding=UTF-8 
java_command: com.shop.app.PetShoppingMallApplication --spring.output.ansi.enabled=always
java_class_path (initial): C:\Workspaces\documents\pet-shopping-mall\target\classes;C:\Users\user1\.m2\repository\org\springframework\boot\spring-boot-starter-cache\2.7.14\spring-boot-starter-cache-2.7.14.jar;C:\Users\user1\.m2\repository\org\springframework\boot\spring-boot-starter\2.7.14\spring-boot-starter-2.7.14.jar;C:\Users\user1\.m2\repository\org\springframework\boot\spring-boot-starter-logging\2.7.14\spring-boot-starter-logging-2.7.14.jar;C:\Users\user1\.m2\repository\ch\qos\logback\logback-classic\1.2.12\logback-classic-1.2.12.jar;C:\Users\user1\.m2\repository\ch\qos\logback\logback-core\1.2.12\logback-core-1.2.12.jar;C:\Users\user1\.m2\repository\org\apache\logging\log4j\log4j-to-slf4j\2.17.2\log4j-to-slf4j-2.17.2.jar;C:\Users\user1\.m2\repository\org\apache\logging\log4j\log4j-api\2.17.2\log4j-api-2.17.2.jar;C:\Users\user1\.m2\repository\org\slf4j\jul-to-slf4j\1.7.36\jul-to-slf4j-1.7.36.jar;C:\Users\user1\.m2\repository\jakarta\annotation\jakarta.annotation-api\1.3.5\jakarta.annotation-api-1.3.5.jar;C:\Users\user1\.m2\repository\org\yaml\snakeyaml\1.30\snakeyaml-1.30.jar;C:\Users\user1\.m2\repository\org\springframework\spring-context-support\5.3.29\spring-context-support-5.3.29.jar;C:\Users\user1\.m2\repository\org\springframework\security\spring-security-oauth2-client\5.7.10\spring-security-oauth2-client-5.7.10.jar;C:\Users\user1\.m2\repository\org\springframework\security\spring-security-core\5.7.10\spring-security-core-5.7.10.jar;C:\Users\user1\.m2\repository\org\springframework\security\spring-security-crypto\5.7.10\spring-security-crypto-5.7.10.jar;C:\Users\user1\.m2\repository\org\springframework\security\spring-security-oauth2-core\5.7.10\spring-security-oauth2-core-5.7.10.jar;C:\Users\user1\.m2\repository\org\springframework\security\spring-security-web\5.7.10\spring-security-web-5.7.10.jar;C:\Users\user1\.m2\repository\org\springframework\spring-core\5.3.29\spring-core-5.3.29.jar;C:\Users\user1\.m2\repository\org\springframework\spring-jcl\5.3
Launcher Type: SUN_STANDARD

[Global flags]
     intx CICompilerCount                          = 4                                         {product} {ergonomic}
     uint ConcGCThreads                            = 3                                         {product} {ergonomic}
     uint G1ConcRefinementThreads                  = 10                                        {product} {ergonomic}
   size_t G1HeapRegionSize                         = 1048576                                   {product} {ergonomic}
    uintx GCDrainStackTargetSize                   = 64                                        {product} {ergonomic}
   size_t InitialHeapSize                          = 266338304                                 {product} {ergonomic}
     bool ManagementServer                         = true                                      {product} {command line}
   size_t MarkStackSize                            = 4194304                                   {product} {ergonomic}
   size_t MaxHeapSize                              = 4261412864                                {product} {ergonomic}
   size_t MaxNewSize                               = 2556428288                                {product} {ergonomic}
   size_t MinHeapDeltaBytes                        = 1048576                                   {product} {ergonomic}
    uintx NonNMethodCodeHeapSize                   = 7549744                                {pd product} {ergonomic}
    uintx NonProfiledCodeHeapSize                  = 244108496                              {pd product} {ergonomic}
    uintx ProfiledCodeHeapSize                     = 0                                      {pd product} {ergonomic}
    uintx ReservedCodeCacheSize                    = 251658240                              {pd product} {ergonomic}
     bool SegmentedCodeCache                       = true                                      {product} {ergonomic}
     intx TieredStopAtLevel                        = 1                                         {product} {command line}
     bool UseCompressedClassPointers               = true                                 {lp64_product} {ergonomic}
     bool UseCompressedOops                        = true                                 {lp64_product} {ergonomic}
     bool UseG1GC                                  = true                                      {product} {ergonomic}
     bool UseLargePagesIndividualAllocation        = false                                  {pd product} {ergonomic}

Logging:
Log output configuration:
 #0: stdout all=warning uptime,level,tags
 #1: stderr all=off uptime,level,tags

Environment Variables:
JAVA_HOME=C:\Program Files\Java\jdk-11
PATH=C:\Program Files\Java\jdk-17\bin;C:\app\user1\product\21c\dbhomeXE\bin;C:\Program Files\Common Files\Oracle\Java\javapath;C:\Windows\system32;C:\Windows;C:\Windows\System32\Wbem;C:\Windows\System32\WindowsPowerShell\v1.0\;C:\Windows\System32\OpenSSH\;C:\Program Files\Git\cmd;C:\Program Files\Bandizip\;C:\Program Files\nodejs\;C:\Users\user1\AppData\Local\Microsoft\WindowsApps;C:\Users\user1\AppData\Local\Programs\Microsoft VS Code\bin;C:\Users\user1\AppData\Local\GitHubDesktop\bin;C:\Users\user1\AppData\Roaming\npm
USERNAME=user1
OS=Windows_NT
PROCESSOR_IDENTIFIER=Intel64 Family 6 Model 158 Stepping 10, GenuineIntel
TMP=C:\Users\user1\AppData\Local\Temp
TEMP=C:\Users\user1\AppData\Local\Temp



---------------  S Y S T E M  ---------------

OS: Windows 10 , 64 bit Build 19041 (10.0.19041.3031)
OS uptime: 36 days 9:44 hours

CPU:total 12 (initial active 12) (6 cores per cpu, 2 threads per core) family 6 model 158 stepping 10 microcode 0xb4, cmov, cx8, fxsr, mmx, sse, sse2, sse3, ssse3, sse4.1, sse4.2, popcnt, avx, avx2, aes, clmul, erms, rtm, 3dnowpref, lzcnt, ht, tsc, tscinvbit, bmi1, bmi2, adx, fma

Memory: 4k page, system-wide physical 16251M (451M free)
TotalPageFile size 46971M (AvailPageFile size 106M)
current process WorkingSet (physical memory assigned to process): 162M, peak: 162M
current process commit charge ("private bytes"): 384M, peak: 385M

vm_info: OpenJDK 64-Bit Server VM (11.0.20+8) for windows-amd64 JRE (11.0.20+8), built on Jul 18 2023 17:06:26 by "" with MS VC++ 16.7 (VS2019)

END.
