#
# There is insufficient memory for the Java Runtime Environment to continue.
# Native memory allocation (malloc) failed to allocate 1048576 bytes for AllocateHeap
# Possible reasons:
#   The system is out of physical RAM or swap space
#   The process is running with CompressedOops enabled, and the Java Heap may be blocking the growth of the native heap
# Possible solutions:
#   Reduce memory load on the system
#   Increase physical memory or swap space
#   Check if swap backing store is full
#   Decrease Java heap size (-Xmx/-Xms)
#   Decrease number of Java threads
#

---------------  S U M M A R Y ------------

Command Line: -agentlib:jdwp=transport=dt_socket,suspend=y,address=localhost:58529 -Dcom.sun.management.jmxremote -Dcom.sun.management.jmxremote.port=57940 -Dcom.sun.management.jmxremote.authenticate=false -Dcom.sun.management.jmxremote.ssl=false -Djava.rmi.server.hostname=localhost -Dspring.jmx.enabled=true -Dspring.liveBeansView.mbeanDomain -Dspring.application.admin.enabled=true -XX:TieredStopAtLevel=1 -Dspring.boot.project.name=pet-shopping-mall -javaagent:C:\dev\sts-bundle\sts-3.9.17.RELEASE\configuration\org.eclipse.osgi\311\0\.cp\lib\javaagent-shaded.jar -Dfile.encoding=UTF-8 com.shop.app.PetShoppingMallApplication --spring.output.ansi.enabled=always

Host: Intel(R) Core(TM) i7-8700 CPU @ 3.20GHz, 12 cores, 15G,  Windows 10 , 64 bit Build 19041 (10.0.19041.3031)
Time: Fri Aug 25 18:53:47 2023  Windows 10 , 64 bit Build 19041 (10.0.19041.3031) elapsed time: 42.594968 seconds (0d 0h 0m 42s)

---------------  T H R E A D  ---------------

Current thread (0x0000029a7f807800):  VMThread "VM Thread" [stack: 0x0000009b90f00000,0x0000009b91000000] [id=15864]

Stack: [0x0000009b90f00000,0x0000009b91000000]
[error occurred during error reporting (printing stack bounds), id 0xc0000005, EXCEPTION_ACCESS_VIOLATION (0xc0000005) at pc=0x0000029a0000112d]

Native frames: (J=compiled Java code, j=interpreted, Vv=VM code, C=native code)
V  [jvm.dll+0x64fb8a]
V  [jvm.dll+0x7e3799]
V  [jvm.dll+0x7e4e99]
V  [jvm.dll+0x7e54e5]
V  [jvm.dll+0x7e549b]
V  [jvm.dll+0x64ee95]
V  [jvm.dll+0x64f598]
C  [ntdll.dll+0xa247f]
C  [ntdll.dll+0x514f4]
C  [ntdll.dll+0xa0f8e]
C  0x0000029a0000112d

VM_Operation (0x0000009b925fa7c0): CollectForMetadataAllocation, mode: safepoint, requested by thread 0x0000029a14887000


---------------  P R O C E S S  ---------------

Threads class SMR info:
_java_thread_list=0x0000029a177e5070, length=25, elements={
0x0000029a6c770000, 0x0000029a7f81b800, 0x0000029a7f81d000, 0x0000029a7f931800,
0x0000029a7f933800, 0x0000029a7f934800, 0x0000029a7f938000, 0x0000029a7f966800,
0x0000029a7f7c3000, 0x0000029a7fb2c800, 0x0000029a7fb30800, 0x0000029a7fb31000,
0x0000029a13d77000, 0x0000029a13db3000, 0x0000029a13dc2000, 0x0000029a147f9800,
0x0000029a14887000, 0x0000029a14bfb000, 0x0000029a14bec800, 0x0000029a14c11000,
0x0000029a13e7d000, 0x0000029a16dd3000, 0x0000029a16dd2000, 0x0000029a16dd3800,
0x0000029a16dd4800
}

Java Threads: ( => current thread )
  0x0000029a6c770000 JavaThread "main" [_thread_blocked, id=16988, stack(0x0000009b90900000,0x0000009b90a00000)]
  0x0000029a7f81b800 JavaThread "Reference Handler" daemon [_thread_blocked, id=16736, stack(0x0000009b91000000,0x0000009b91100000)]
  0x0000029a7f81d000 JavaThread "Finalizer" daemon [_thread_blocked, id=11236, stack(0x0000009b91100000,0x0000009b91200000)]
  0x0000029a7f931800 JavaThread "Signal Dispatcher" daemon [_thread_blocked, id=14036, stack(0x0000009b91200000,0x0000009b91300000)]
  0x0000029a7f933800 JavaThread "Attach Listener" daemon [_thread_blocked, id=15112, stack(0x0000009b91300000,0x0000009b91400000)]
  0x0000029a7f934800 JavaThread "Service Thread" daemon [_thread_blocked, id=3100, stack(0x0000009b91400000,0x0000009b91500000)]
  0x0000029a7f938000 JavaThread "C1 CompilerThread0" daemon [_thread_blocked, id=7780, stack(0x0000009b91500000,0x0000009b91600000)]
  0x0000029a7f966800 JavaThread "Sweeper thread" daemon [_thread_blocked, id=12756, stack(0x0000009b91600000,0x0000009b91700000)]
  0x0000029a7f7c3000 JavaThread "Common-Cleaner" daemon [_thread_blocked, id=13796, stack(0x0000009b91700000,0x0000009b91800000)]
  0x0000029a7fb2c800 JavaThread "JDWP Transport Listener: dt_socket" daemon [_thread_blocked, id=6408, stack(0x0000009b91800000,0x0000009b91900000)]
  0x0000029a7fb30800 JavaThread "JDWP Event Helper Thread" daemon [_thread_blocked, id=8760, stack(0x0000009b91900000,0x0000009b91a00000)]
  0x0000029a7fb31000 JavaThread "JDWP Command Reader" daemon [_thread_in_native, id=14948, stack(0x0000009b91a00000,0x0000009b91b00000)]
  0x0000029a13d77000 JavaThread "RMI TCP Accept-0" daemon [_thread_in_native, id=8828, stack(0x0000009b91b00000,0x0000009b91c00000)]
  0x0000029a13db3000 JavaThread "RMI TCP Accept-57940" daemon [_thread_in_native, id=1660, stack(0x0000009b91c00000,0x0000009b91d00000)]
  0x0000029a13dc2000 JavaThread "RMI TCP Accept-0" daemon [_thread_in_native, id=6536, stack(0x0000009b91d00000,0x0000009b91e00000)]
  0x0000029a147f9800 JavaThread "Thread-0" [_thread_blocked, id=17580, stack(0x0000009b92400000,0x0000009b92500000)]
  0x0000029a14887000 JavaThread "restartedMain" [_thread_blocked, id=19036, stack(0x0000009b92500000,0x0000009b92600000)]
  0x0000029a14bfb000 JavaThread "RMI TCP Connection(idle)" daemon [_thread_blocked, id=4376, stack(0x0000009b92b00000,0x0000009b92c00000)]
  0x0000029a14bec800 JavaThread "RMI Scheduler(0)" daemon [_thread_blocked, id=7536, stack(0x0000009b92c00000,0x0000009b92d00000)]
  0x0000029a14c11000 JavaThread "RMI TCP Connection(2)-127.0.0.1" daemon [_thread_in_native, id=19796, stack(0x0000009b92800000,0x0000009b92900000)]
  0x0000029a13e7d000 JavaThread "JMX server connection timeout 29" daemon [_thread_blocked, id=19808, stack(0x0000009b92d00000,0x0000009b92e00000)]
  0x0000029a16dd3000 JavaThread "Catalina-utility-1" [_thread_blocked, id=20724, stack(0x0000009b93000000,0x0000009b93100000)]
  0x0000029a16dd2000 JavaThread "Catalina-utility-2" [_thread_blocked, id=21116, stack(0x0000009b93100000,0x0000009b93200000)]
  0x0000029a16dd3800 JavaThread "container-0" [_thread_blocked, id=20684, stack(0x0000009b93200000,0x0000009b93300000)]
  0x0000029a16dd4800 JavaThread "MessageBroker-1" [_thread_blocked, id=26180, stack(0x0000009b93500000,0x0000009b93600000)]

Other Threads:
=>0x0000029a7f807800 VMThread "VM Thread" [stack: 0x0000009b90f00000,0x0000009b91000000] [id=15864]
  0x0000029a13e13000 WatcherThread [stack: 0x0000009b91e00000,0x0000009b91f00000] [id=11872]
  0x0000029a6c789800 GCTaskThread "GC Thread#0" [stack: 0x0000009b90a00000,0x0000009b90b00000] [id=12684]
  0x0000029a13df1000 GCTaskThread "GC Thread#1" [stack: 0x0000009b91f00000,0x0000009b92000000] [id=820]
  0x0000029a145d0800 GCTaskThread "GC Thread#2" [stack: 0x0000009b92000000,0x0000009b92100000] [id=16464]
  0x0000029a145d5000 GCTaskThread "GC Thread#3" [stack: 0x0000009b92100000,0x0000009b92200000] [id=9864]
  0x0000029a13f7e000 GCTaskThread "GC Thread#4" [stack: 0x0000009b92200000,0x0000009b92300000] [id=968]
  0x0000029a13f7e800 GCTaskThread "GC Thread#5" [stack: 0x0000009b92300000,0x0000009b92400000] [id=4980]
  0x0000029a14af4000 GCTaskThread "GC Thread#6" [stack: 0x0000009b92900000,0x0000009b92a00000] [id=4548]
  0x0000029a14ba6800 GCTaskThread "GC Thread#7" [stack: 0x0000009b92a00000,0x0000009b92b00000] [id=18960]
  0x0000029a153ae000 GCTaskThread "GC Thread#8" [stack: 0x0000009b92e00000,0x0000009b92f00000] [id=372]
  0x0000029a153ae800 GCTaskThread "GC Thread#9" [stack: 0x0000009b92f00000,0x0000009b93000000] [id=14076]
  0x0000029a6c7e5800 ConcurrentGCThread "G1 Main Marker" [stack: 0x0000009b90b00000,0x0000009b90c00000] [id=12128]
  0x0000029a6c7e7800 ConcurrentGCThread "G1 Conc#0" [stack: 0x0000009b90c00000,0x0000009b90d00000] [id=16244]
  0x0000029a147f3000 ConcurrentGCThread "G1 Conc#1" [stack: 0x0000009b92600000,0x0000009b92700000] [id=19360]
  0x0000029a14a1e800 ConcurrentGCThread "G1 Conc#2" [stack: 0x0000009b92700000,0x0000009b92800000] [id=19364]
  0x0000029a7f6ec800 ConcurrentGCThread "G1 Refine#0" [stack: 0x0000009b90d00000,0x0000009b90e00000] [id=10624]
  0x0000029a7f6ee000 ConcurrentGCThread "G1 Young RemSet Sampling" [stack: 0x0000009b90e00000,0x0000009b90f00000] [id=5292]

Threads with active compile tasks:

VM state:at safepoint (normal execution)

VM Mutex/Monitor currently owned by a thread:  ([mutex/lock_event])
[0x0000029a6c76ca80] Threads_lock - owner thread: 0x0000029a7f807800
[0x0000029a6c76c720] Heap_lock - owner thread: 0x0000029a14887000

Heap address: 0x0000000702000000, size: 4064 MB, Compressed Oops mode: Zero based, Oop shift amount: 3
Narrow klass base: 0x0000000800000000, Narrow klass shift: 0
Compressed class space size: 1073741824 Address: 0x0000000800000000

Heap:
 garbage-first heap   total 260096K, used 30973K [0x0000000702000000, 0x0000000800000000)
  region size 1024K, 11 young (11264K), 11 survivors (11264K)
 Metaspace       used 61634K, capacity 63464K, committed 63576K, reserved 1112064K
  class space    used 7572K, capacity 8270K, committed 8320K, reserved 1048576K
Heap Regions: E=young(eden), S=young(survivor), O=old, HS=humongous(starts), HC=humongous(continues), CS=collection set, F=free, A=archive, TAMS=top-at-mark-start (previous, next)
|   0|0x0000000702000000, 0x0000000702100000, 0x0000000702100000|100%| O|  |TAMS 0x0000000702100000, 0x0000000702100000| Untracked 
|   1|0x0000000702100000, 0x0000000702200000, 0x0000000702200000|100%| O|  |TAMS 0x0000000702200000, 0x0000000702200000| Untracked 
|   2|0x0000000702200000, 0x0000000702300000, 0x0000000702300000|100%| O|  |TAMS 0x0000000702300000, 0x0000000702300000| Untracked 
|   3|0x0000000702300000, 0x0000000702400000, 0x0000000702400000|100%| O|  |TAMS 0x0000000702400000, 0x0000000702400000| Untracked 
|   4|0x0000000702400000, 0x0000000702500000, 0x0000000702500000|100%| O|  |TAMS 0x0000000702500000, 0x0000000702500000| Untracked 
|   5|0x0000000702500000, 0x0000000702600000, 0x0000000702600000|100%| O|  |TAMS 0x0000000702600000, 0x0000000702600000| Untracked 
|   6|0x0000000702600000, 0x0000000702700000, 0x0000000702700000|100%| O|  |TAMS 0x000000070267de00, 0x0000000702700000| Untracked 
|   7|0x0000000702700000, 0x0000000702800000, 0x0000000702800000|100%| O|  |TAMS 0x0000000702700000, 0x0000000702800000| Untracked 
|   8|0x0000000702800000, 0x0000000702900000, 0x0000000702900000|100%| O|  |TAMS 0x0000000702800000, 0x0000000702900000| Untracked 
|   9|0x0000000702900000, 0x0000000702a00000, 0x0000000702a00000|100%| O|  |TAMS 0x0000000702900000, 0x0000000702a00000| Untracked 
|  10|0x0000000702a00000, 0x0000000702b00000, 0x0000000702b00000|100%| O|  |TAMS 0x0000000702a00000, 0x0000000702b00000| Untracked 
|  11|0x0000000702b00000, 0x0000000702c00000, 0x0000000702c00000|100%| O|  |TAMS 0x0000000702b00000, 0x0000000702c00000| Untracked 
|  12|0x0000000702c00000, 0x0000000702d00000, 0x0000000702d00000|100%| O|  |TAMS 0x0000000702c00000, 0x0000000702d00000| Untracked 
|  13|0x0000000702d00000, 0x0000000702e00000, 0x0000000702e00000|100%| O|  |TAMS 0x0000000702d00000, 0x0000000702e00000| Untracked 
|  14|0x0000000702e00000, 0x0000000702f00000, 0x0000000702f00000|100%| O|  |TAMS 0x0000000702e00000, 0x0000000702f00000| Untracked 
|  15|0x0000000702f00000, 0x0000000703000000, 0x0000000703000000|100%| O|  |TAMS 0x0000000702f00000, 0x0000000703000000| Untracked 
|  16|0x0000000703000000, 0x0000000703100000, 0x0000000703100000|100%| O|  |TAMS 0x0000000703000000, 0x0000000703100000| Untracked 
|  17|0x0000000703100000, 0x0000000703200000, 0x0000000703200000|100%| O|  |TAMS 0x0000000703100000, 0x0000000703200000| Untracked 
|  18|0x0000000703200000, 0x0000000703300000, 0x0000000703300000|100%| O|  |TAMS 0x0000000703200000, 0x0000000703300000| Untracked 
|  19|0x0000000703300000, 0x0000000703347200, 0x0000000703400000| 27%| O|  |TAMS 0x0000000703300000, 0x0000000703347200| Untracked 
|  20|0x0000000703400000, 0x0000000703400000, 0x0000000703500000|  0%| F|  |TAMS 0x0000000703400000, 0x0000000703400000| Untracked 
|  21|0x0000000703500000, 0x0000000703500000, 0x0000000703600000|  0%| F|  |TAMS 0x0000000703500000, 0x0000000703500000| Untracked 
|  22|0x0000000703600000, 0x0000000703600000, 0x0000000703700000|  0%| F|  |TAMS 0x0000000703600000, 0x0000000703600000| Untracked 
|  23|0x0000000703700000, 0x0000000703700000, 0x0000000703800000|  0%| F|  |TAMS 0x0000000703700000, 0x0000000703700000| Untracked 
|  24|0x0000000703800000, 0x0000000703800000, 0x0000000703900000|  0%| F|  |TAMS 0x0000000703800000, 0x0000000703800000| Untracked 
|  25|0x0000000703900000, 0x0000000703900000, 0x0000000703a00000|  0%| F|  |TAMS 0x0000000703900000, 0x0000000703900000| Untracked 
|  26|0x0000000703a00000, 0x0000000703a00000, 0x0000000703b00000|  0%| F|  |TAMS 0x0000000703a00000, 0x0000000703a00000| Untracked 
|  27|0x0000000703b00000, 0x0000000703b00000, 0x0000000703c00000|  0%| F|  |TAMS 0x0000000703b00000, 0x0000000703b00000| Untracked 
|  28|0x0000000703c00000, 0x0000000703c00000, 0x0000000703d00000|  0%| F|  |TAMS 0x0000000703c00000, 0x0000000703c00000| Untracked 
|  29|0x0000000703d00000, 0x0000000703d00000, 0x0000000703e00000|  0%| F|  |TAMS 0x0000000703d00000, 0x0000000703d00000| Untracked 
|  30|0x0000000703e00000, 0x0000000703e00000, 0x0000000703f00000|  0%| F|  |TAMS 0x0000000703e00000, 0x0000000703e00000| Untracked 
|  31|0x0000000703f00000, 0x0000000703f00000, 0x0000000704000000|  0%| F|  |TAMS 0x0000000703f00000, 0x0000000703f00000| Untracked 
|  32|0x0000000704000000, 0x0000000704000000, 0x0000000704100000|  0%| F|  |TAMS 0x0000000704000000, 0x0000000704000000| Untracked 
|  33|0x0000000704100000, 0x0000000704100000, 0x0000000704200000|  0%| F|  |TAMS 0x0000000704100000, 0x0000000704100000| Untracked 
|  34|0x0000000704200000, 0x0000000704200000, 0x0000000704300000|  0%| F|  |TAMS 0x0000000704200000, 0x0000000704200000| Untracked 
|  35|0x0000000704300000, 0x0000000704300000, 0x0000000704400000|  0%| F|  |TAMS 0x0000000704300000, 0x0000000704300000| Untracked 
|  36|0x0000000704400000, 0x0000000704400000, 0x0000000704500000|  0%| F|  |TAMS 0x0000000704400000, 0x0000000704400000| Untracked 
|  37|0x0000000704500000, 0x0000000704500000, 0x0000000704600000|  0%| F|  |TAMS 0x0000000704500000, 0x0000000704500000| Untracked 
|  38|0x0000000704600000, 0x0000000704600000, 0x0000000704700000|  0%| F|  |TAMS 0x0000000704600000, 0x0000000704600000| Untracked 
|  39|0x0000000704700000, 0x0000000704700000, 0x0000000704800000|  0%| F|  |TAMS 0x0000000704700000, 0x0000000704700000| Untracked 
|  40|0x0000000704800000, 0x0000000704800000, 0x0000000704900000|  0%| F|  |TAMS 0x0000000704800000, 0x0000000704800000| Untracked 
|  41|0x0000000704900000, 0x0000000704900000, 0x0000000704a00000|  0%| F|  |TAMS 0x0000000704900000, 0x0000000704900000| Untracked 
|  42|0x0000000704a00000, 0x0000000704a00000, 0x0000000704b00000|  0%| F|  |TAMS 0x0000000704a00000, 0x0000000704a00000| Untracked 
|  43|0x0000000704b00000, 0x0000000704b00000, 0x0000000704c00000|  0%| F|  |TAMS 0x0000000704b00000, 0x0000000704b00000| Untracked 
|  44|0x0000000704c00000, 0x0000000704c00000, 0x0000000704d00000|  0%| F|  |TAMS 0x0000000704c00000, 0x0000000704c00000| Untracked 
|  45|0x0000000704d00000, 0x0000000704d00000, 0x0000000704e00000|  0%| F|  |TAMS 0x0000000704d00000, 0x0000000704d00000| Untracked 
|  46|0x0000000704e00000, 0x0000000704e00000, 0x0000000704f00000|  0%| F|  |TAMS 0x0000000704e00000, 0x0000000704e00000| Untracked 
|  47|0x0000000704f00000, 0x0000000704f00000, 0x0000000705000000|  0%| F|  |TAMS 0x0000000704f00000, 0x0000000704f00000| Untracked 
|  48|0x0000000705000000, 0x0000000705000000, 0x0000000705100000|  0%| F|  |TAMS 0x0000000705000000, 0x0000000705000000| Untracked 
|  49|0x0000000705100000, 0x0000000705100000, 0x0000000705200000|  0%| F|  |TAMS 0x0000000705100000, 0x0000000705100000| Untracked 
|  50|0x0000000705200000, 0x0000000705200000, 0x0000000705300000|  0%| F|  |TAMS 0x0000000705200000, 0x0000000705200000| Untracked 
|  51|0x0000000705300000, 0x0000000705300000, 0x0000000705400000|  0%| F|  |TAMS 0x0000000705300000, 0x0000000705300000| Untracked 
|  52|0x0000000705400000, 0x0000000705400000, 0x0000000705500000|  0%| F|  |TAMS 0x0000000705400000, 0x0000000705400000| Untracked 
|  53|0x0000000705500000, 0x0000000705500000, 0x0000000705600000|  0%| F|  |TAMS 0x0000000705500000, 0x0000000705500000| Untracked 
|  54|0x0000000705600000, 0x0000000705600000, 0x0000000705700000|  0%| F|  |TAMS 0x0000000705600000, 0x0000000705600000| Untracked 
|  55|0x0000000705700000, 0x0000000705700000, 0x0000000705800000|  0%| F|  |TAMS 0x0000000705700000, 0x0000000705700000| Untracked 
|  56|0x0000000705800000, 0x0000000705800000, 0x0000000705900000|  0%| F|  |TAMS 0x0000000705800000, 0x0000000705800000| Untracked 
|  57|0x0000000705900000, 0x0000000705900000, 0x0000000705a00000|  0%| F|  |TAMS 0x0000000705900000, 0x0000000705900000| Untracked 
|  58|0x0000000705a00000, 0x0000000705a00000, 0x0000000705b00000|  0%| F|  |TAMS 0x0000000705a00000, 0x0000000705a00000| Untracked 
|  59|0x0000000705b00000, 0x0000000705b00000, 0x0000000705c00000|  0%| F|  |TAMS 0x0000000705b00000, 0x0000000705b00000| Untracked 
|  60|0x0000000705c00000, 0x0000000705c00000, 0x0000000705d00000|  0%| F|  |TAMS 0x0000000705c00000, 0x0000000705c00000| Untracked 
|  61|0x0000000705d00000, 0x0000000705d00000, 0x0000000705e00000|  0%| F|  |TAMS 0x0000000705d00000, 0x0000000705d00000| Untracked 
|  62|0x0000000705e00000, 0x0000000705e00000, 0x0000000705f00000|  0%| F|  |TAMS 0x0000000705e00000, 0x0000000705e00000| Untracked 
|  63|0x0000000705f00000, 0x0000000705f00000, 0x0000000706000000|  0%| F|  |TAMS 0x0000000705f00000, 0x0000000705f00000| Untracked 
|  64|0x0000000706000000, 0x0000000706000000, 0x0000000706100000|  0%| F|  |TAMS 0x0000000706000000, 0x0000000706000000| Untracked 
|  65|0x0000000706100000, 0x0000000706100000, 0x0000000706200000|  0%| F|  |TAMS 0x0000000706100000, 0x0000000706100000| Untracked 
|  66|0x0000000706200000, 0x0000000706200000, 0x0000000706300000|  0%| F|  |TAMS 0x0000000706200000, 0x0000000706200000| Untracked 
|  67|0x0000000706300000, 0x0000000706300000, 0x0000000706400000|  0%| F|  |TAMS 0x0000000706300000, 0x0000000706300000| Untracked 
|  68|0x0000000706400000, 0x0000000706400000, 0x0000000706500000|  0%| F|  |TAMS 0x0000000706400000, 0x0000000706400000| Untracked 
|  69|0x0000000706500000, 0x0000000706500000, 0x0000000706600000|  0%| F|  |TAMS 0x0000000706500000, 0x0000000706500000| Untracked 
|  70|0x0000000706600000, 0x0000000706600000, 0x0000000706700000|  0%| F|  |TAMS 0x0000000706600000, 0x0000000706600000| Untracked 
|  71|0x0000000706700000, 0x0000000706700000, 0x0000000706800000|  0%| F|  |TAMS 0x0000000706700000, 0x0000000706700000| Untracked 
|  72|0x0000000706800000, 0x0000000706800000, 0x0000000706900000|  0%| F|  |TAMS 0x0000000706800000, 0x0000000706800000| Untracked 
|  73|0x0000000706900000, 0x0000000706900000, 0x0000000706a00000|  0%| F|  |TAMS 0x0000000706900000, 0x0000000706900000| Untracked 
|  74|0x0000000706a00000, 0x0000000706a00000, 0x0000000706b00000|  0%| F|  |TAMS 0x0000000706a00000, 0x0000000706a00000| Untracked 
|  75|0x0000000706b00000, 0x0000000706b00000, 0x0000000706c00000|  0%| F|  |TAMS 0x0000000706b00000, 0x0000000706b00000| Untracked 
|  76|0x0000000706c00000, 0x0000000706c00000, 0x0000000706d00000|  0%| F|  |TAMS 0x0000000706c00000, 0x0000000706c00000| Untracked 
|  77|0x0000000706d00000, 0x0000000706d00000, 0x0000000706e00000|  0%| F|  |TAMS 0x0000000706d00000, 0x0000000706d00000| Untracked 
|  78|0x0000000706e00000, 0x0000000706e00000, 0x0000000706f00000|  0%| F|  |TAMS 0x0000000706e00000, 0x0000000706e00000| Untracked 
|  79|0x0000000706f00000, 0x0000000706f00000, 0x0000000707000000|  0%| F|  |TAMS 0x0000000706f00000, 0x0000000706f00000| Untracked 
|  80|0x0000000707000000, 0x0000000707000000, 0x0000000707100000|  0%| F|  |TAMS 0x0000000707000000, 0x0000000707000000| Untracked 
|  81|0x0000000707100000, 0x0000000707100000, 0x0000000707200000|  0%| F|  |TAMS 0x0000000707100000, 0x0000000707100000| Untracked 
|  82|0x0000000707200000, 0x0000000707200000, 0x0000000707300000|  0%| F|  |TAMS 0x0000000707200000, 0x0000000707200000| Untracked 
|  83|0x0000000707300000, 0x0000000707300000, 0x0000000707400000|  0%| F|  |TAMS 0x0000000707300000, 0x0000000707300000| Untracked 
|  84|0x0000000707400000, 0x0000000707400000, 0x0000000707500000|  0%| F|  |TAMS 0x0000000707400000, 0x0000000707400000| Untracked 
|  85|0x0000000707500000, 0x0000000707500000, 0x0000000707600000|  0%| F|  |TAMS 0x0000000707500000, 0x0000000707500000| Untracked 
|  86|0x0000000707600000, 0x0000000707600000, 0x0000000707700000|  0%| F|  |TAMS 0x0000000707600000, 0x0000000707600000| Untracked 
|  87|0x0000000707700000, 0x0000000707700000, 0x0000000707800000|  0%| F|  |TAMS 0x0000000707700000, 0x0000000707700000| Untracked 
|  88|0x0000000707800000, 0x0000000707800000, 0x0000000707900000|  0%| F|  |TAMS 0x0000000707800000, 0x0000000707800000| Untracked 
|  89|0x0000000707900000, 0x0000000707900000, 0x0000000707a00000|  0%| F|  |TAMS 0x0000000707900000, 0x0000000707900000| Untracked 
|  90|0x0000000707a00000, 0x0000000707a00000, 0x0000000707b00000|  0%| F|  |TAMS 0x0000000707a00000, 0x0000000707a00000| Untracked 
|  91|0x0000000707b00000, 0x0000000707b00000, 0x0000000707c00000|  0%| F|  |TAMS 0x0000000707b00000, 0x0000000707b00000| Untracked 
|  92|0x0000000707c00000, 0x0000000707c00000, 0x0000000707d00000|  0%| F|  |TAMS 0x0000000707c00000, 0x0000000707c00000| Untracked 
|  93|0x0000000707d00000, 0x0000000707d00000, 0x0000000707e00000|  0%| F|  |TAMS 0x0000000707d00000, 0x0000000707d00000| Untracked 
|  94|0x0000000707e00000, 0x0000000707e00000, 0x0000000707f00000|  0%| F|  |TAMS 0x0000000707e00000, 0x0000000707e00000| Untracked 
|  95|0x0000000707f00000, 0x0000000707f00000, 0x0000000708000000|  0%| F|  |TAMS 0x0000000707f00000, 0x0000000707f00000| Untracked 
|  96|0x0000000708000000, 0x0000000708000000, 0x0000000708100000|  0%| F|  |TAMS 0x0000000708000000, 0x0000000708000000| Untracked 
|  97|0x0000000708100000, 0x0000000708100000, 0x0000000708200000|  0%| F|  |TAMS 0x0000000708100000, 0x0000000708100000| Untracked 
|  98|0x0000000708200000, 0x0000000708200000, 0x0000000708300000|  0%| F|  |TAMS 0x0000000708200000, 0x0000000708200000| Untracked 
|  99|0x0000000708300000, 0x0000000708300000, 0x0000000708400000|  0%| F|  |TAMS 0x0000000708300000, 0x0000000708300000| Untracked 
| 100|0x0000000708400000, 0x0000000708400000, 0x0000000708500000|  0%| F|  |TAMS 0x0000000708400000, 0x0000000708400000| Untracked 
| 101|0x0000000708500000, 0x0000000708500000, 0x0000000708600000|  0%| F|  |TAMS 0x0000000708500000, 0x0000000708500000| Untracked 
| 102|0x0000000708600000, 0x0000000708600000, 0x0000000708700000|  0%| F|  |TAMS 0x0000000708600000, 0x0000000708600000| Untracked 
| 103|0x0000000708700000, 0x0000000708700000, 0x0000000708800000|  0%| F|  |TAMS 0x0000000708700000, 0x0000000708700000| Untracked 
| 104|0x0000000708800000, 0x0000000708800000, 0x0000000708900000|  0%| F|  |TAMS 0x0000000708800000, 0x0000000708800000| Untracked 
| 105|0x0000000708900000, 0x0000000708900000, 0x0000000708a00000|  0%| F|  |TAMS 0x0000000708900000, 0x0000000708900000| Untracked 
| 106|0x0000000708a00000, 0x0000000708a00000, 0x0000000708b00000|  0%| F|  |TAMS 0x0000000708a00000, 0x0000000708a00000| Untracked 
| 107|0x0000000708b00000, 0x0000000708b00000, 0x0000000708c00000|  0%| F|  |TAMS 0x0000000708b00000, 0x0000000708b00000| Untracked 
| 108|0x0000000708c00000, 0x0000000708c00000, 0x0000000708d00000|  0%| F|  |TAMS 0x0000000708c00000, 0x0000000708c00000| Untracked 
| 109|0x0000000708d00000, 0x0000000708d00000, 0x0000000708e00000|  0%| F|  |TAMS 0x0000000708d00000, 0x0000000708d00000| Untracked 
| 110|0x0000000708e00000, 0x0000000708e00000, 0x0000000708f00000|  0%| F|  |TAMS 0x0000000708e00000, 0x0000000708e00000| Untracked 
| 111|0x0000000708f00000, 0x0000000708f00000, 0x0000000709000000|  0%| F|  |TAMS 0x0000000708f00000, 0x0000000708f00000| Untracked 
| 112|0x0000000709000000, 0x0000000709000000, 0x0000000709100000|  0%| F|  |TAMS 0x0000000709000000, 0x0000000709000000| Untracked 
| 113|0x0000000709100000, 0x0000000709100000, 0x0000000709200000|  0%| F|  |TAMS 0x0000000709100000, 0x0000000709100000| Untracked 
| 114|0x0000000709200000, 0x0000000709200000, 0x0000000709300000|  0%| F|  |TAMS 0x0000000709200000, 0x0000000709200000| Untracked 
| 115|0x0000000709300000, 0x0000000709300000, 0x0000000709400000|  0%| F|  |TAMS 0x0000000709300000, 0x0000000709300000| Untracked 
| 116|0x0000000709400000, 0x0000000709400000, 0x0000000709500000|  0%| F|  |TAMS 0x0000000709400000, 0x0000000709400000| Untracked 
| 117|0x0000000709500000, 0x0000000709500000, 0x0000000709600000|  0%| F|  |TAMS 0x0000000709500000, 0x0000000709500000| Untracked 
| 118|0x0000000709600000, 0x0000000709600000, 0x0000000709700000|  0%| F|  |TAMS 0x0000000709600000, 0x0000000709600000| Untracked 
| 119|0x0000000709700000, 0x0000000709700000, 0x0000000709800000|  0%| F|  |TAMS 0x0000000709700000, 0x0000000709700000| Untracked 
| 120|0x0000000709800000, 0x0000000709800000, 0x0000000709900000|  0%| F|  |TAMS 0x0000000709800000, 0x0000000709800000| Untracked 
| 121|0x0000000709900000, 0x00000007099f83c0, 0x0000000709a00000| 96%| S|CS|TAMS 0x0000000709900000, 0x0000000709900000| Complete 
| 122|0x0000000709a00000, 0x0000000709b00000, 0x0000000709b00000|100%| S|CS|TAMS 0x0000000709a00000, 0x0000000709a00000| Complete 
| 123|0x0000000709b00000, 0x0000000709c00000, 0x0000000709c00000|100%| S|CS|TAMS 0x0000000709b00000, 0x0000000709b00000| Complete 
| 124|0x0000000709c00000, 0x0000000709d00000, 0x0000000709d00000|100%| S|CS|TAMS 0x0000000709c00000, 0x0000000709c00000| Complete 
| 125|0x0000000709d00000, 0x0000000709e00000, 0x0000000709e00000|100%| S|CS|TAMS 0x0000000709d00000, 0x0000000709d00000| Complete 
| 126|0x0000000709e00000, 0x0000000709f00000, 0x0000000709f00000|100%| S|CS|TAMS 0x0000000709e00000, 0x0000000709e00000| Complete 
| 127|0x0000000709f00000, 0x000000070a000000, 0x000000070a000000|100%| S|CS|TAMS 0x0000000709f00000, 0x0000000709f00000| Complete 
| 128|0x000000070a000000, 0x000000070a100000, 0x000000070a100000|100%| S|CS|TAMS 0x000000070a000000, 0x000000070a000000| Complete 
| 129|0x000000070a100000, 0x000000070a200000, 0x000000070a200000|100%| S|CS|TAMS 0x000000070a100000, 0x000000070a100000| Complete 
| 130|0x000000070a200000, 0x000000070a300000, 0x000000070a300000|100%| S|CS|TAMS 0x000000070a200000, 0x000000070a200000| Complete 
| 131|0x000000070a300000, 0x000000070a400000, 0x000000070a400000|100%| S|CS|TAMS 0x000000070a300000, 0x000000070a300000| Complete 
| 132|0x000000070a400000, 0x000000070a400000, 0x000000070a500000|  0%| F|  |TAMS 0x000000070a400000, 0x000000070a400000| Untracked 
| 133|0x000000070a500000, 0x000000070a500000, 0x000000070a600000|  0%| F|  |TAMS 0x000000070a500000, 0x000000070a500000| Untracked 
| 134|0x000000070a600000, 0x000000070a600000, 0x000000070a700000|  0%| F|  |TAMS 0x000000070a600000, 0x000000070a600000| Untracked 
| 135|0x000000070a700000, 0x000000070a700000, 0x000000070a800000|  0%| F|  |TAMS 0x000000070a700000, 0x000000070a700000| Untracked 
| 136|0x000000070a800000, 0x000000070a800000, 0x000000070a900000|  0%| F|  |TAMS 0x000000070a800000, 0x000000070a800000| Untracked 
| 137|0x000000070a900000, 0x000000070a900000, 0x000000070aa00000|  0%| F|  |TAMS 0x000000070a900000, 0x000000070a900000| Untracked 
| 138|0x000000070aa00000, 0x000000070aa00000, 0x000000070ab00000|  0%| F|  |TAMS 0x000000070aa00000, 0x000000070aa00000| Untracked 
| 139|0x000000070ab00000, 0x000000070ab00000, 0x000000070ac00000|  0%| F|  |TAMS 0x000000070ab00000, 0x000000070ab00000| Untracked 
| 140|0x000000070ac00000, 0x000000070ac00000, 0x000000070ad00000|  0%| F|  |TAMS 0x000000070ac00000, 0x000000070ac00000| Untracked 
| 141|0x000000070ad00000, 0x000000070ad00000, 0x000000070ae00000|  0%| F|  |TAMS 0x000000070ad00000, 0x000000070ad00000| Untracked 
| 142|0x000000070ae00000, 0x000000070ae00000, 0x000000070af00000|  0%| F|  |TAMS 0x000000070ae00000, 0x000000070ae00000| Untracked 
| 143|0x000000070af00000, 0x000000070af00000, 0x000000070b000000|  0%| F|  |TAMS 0x000000070af00000, 0x000000070af00000| Untracked 
| 144|0x000000070b000000, 0x000000070b000000, 0x000000070b100000|  0%| F|  |TAMS 0x000000070b000000, 0x000000070b000000| Untracked 
| 145|0x000000070b100000, 0x000000070b100000, 0x000000070b200000|  0%| F|  |TAMS 0x000000070b100000, 0x000000070b100000| Untracked 
| 146|0x000000070b200000, 0x000000070b200000, 0x000000070b300000|  0%| F|  |TAMS 0x000000070b200000, 0x000000070b200000| Untracked 
| 147|0x000000070b300000, 0x000000070b300000, 0x000000070b400000|  0%| F|  |TAMS 0x000000070b300000, 0x000000070b300000| Untracked 
| 148|0x000000070b400000, 0x000000070b400000, 0x000000070b500000|  0%| F|  |TAMS 0x000000070b400000, 0x000000070b400000| Untracked 
| 149|0x000000070b500000, 0x000000070b500000, 0x000000070b600000|  0%| F|  |TAMS 0x000000070b500000, 0x000000070b500000| Untracked 
| 150|0x000000070b600000, 0x000000070b600000, 0x000000070b700000|  0%| F|  |TAMS 0x000000070b600000, 0x000000070b600000| Untracked 
| 151|0x000000070b700000, 0x000000070b700000, 0x000000070b800000|  0%| F|  |TAMS 0x000000070b700000, 0x000000070b700000| Untracked 
| 152|0x000000070b800000, 0x000000070b800000, 0x000000070b900000|  0%| F|  |TAMS 0x000000070b800000, 0x000000070b800000| Untracked 
| 153|0x000000070b900000, 0x000000070b900000, 0x000000070ba00000|  0%| F|  |TAMS 0x000000070b900000, 0x000000070b900000| Untracked 
| 154|0x000000070ba00000, 0x000000070ba00000, 0x000000070bb00000|  0%| F|  |TAMS 0x000000070ba00000, 0x000000070ba00000| Untracked 
| 155|0x000000070bb00000, 0x000000070bb00000, 0x000000070bc00000|  0%| F|  |TAMS 0x000000070bb00000, 0x000000070bb00000| Untracked 
| 156|0x000000070bc00000, 0x000000070bc00000, 0x000000070bd00000|  0%| F|  |TAMS 0x000000070bc00000, 0x000000070bc00000| Untracked 
| 157|0x000000070bd00000, 0x000000070bd00000, 0x000000070be00000|  0%| F|  |TAMS 0x000000070bd00000, 0x000000070bd00000| Untracked 
| 158|0x000000070be00000, 0x000000070be00000, 0x000000070bf00000|  0%| F|  |TAMS 0x000000070be00000, 0x000000070be00000| Untracked 
| 159|0x000000070bf00000, 0x000000070bf00000, 0x000000070c000000|  0%| F|  |TAMS 0x000000070bf00000, 0x000000070bf00000| Untracked 
| 160|0x000000070c000000, 0x000000070c000000, 0x000000070c100000|  0%| F|  |TAMS 0x000000070c000000, 0x000000070c000000| Untracked 
| 161|0x000000070c100000, 0x000000070c100000, 0x000000070c200000|  0%| F|  |TAMS 0x000000070c100000, 0x000000070c100000| Untracked 
| 162|0x000000070c200000, 0x000000070c200000, 0x000000070c300000|  0%| F|  |TAMS 0x000000070c200000, 0x000000070c200000| Untracked 
| 163|0x000000070c300000, 0x000000070c300000, 0x000000070c400000|  0%| F|  |TAMS 0x000000070c300000, 0x000000070c300000| Untracked 
| 164|0x000000070c400000, 0x000000070c400000, 0x000000070c500000|  0%| F|  |TAMS 0x000000070c400000, 0x000000070c400000| Untracked 
| 165|0x000000070c500000, 0x000000070c500000, 0x000000070c600000|  0%| F|  |TAMS 0x000000070c500000, 0x000000070c500000| Untracked 
| 166|0x000000070c600000, 0x000000070c600000, 0x000000070c700000|  0%| F|  |TAMS 0x000000070c600000, 0x000000070c600000| Untracked 
| 167|0x000000070c700000, 0x000000070c700000, 0x000000070c800000|  0%| F|  |TAMS 0x000000070c700000, 0x000000070c700000| Untracked 
| 168|0x000000070c800000, 0x000000070c800000, 0x000000070c900000|  0%| F|  |TAMS 0x000000070c800000, 0x000000070c800000| Untracked 
| 169|0x000000070c900000, 0x000000070c900000, 0x000000070ca00000|  0%| F|  |TAMS 0x000000070c900000, 0x000000070c900000| Untracked 
| 170|0x000000070ca00000, 0x000000070ca00000, 0x000000070cb00000|  0%| F|  |TAMS 0x000000070ca00000, 0x000000070ca00000| Untracked 
| 171|0x000000070cb00000, 0x000000070cb00000, 0x000000070cc00000|  0%| F|  |TAMS 0x000000070cb00000, 0x000000070cb00000| Untracked 
| 172|0x000000070cc00000, 0x000000070cc00000, 0x000000070cd00000|  0%| F|  |TAMS 0x000000070cc00000, 0x000000070cc00000| Untracked 
| 173|0x000000070cd00000, 0x000000070cd00000, 0x000000070ce00000|  0%| F|  |TAMS 0x000000070cd00000, 0x000000070cd00000| Untracked 
| 174|0x000000070ce00000, 0x000000070ce00000, 0x000000070cf00000|  0%| F|  |TAMS 0x000000070ce00000, 0x000000070ce00000| Untracked 
| 175|0x000000070cf00000, 0x000000070cf00000, 0x000000070d000000|  0%| F|  |TAMS 0x000000070cf00000, 0x000000070cf00000| Untracked 
| 176|0x000000070d000000, 0x000000070d000000, 0x000000070d100000|  0%| F|  |TAMS 0x000000070d000000, 0x000000070d000000| Untracked 
| 177|0x000000070d100000, 0x000000070d100000, 0x000000070d200000|  0%| F|  |TAMS 0x000000070d100000, 0x000000070d100000| Untracked 
| 178|0x000000070d200000, 0x000000070d200000, 0x000000070d300000|  0%| F|  |TAMS 0x000000070d200000, 0x000000070d200000| Untracked 
| 179|0x000000070d300000, 0x000000070d300000, 0x000000070d400000|  0%| F|  |TAMS 0x000000070d300000, 0x000000070d300000| Untracked 
| 180|0x000000070d400000, 0x000000070d400000, 0x000000070d500000|  0%| F|  |TAMS 0x000000070d400000, 0x000000070d400000| Untracked 
| 181|0x000000070d500000, 0x000000070d500000, 0x000000070d600000|  0%| F|  |TAMS 0x000000070d500000, 0x000000070d500000| Untracked 
| 182|0x000000070d600000, 0x000000070d600000, 0x000000070d700000|  0%| F|  |TAMS 0x000000070d600000, 0x000000070d600000| Untracked 
| 183|0x000000070d700000, 0x000000070d700000, 0x000000070d800000|  0%| F|  |TAMS 0x000000070d700000, 0x000000070d700000| Untracked 
| 184|0x000000070d800000, 0x000000070d800000, 0x000000070d900000|  0%| F|  |TAMS 0x000000070d800000, 0x000000070d800000| Untracked 
| 185|0x000000070d900000, 0x000000070d900000, 0x000000070da00000|  0%| F|  |TAMS 0x000000070d900000, 0x000000070d900000| Untracked 
| 186|0x000000070da00000, 0x000000070da00000, 0x000000070db00000|  0%| F|  |TAMS 0x000000070da00000, 0x000000070da00000| Untracked 
| 187|0x000000070db00000, 0x000000070db00000, 0x000000070dc00000|  0%| F|  |TAMS 0x000000070db00000, 0x000000070db00000| Untracked 
| 188|0x000000070dc00000, 0x000000070dc00000, 0x000000070dd00000|  0%| F|  |TAMS 0x000000070dc00000, 0x000000070dc00000| Untracked 
| 189|0x000000070dd00000, 0x000000070dd00000, 0x000000070de00000|  0%| F|  |TAMS 0x000000070dd00000, 0x000000070dd00000| Untracked 
| 190|0x000000070de00000, 0x000000070de00000, 0x000000070df00000|  0%| F|  |TAMS 0x000000070de00000, 0x000000070de00000| Untracked 
| 191|0x000000070df00000, 0x000000070df00000, 0x000000070e000000|  0%| F|  |TAMS 0x000000070df00000, 0x000000070df00000| Untracked 
| 192|0x000000070e000000, 0x000000070e000000, 0x000000070e100000|  0%| F|  |TAMS 0x000000070e000000, 0x000000070e000000| Untracked 
| 193|0x000000070e100000, 0x000000070e100000, 0x000000070e200000|  0%| F|  |TAMS 0x000000070e100000, 0x000000070e100000| Untracked 
| 194|0x000000070e200000, 0x000000070e200000, 0x000000070e300000|  0%| F|  |TAMS 0x000000070e200000, 0x000000070e200000| Untracked 
| 195|0x000000070e300000, 0x000000070e300000, 0x000000070e400000|  0%| F|  |TAMS 0x000000070e300000, 0x000000070e300000| Untracked 
| 196|0x000000070e400000, 0x000000070e400000, 0x000000070e500000|  0%| F|  |TAMS 0x000000070e400000, 0x000000070e400000| Untracked 
| 197|0x000000070e500000, 0x000000070e500000, 0x000000070e600000|  0%| F|  |TAMS 0x000000070e500000, 0x000000070e500000| Untracked 
| 198|0x000000070e600000, 0x000000070e600000, 0x000000070e700000|  0%| F|  |TAMS 0x000000070e600000, 0x000000070e600000| Untracked 
| 199|0x000000070e700000, 0x000000070e700000, 0x000000070e800000|  0%| F|  |TAMS 0x000000070e700000, 0x000000070e700000| Untracked 
| 200|0x000000070e800000, 0x000000070e800000, 0x000000070e900000|  0%| F|  |TAMS 0x000000070e800000, 0x000000070e800000| Untracked 
| 201|0x000000070e900000, 0x000000070e900000, 0x000000070ea00000|  0%| F|  |TAMS 0x000000070e900000, 0x000000070e900000| Untracked 
| 202|0x000000070ea00000, 0x000000070ea00000, 0x000000070eb00000|  0%| F|  |TAMS 0x000000070ea00000, 0x000000070ea00000| Untracked 
| 203|0x000000070eb00000, 0x000000070eb00000, 0x000000070ec00000|  0%| F|  |TAMS 0x000000070eb00000, 0x000000070eb00000| Untracked 
| 204|0x000000070ec00000, 0x000000070ec00000, 0x000000070ed00000|  0%| F|  |TAMS 0x000000070ec00000, 0x000000070ec00000| Untracked 
| 205|0x000000070ed00000, 0x000000070ed00000, 0x000000070ee00000|  0%| F|  |TAMS 0x000000070ed00000, 0x000000070ed00000| Untracked 
| 206|0x000000070ee00000, 0x000000070ee00000, 0x000000070ef00000|  0%| F|  |TAMS 0x000000070ee00000, 0x000000070ee00000| Untracked 
| 207|0x000000070ef00000, 0x000000070ef00000, 0x000000070f000000|  0%| F|  |TAMS 0x000000070ef00000, 0x000000070ef00000| Untracked 
| 208|0x000000070f000000, 0x000000070f000000, 0x000000070f100000|  0%| F|  |TAMS 0x000000070f000000, 0x000000070f000000| Untracked 
| 209|0x000000070f100000, 0x000000070f100000, 0x000000070f200000|  0%| F|  |TAMS 0x000000070f100000, 0x000000070f100000| Untracked 
| 210|0x000000070f200000, 0x000000070f200000, 0x000000070f300000|  0%| F|  |TAMS 0x000000070f200000, 0x000000070f200000| Untracked 
| 211|0x000000070f300000, 0x000000070f300000, 0x000000070f400000|  0%| F|  |TAMS 0x000000070f300000, 0x000000070f300000| Untracked 
| 212|0x000000070f400000, 0x000000070f400000, 0x000000070f500000|  0%| F|  |TAMS 0x000000070f400000, 0x000000070f400000| Untracked 
| 213|0x000000070f500000, 0x000000070f500000, 0x000000070f600000|  0%| F|  |TAMS 0x000000070f500000, 0x000000070f500000| Untracked 
| 214|0x000000070f600000, 0x000000070f600000, 0x000000070f700000|  0%| F|  |TAMS 0x000000070f600000, 0x000000070f600000| Untracked 
| 215|0x000000070f700000, 0x000000070f700000, 0x000000070f800000|  0%| F|  |TAMS 0x000000070f700000, 0x000000070f700000| Untracked 
| 216|0x000000070f800000, 0x000000070f800000, 0x000000070f900000|  0%| F|  |TAMS 0x000000070f800000, 0x000000070f800000| Untracked 
| 217|0x000000070f900000, 0x000000070f900000, 0x000000070fa00000|  0%| F|  |TAMS 0x000000070f900000, 0x000000070f900000| Untracked 
| 218|0x000000070fa00000, 0x000000070fa00000, 0x000000070fb00000|  0%| F|  |TAMS 0x000000070fa00000, 0x000000070fa00000| Untracked 
| 219|0x000000070fb00000, 0x000000070fb00000, 0x000000070fc00000|  0%| F|  |TAMS 0x000000070fb00000, 0x000000070fb00000| Untracked 
| 220|0x000000070fc00000, 0x000000070fc00000, 0x000000070fd00000|  0%| F|  |TAMS 0x000000070fc00000, 0x000000070fc00000| Untracked 
| 221|0x000000070fd00000, 0x000000070fd00000, 0x000000070fe00000|  0%| F|  |TAMS 0x000000070fd00000, 0x000000070fd00000| Untracked 
| 222|0x000000070fe00000, 0x000000070fe00000, 0x000000070ff00000|  0%| F|  |TAMS 0x000000070fe00000, 0x000000070fe00000| Untracked 
| 223|0x000000070ff00000, 0x000000070ff00000, 0x0000000710000000|  0%| F|  |TAMS 0x000000070ff00000, 0x000000070ff00000| Untracked 
| 224|0x0000000710000000, 0x0000000710000000, 0x0000000710100000|  0%| F|  |TAMS 0x0000000710000000, 0x0000000710000000| Untracked 
| 225|0x0000000710100000, 0x0000000710100000, 0x0000000710200000|  0%| F|  |TAMS 0x0000000710100000, 0x0000000710100000| Untracked 
| 226|0x0000000710200000, 0x0000000710200000, 0x0000000710300000|  0%| F|  |TAMS 0x0000000710200000, 0x0000000710200000| Untracked 
| 227|0x0000000710300000, 0x0000000710300000, 0x0000000710400000|  0%| F|  |TAMS 0x0000000710300000, 0x0000000710300000| Untracked 
| 228|0x0000000710400000, 0x0000000710400000, 0x0000000710500000|  0%| F|  |TAMS 0x0000000710400000, 0x0000000710400000| Untracked 
| 229|0x0000000710500000, 0x0000000710500000, 0x0000000710600000|  0%| F|  |TAMS 0x0000000710500000, 0x0000000710500000| Untracked 
| 230|0x0000000710600000, 0x0000000710600000, 0x0000000710700000|  0%| F|  |TAMS 0x0000000710600000, 0x0000000710600000| Untracked 
| 231|0x0000000710700000, 0x0000000710700000, 0x0000000710800000|  0%| F|  |TAMS 0x0000000710700000, 0x0000000710700000| Untracked 
| 232|0x0000000710800000, 0x0000000710800000, 0x0000000710900000|  0%| F|  |TAMS 0x0000000710800000, 0x0000000710800000| Untracked 
| 233|0x0000000710900000, 0x0000000710900000, 0x0000000710a00000|  0%| F|  |TAMS 0x0000000710900000, 0x0000000710900000| Untracked 
| 234|0x0000000710a00000, 0x0000000710a00000, 0x0000000710b00000|  0%| F|  |TAMS 0x0000000710a00000, 0x0000000710a00000| Untracked 
| 235|0x0000000710b00000, 0x0000000710b00000, 0x0000000710c00000|  0%| F|  |TAMS 0x0000000710b00000, 0x0000000710b00000| Untracked 
| 236|0x0000000710c00000, 0x0000000710c00000, 0x0000000710d00000|  0%| F|  |TAMS 0x0000000710c00000, 0x0000000710c00000| Untracked 
| 237|0x0000000710d00000, 0x0000000710d00000, 0x0000000710e00000|  0%| F|  |TAMS 0x0000000710d00000, 0x0000000710d00000| Untracked 
| 238|0x0000000710e00000, 0x0000000710e00000, 0x0000000710f00000|  0%| F|  |TAMS 0x0000000710e00000, 0x0000000710e00000| Untracked 
| 239|0x0000000710f00000, 0x0000000710f00000, 0x0000000711000000|  0%| F|  |TAMS 0x0000000710f00000, 0x0000000710f00000| Untracked 
| 240|0x0000000711000000, 0x0000000711000000, 0x0000000711100000|  0%| F|  |TAMS 0x0000000711000000, 0x0000000711000000| Untracked 
| 241|0x0000000711100000, 0x0000000711100000, 0x0000000711200000|  0%| F|  |TAMS 0x0000000711100000, 0x0000000711100000| Untracked 
| 242|0x0000000711200000, 0x0000000711200000, 0x0000000711300000|  0%| F|  |TAMS 0x0000000711200000, 0x0000000711200000| Untracked 
| 243|0x0000000711300000, 0x0000000711300000, 0x0000000711400000|  0%| F|  |TAMS 0x0000000711300000, 0x0000000711300000| Untracked 
| 244|0x0000000711400000, 0x0000000711400000, 0x0000000711500000|  0%| F|  |TAMS 0x0000000711400000, 0x0000000711400000| Untracked 
| 245|0x0000000711500000, 0x0000000711500000, 0x0000000711600000|  0%| F|  |TAMS 0x0000000711500000, 0x0000000711500000| Untracked 
| 246|0x0000000711600000, 0x0000000711600000, 0x0000000711700000|  0%| F|  |TAMS 0x0000000711600000, 0x0000000711600000| Untracked 
| 247|0x0000000711700000, 0x0000000711700000, 0x0000000711800000|  0%| F|  |TAMS 0x0000000711700000, 0x0000000711700000| Untracked 
| 248|0x0000000711800000, 0x0000000711800000, 0x0000000711900000|  0%| F|  |TAMS 0x0000000711800000, 0x0000000711800000| Untracked 
| 249|0x0000000711900000, 0x0000000711900000, 0x0000000711a00000|  0%| F|  |TAMS 0x0000000711900000, 0x0000000711900000| Untracked 
| 250|0x0000000711a00000, 0x0000000711a00000, 0x0000000711b00000|  0%| F|  |TAMS 0x0000000711a00000, 0x0000000711a00000| Untracked 
| 251|0x0000000711b00000, 0x0000000711b00000, 0x0000000711c00000|  0%| F|  |TAMS 0x0000000711b00000, 0x0000000711b00000| Untracked 
| 252|0x0000000711c00000, 0x0000000711c00000, 0x0000000711d00000|  0%| F|  |TAMS 0x0000000711c00000, 0x0000000711c00000| Untracked 
| 253|0x0000000711d00000, 0x0000000711d00000, 0x0000000711e00000|  0%| F|  |TAMS 0x0000000711d00000, 0x0000000711d00000| Untracked 

Card table byte_map: [0x0000029a77b10000,0x0000029a78300000] _byte_map_base: 0x0000029a74300000

Marking Bits (Prev, Next): (CMBitMap*) 0x0000029a6c7d4940, (CMBitMap*) 0x0000029a6c7d4908
 Prev Bits: [0x0000029a0f000000, 0x0000029a12f80000)
 Next Bits: [0x0000029a78af0000, 0x0000029a7ca70000)

Polling page: 0x0000029a6c470000

Metaspace:

Usage:
  Non-class:     53.90 MB capacity,    52.80 MB ( 98%) used,   920.80 KB (  2%) free+waste,   210.56 KB ( <1%) overhead. 
      Class:      8.08 MB capacity,     7.39 MB ( 92%) used,   597.15 KB (  7%) free+waste,   100.56 KB (  1%) overhead. 
       Both:     61.98 MB capacity,    60.19 MB ( 97%) used,     1.48 MB (  2%) free+waste,   311.12 KB ( <1%) overhead. 

Virtual space:
  Non-class space:       62.00 MB reserved,      53.96 MB ( 87%) committed 
      Class space:        1.00 GB reserved,       8.12 MB ( <1%) committed 
             Both:        1.06 GB reserved,      62.09 MB (  6%) committed 

Chunk freelists:
   Non-Class:  62.00 KB
       Class:  0 bytes
        Both:  62.00 KB

MaxMetaspaceSize: 17179869184.00 GB
CompressedClassSpaceSize: 1.00 GB
Initial GC threshold: 20.80 MB
Current GC threshold: 63.59 MB
CDS: off

CodeHeap 'non-profiled nmethods': size=238336Kb used=11775Kb max_used=11775Kb free=226560Kb
 bounds [0x0000029a00740000, 0x0000029a012c0000, 0x0000029a0f000000]
CodeHeap 'non-nmethods': size=7424Kb used=1371Kb max_used=1371Kb free=6052Kb
 bounds [0x0000029a00000000, 0x0000029a00270000, 0x0000029a00740000]
 total_blobs=6991 nmethods=6399 adapters=526
 compilation: disabled (not enough contiguous free space left)
              stopped_count=1, restarted_count=0
 full_count=1

Compilation events (20 events):
Event: 41.649 Thread 0x0000029a7f938000 6392       1       org.springframework.beans.factory.annotation.InitDestroyAnnotationBeanPostProcessor::postProcessMergedBeanDefinition (14 bytes)
Event: 41.650 Thread 0x0000029a7f938000 nmethod 6392 0x0000029a012bd490 code [0x0000029a012bd640, 0x0000029a012bd758]
Event: 41.650 Thread 0x0000029a7f938000 6393       1       org.springframework.beans.factory.annotation.InitDestroyAnnotationBeanPostProcessor$1::checkConfigMembers (1 bytes)
Event: 41.650 Thread 0x0000029a7f938000 nmethod 6393 0x0000029a012bd810 code [0x0000029a012bd9c0, 0x0000029a012bda78]
Event: 41.650 Thread 0x0000029a7f938000 6394       1       org.springframework.beans.factory.annotation.AutowiredAnnotationBeanPostProcessor::postProcessMergedBeanDefinition (16 bytes)
Event: 41.650 Thread 0x0000029a7f938000 nmethod 6394 0x0000029a012bdb10 code [0x0000029a012bdce0, 0x0000029a012bde18]
Event: 41.650 Thread 0x0000029a7f938000 6395       1       org.springframework.beans.factory.annotation.InitDestroyAnnotationBeanPostProcessor::requiresDestruction (12 bytes)
Event: 41.650 Thread 0x0000029a7f938000 nmethod 6395 0x0000029a012bdf10 code [0x0000029a012be0e0, 0x0000029a012be218]
Event: 41.655 Thread 0x0000029a7f938000 6397       1       org.springframework.beans.factory.support.DisposableBeanAdapter::hasApplicableProcessors (50 bytes)
Event: 41.655 Thread 0x0000029a7f938000 nmethod 6397 0x0000029a012be310 code [0x0000029a012be500, 0x0000029a012be748]
Event: 41.655 Thread 0x0000029a7f938000 6396       1       org.springframework.beans.factory.support.AbstractBeanFactory::hasDestructionAwareBeanPostProcessors (21 bytes)
Event: 41.655 Thread 0x0000029a7f938000 nmethod 6396 0x0000029a012be890 code [0x0000029a012bea60, 0x0000029a012beb78]
Event: 41.656 Thread 0x0000029a7f938000 6398       1       java.lang.Class::getEnclosingMethodInfo (20 bytes)
Event: 41.656 Thread 0x0000029a7f938000 nmethod 6398 0x0000029a012bec90 code [0x0000029a012bee60, 0x0000029a012beff8]
Event: 41.656 Thread 0x0000029a7f938000 6399       1       java.lang.reflect.Constructor::hashCode (11 bytes)
Event: 41.656 Thread 0x0000029a7f938000 nmethod 6399 0x0000029a012bf110 code [0x0000029a012bf2e0, 0x0000029a012bf3f8]
Event: 41.656 Thread 0x0000029a7f938000 6400       1       java.lang.Class::getEnclosingClass (69 bytes)
Event: 41.656 Thread 0x0000029a7f938000 nmethod 6400 0x0000029a012bf510 code [0x0000029a012bf720, 0x0000029a012bfa98]
Event: 41.656 Thread 0x0000029a7f938000 6401       1       org.apache.catalina.core.ApplicationContextFacade::getInitParameter (33 bytes)
Event: 41.746 Thread 0x0000029a7f938000 


GC Heap History (18 events):
Event: 5.612 GC heap before
{Heap before GC invocations=0 (full 0):
 garbage-first heap   total 260096K, used 23552K [0x0000000702000000, 0x0000000800000000)
  region size 1024K, 24 young (24576K), 0 survivors (0K)
 Metaspace       used 15003K, capacity 15380K, committed 15488K, reserved 1062912K
  class space    used 1510K, capacity 1634K, committed 1664K, reserved 1048576K
}
Event: 5.653 GC heap after
{Heap after GC invocations=1 (full 0):
 garbage-first heap   total 260096K, used 6798K [0x0000000702000000, 0x0000000800000000)
  region size 1024K, 3 young (3072K), 3 survivors (3072K)
 Metaspace       used 15003K, capacity 15380K, committed 15488K, reserved 1062912K
  class space    used 1510K, capacity 1634K, committed 1664K, reserved 1048576K
}
Event: 8.400 GC heap before
{Heap before GC invocations=1 (full 0):
 garbage-first heap   total 260096K, used 66190K [0x0000000702000000, 0x0000000800000000)
  region size 1024K, 62 young (63488K), 3 survivors (3072K)
 Metaspace       used 20653K, capacity 21161K, committed 21248K, reserved 1069056K
  class space    used 2274K, capacity 2486K, committed 2560K, reserved 1048576K
}
Event: 8.409 GC heap after
{Heap after GC invocations=2 (full 0):
 garbage-first heap   total 260096K, used 8730K [0x0000000702000000, 0x0000000800000000)
  region size 1024K, 5 young (5120K), 5 survivors (5120K)
 Metaspace       used 20653K, capacity 21161K, committed 21248K, reserved 1069056K
  class space    used 2274K, capacity 2486K, committed 2560K, reserved 1048576K
}
Event: 8.805 GC heap before
{Heap before GC invocations=3 (full 0):
 garbage-first heap   total 260096K, used 28186K [0x0000000702000000, 0x0000000800000000)
  region size 1024K, 25 young (25600K), 5 survivors (5120K)
 Metaspace       used 22284K, capacity 22900K, committed 23040K, reserved 1069056K
  class space    used 2542K, capacity 2793K, committed 2816K, reserved 1048576K
}
Event: 8.814 GC heap after
{Heap after GC invocations=4 (full 0):
 garbage-first heap   total 260096K, used 9478K [0x0000000702000000, 0x0000000800000000)
  region size 1024K, 3 young (3072K), 3 survivors (3072K)
 Metaspace       used 22284K, capacity 22900K, committed 23040K, reserved 1069056K
  class space    used 2542K, capacity 2793K, committed 2816K, reserved 1048576K
}
Event: 9.383 GC heap before
{Heap before GC invocations=5 (full 0):
 garbage-first heap   total 260096K, used 72966K [0x0000000702000000, 0x0000000800000000)
  region size 1024K, 66 young (67584K), 3 survivors (3072K)
 Metaspace       used 26934K, capacity 27700K, committed 27904K, reserved 1073152K
  class space    used 3288K, capacity 3580K, committed 3584K, reserved 1048576K
}
Event: 9.387 GC heap after
{Heap after GC invocations=6 (full 0):
 garbage-first heap   total 260096K, used 10670K [0x0000000702000000, 0x0000000800000000)
  region size 1024K, 4 young (4096K), 4 survivors (4096K)
 Metaspace       used 26934K, capacity 27700K, committed 27904K, reserved 1073152K
  class space    used 3288K, capacity 3580K, committed 3584K, reserved 1048576K
}
Event: 9.844 GC heap before
{Heap before GC invocations=6 (full 0):
 garbage-first heap   total 260096K, used 97710K [0x0000000702000000, 0x0000000800000000)
  region size 1024K, 89 young (91136K), 4 survivors (4096K)
 Metaspace       used 32419K, capacity 33242K, committed 33536K, reserved 1079296K
  class space    used 3928K, capacity 4261K, committed 4352K, reserved 1048576K
}
Event: 9.876 GC heap after
{Heap after GC invocations=7 (full 0):
 garbage-first heap   total 260096K, used 12442K [0x0000000702000000, 0x0000000800000000)
  region size 1024K, 6 young (6144K), 6 survivors (6144K)
 Metaspace       used 32419K, capacity 33242K, committed 33536K, reserved 1079296K
  class space    used 3928K, capacity 4261K, committed 4352K, reserved 1048576K
}
Event: 12.738 GC heap before
{Heap before GC invocations=7 (full 0):
 garbage-first heap   total 260096K, used 118938K [0x0000000702000000, 0x0000000800000000)
  region size 1024K, 111 young (113664K), 6 survivors (6144K)
 Metaspace       used 37459K, capacity 38494K, committed 38616K, reserved 1083392K
  class space    used 4648K, capacity 5068K, committed 5120K, reserved 1048576K
}
Event: 12.756 GC heap after
{Heap after GC invocations=8 (full 0):
 garbage-first heap   total 260096K, used 14839K [0x0000000702000000, 0x0000000800000000)
  region size 1024K, 8 young (8192K), 8 survivors (8192K)
 Metaspace       used 37459K, capacity 38494K, committed 38616K, reserved 1083392K
  class space    used 4648K, capacity 5068K, committed 5120K, reserved 1048576K
}
Event: 24.175 GC heap before
{Heap before GC invocations=9 (full 0):
 garbage-first heap   total 260096K, used 153079K [0x0000000702000000, 0x0000000800000000)
  region size 1024K, 143 young (146432K), 8 survivors (8192K)
 Metaspace       used 46542K, capacity 47959K, committed 48088K, reserved 1091584K
  class space    used 5774K, capacity 6332K, committed 6400K, reserved 1048576K
}
Event: 24.188 GC heap after
{Heap after GC invocations=10 (full 0):
 garbage-first heap   total 260096K, used 20675K [0x0000000702000000, 0x0000000800000000)
  region size 1024K, 14 young (14336K), 14 survivors (14336K)
 Metaspace       used 46542K, capacity 47959K, committed 48088K, reserved 1091584K
  class space    used 5774K, capacity 6332K, committed 6400K, reserved 1048576K
}
Event: 28.461 GC heap before
{Heap before GC invocations=10 (full 0):
 garbage-first heap   total 260096K, used 164035K [0x0000000702000000, 0x0000000800000000)
  region size 1024K, 152 young (155648K), 14 survivors (14336K)
 Metaspace       used 54530K, capacity 56139K, committed 56408K, reserved 1097728K
  class space    used 6633K, capacity 7252K, committed 7296K, reserved 1048576K
}
Event: 28.475 GC heap after
{Heap after GC invocations=11 (full 0):
 garbage-first heap   total 260096K, used 25220K [0x0000000702000000, 0x0000000800000000)
  region size 1024K, 14 young (14336K), 14 survivors (14336K)
 Metaspace       used 54530K, capacity 56139K, committed 56408K, reserved 1097728K
  class space    used 6633K, capacity 7252K, committed 7296K, reserved 1048576K
}
Event: 41.978 GC heap before
{Heap before GC invocations=11 (full 0):
 garbage-first heap   total 260096K, used 149124K [0x0000000702000000, 0x0000000800000000)
  region size 1024K, 136 young (139264K), 14 survivors (14336K)
 Metaspace       used 61634K, capacity 63464K, committed 63576K, reserved 1110016K
  class space    used 7572K, capacity 8270K, committed 8320K, reserved 1048576K
}
Event: 41.989 GC heap after
{Heap after GC invocations=12 (full 0):
 garbage-first heap   total 260096K, used 30973K [0x0000000702000000, 0x0000000800000000)
  region size 1024K, 11 young (11264K), 11 survivors (11264K)
 Metaspace       used 61634K, capacity 63464K, committed 63576K, reserved 1110016K
  class space    used 7572K, capacity 8270K, committed 8320K, reserved 1048576K
}

Deoptimization events (20 events):
Event: 41.974 Thread 0x0000029a14887000 DEOPT PACKING pc=0x0000029a0101332c sp=0x0000009b925fbbd0
Event: 41.974 Thread 0x0000029a14887000 DEOPT UNPACKING pc=0x0000029a0004a95e sp=0x0000009b925fb120 mode 1
Event: 41.974 Thread 0x0000029a14887000 DEOPT PACKING pc=0x0000029a00c20551 sp=0x0000009b925fbaf0
Event: 41.974 Thread 0x0000029a14887000 DEOPT UNPACKING pc=0x0000029a0004a95e sp=0x0000009b925fafb8 mode 1
Event: 41.974 Thread 0x0000029a14887000 DEOPT PACKING pc=0x0000029a00c1fc5c sp=0x0000009b925fbb70
Event: 41.974 Thread 0x0000029a14887000 DEOPT UNPACKING pc=0x0000029a0004a95e sp=0x0000009b925fb018 mode 1
Event: 41.975 Thread 0x0000029a14887000 DEOPT PACKING pc=0x0000029a0101332c sp=0x0000009b925fbbd0
Event: 41.975 Thread 0x0000029a14887000 DEOPT UNPACKING pc=0x0000029a0004a95e sp=0x0000009b925fb120 mode 1
Event: 41.976 Thread 0x0000029a14887000 DEOPT PACKING pc=0x0000029a00c3ffc4 sp=0x0000009b925fd7e0
Event: 41.976 Thread 0x0000029a14887000 DEOPT UNPACKING pc=0x0000029a0004a95e sp=0x0000009b925fcd00 mode 1
Event: 41.976 Thread 0x0000029a14887000 DEOPT PACKING pc=0x0000029a012a8b44 sp=0x0000009b925fd8c0
Event: 41.976 Thread 0x0000029a14887000 DEOPT UNPACKING pc=0x0000029a0004a95e sp=0x0000009b925fcd78 mode 1
Event: 41.976 Thread 0x0000029a14887000 DEOPT PACKING pc=0x0000029a00c3ffc4 sp=0x0000009b925fd7b0
Event: 41.976 Thread 0x0000029a14887000 DEOPT UNPACKING pc=0x0000029a0004a95e sp=0x0000009b925fcce8 mode 1
Event: 41.977 Thread 0x0000029a14887000 DEOPT PACKING pc=0x0000029a00c20551 sp=0x0000009b925fbb80
Event: 41.977 Thread 0x0000029a14887000 DEOPT UNPACKING pc=0x0000029a0004a95e sp=0x0000009b925fb048 mode 1
Event: 41.977 Thread 0x0000029a14887000 DEOPT PACKING pc=0x0000029a00c1fc5c sp=0x0000009b925fbc00
Event: 41.977 Thread 0x0000029a14887000 DEOPT UNPACKING pc=0x0000029a0004a95e sp=0x0000009b925fb0a8 mode 1
Event: 41.977 Thread 0x0000029a14887000 DEOPT PACKING pc=0x0000029a0101332c sp=0x0000009b925fbc60
Event: 41.977 Thread 0x0000029a14887000 DEOPT UNPACKING pc=0x0000029a0004a95e sp=0x0000009b925fb1b0 mode 1

Classes redefined (0 events):
No events

Internal exceptions (20 events):
Event: 31.451 Thread 0x0000029a14c11000 Exception <a 'java/lang/reflect/InvocationTargetException'{0x00000007119156e8}> (0x00000007119156e8) thrown at [s\src\hotspot\share\runtime\reflection.cpp, line 1245]
Event: 32.224 Thread 0x0000029a14c11000 Exception <a 'java/lang/reflect/InvocationTargetException'{0x0000000711918de0}> (0x0000000711918de0) thrown at [s\src\hotspot\share\runtime\reflection.cpp, line 1245]
Event: 33.839 Thread 0x0000029a14887000 Exception <a 'java/lang/ClassNotFoundException'{0x000000070ffa92b0}: java/lang/ObjectCustomizer> (0x000000070ffa92b0) thrown at [s\src\hotspot\share\classfile\systemDictionary.cpp, line 230]
Event: 33.840 Thread 0x0000029a14887000 Exception <a 'java/lang/ClassNotFoundException'{0x000000070ffc6a90}: org/springframework/security/config/annotation/web/configuration/WebSecurityConfigurationCustomizer> (0x000000070ffc6a90) thrown at [s\src\hotspot\share\classfile\systemDictionary.cpp, line 230]
Event: 33.841 Thread 0x0000029a14887000 Exception <a 'java/lang/ClassNotFoundException'{0x000000070ffe36d0}: org/springframework/context/annotation/ImportAwareCustomizer> (0x000000070ffe36d0) thrown at [s\src\hotspot\share\classfile\systemDictionary.cpp, line 230]
Event: 33.842 Thread 0x0000029a14887000 Exception <a 'java/lang/ClassNotFoundException'{0x000000070fff65e0}: org/springframework/beans/factory/AwareCustomizer> (0x000000070fff65e0) thrown at [s\src\hotspot\share\classfile\systemDictionary.cpp, line 230]
Event: 33.842 Thread 0x0000029a14887000 Exception <a 'java/lang/ClassNotFoundException'{0x000000070fe0b308}: org/springframework/beans/factory/BeanClassLoaderAwareCustomizer> (0x000000070fe0b308) thrown at [s\src\hotspot\share\classfile\systemDictionary.cpp, line 230]
Event: 33.843 Thread 0x0000029a14887000 Exception <a 'java/lang/ClassNotFoundException'{0x000000070fe1e228}: org/springframework/beans/factory/AwareCustomizer> (0x000000070fe1e228) thrown at [s\src\hotspot\share\classfile\systemDictionary.cpp, line 230]
Event: 34.395 Thread 0x0000029a14887000 Exception <a 'java/lang/NoSuchMethodError'{0x000000070e203eb8}: 'java.lang.Object java.lang.invoke.DirectMethodHandle$Holder.newInvokeSpecial(java.lang.Object, java.lang.Object, java.lang.Object, java.lang.Object, java.lang.Object)'> (0x000000070e203eb8) thrown at [s\src\hotspot\share\interpreter\linkResolver.cpp, line 773]
Event: 34.776 Thread 0x0000029a14887000 Exception <a 'java/lang/IncompatibleClassChangeError'{0x000000070d770ce0}: Found class java.lang.Object, but interface was expected> (0x000000070d770ce0) thrown at [s\src\hotspot\share\interpreter\linkResolver.cpp, line 839]
Event: 35.125 Thread 0x0000029a14887000 Exception <a 'java/lang/ClassNotFoundException'{0x000000070c9e2e80}: java/lang/ObjectCustomizer> (0x000000070c9e2e80) thrown at [s\src\hotspot\share\classfile\systemDictionary.cpp, line 230]
Event: 35.126 Thread 0x0000029a14887000 Exception <a 'java/lang/ClassNotFoundException'{0x000000070c800b10}: org/springframework/security/config/annotation/web/configuration/HttpSecurityConfigurationCustomizer> (0x000000070c800b10) thrown at [s\src\hotspot\share\classfile\systemDictionary.cpp, line 230]
Event: 35.190 Thread 0x0000029a14887000 Exception <a 'java/lang/NoSuchMethodError'{0x000000070c557ef0}: 'java.lang.Object java.lang.invoke.DirectMethodHandle$Holder.invokeInterface(java.lang.Object, java.lang.Object, java.lang.Object, java.lang.Object)'> (0x000000070c557ef0) thrown at [s\src\hotspot\share\interpreter\linkResolver.cpp, line 773]
Event: 35.340 Thread 0x0000029a14c11000 Exception <a 'java/lang/reflect/InvocationTargetException'{0x000000071191c4d8}> (0x000000071191c4d8) thrown at [s\src\hotspot\share\runtime\reflection.cpp, line 1245]
Event: 35.996 Thread 0x0000029a14c11000 Exception <a 'java/lang/reflect/InvocationTargetException'{0x000000071191fbd0}> (0x000000071191fbd0) thrown at [s\src\hotspot\share\runtime\reflection.cpp, line 1245]
Event: 37.352 Thread 0x0000029a14c11000 Exception <a 'java/lang/reflect/InvocationTargetException'{0x00000007119232c8}> (0x00000007119232c8) thrown at [s\src\hotspot\share\runtime\reflection.cpp, line 1245]
Event: 37.683 Thread 0x0000029a14887000 Exception <a 'java/lang/NoSuchMethodError'{0x000000070bd30050}: 'int java.lang.invoke.DirectMethodHandle$Holder.invokeVirtual(java.lang.Object, java.lang.Object, java.lang.Object)'> (0x000000070bd30050) thrown at [s\src\hotspot\share\interpreter\linkResolver.cpp, line 773]
Event: 37.864 Thread 0x0000029a14c11000 Exception <a 'java/lang/reflect/InvocationTargetException'{0x00000007119269c0}> (0x00000007119269c0) thrown at [s\src\hotspot\share\runtime\reflection.cpp, line 1245]
Event: 38.426 Thread 0x0000029a14c11000 Exception <a 'java/lang/reflect/InvocationTargetException'{0x000000071192a0b8}> (0x000000071192a0b8) thrown at [s\src\hotspot\share\runtime\reflection.cpp, line 1245]
Event: 39.585 Thread 0x0000029a14c11000 Exception <a 'java/lang/reflect/InvocationTargetException'{0x000000070ab04880}> (0x000000070ab04880) thrown at [s\src\hotspot\share\runtime\reflection.cpp, line 1245]

Events (20 events):
Event: 41.932 loading class org/springframework/boot/info/InfoProperties done
Event: 41.932 loading class org/springframework/boot/info/GitProperties
Event: 41.932 loading class org/springframework/boot/info/GitProperties done
Event: 41.961 loading class org/springframework/jdbc/core/ParameterizedPreparedStatementSetter
Event: 41.961 loading class org/springframework/jdbc/core/ParameterizedPreparedStatementSetter done
Event: 41.962 loading class org/springframework/jdbc/support/rowset/SqlRowSet
Event: 41.962 loading class org/springframework/jdbc/support/rowset/SqlRowSet done
Event: 41.963 loading class org/springframework/jdbc/support/KeyHolder
Event: 41.963 loading class org/springframework/jdbc/support/KeyHolder done
Event: 41.964 loading class org/springframework/jdbc/core/CallableStatementCallback
Event: 41.964 loading class org/springframework/jdbc/core/CallableStatementCallback done
Event: 41.964 loading class org/springframework/jdbc/core/RowCallbackHandler
Event: 41.964 loading class org/springframework/jdbc/core/RowCallbackHandler done
Event: 41.975 Executing VM operation: BulkRevokeBias
Event: 41.976 Executing VM operation: BulkRevokeBias done
Event: 41.977 loading class org/springframework/jdbc/core/namedparam/SqlParameterSource
Event: 41.977 loading class org/springframework/jdbc/core/namedparam/SqlParameterSource done
Event: 41.978 loading class org/springframework/jdbc/core/namedparam/NamedParameterUtils
Event: 41.978 loading class org/springframework/jdbc/core/namedparam/NamedParameterUtils done
Event: 41.978 Executing VM operation: CollectForMetadataAllocation


Dynamic libraries:
0x00007ff6611a0000 - 0x00007ff6611ae000 	C:\Program Files\Java\jdk-11\bin\javaw.exe
0x00007ffad3150000 - 0x00007ffad3348000 	C:\Windows\SYSTEM32\ntdll.dll
0x00007ffad1260000 - 0x00007ffad131f000 	C:\Windows\System32\KERNEL32.DLL
0x00007ffad0830000 - 0x00007ffad0b26000 	C:\Windows\System32\KERNELBASE.dll
0x00007ffad0d80000 - 0x00007ffad0e80000 	C:\Windows\System32\ucrtbase.dll
0x00007ffacdf70000 - 0x00007ffacdf88000 	C:\Program Files\Java\jdk-11\bin\jli.dll
0x00007ffad2180000 - 0x00007ffad231d000 	C:\Windows\System32\USER32.dll
0x00007ffad1020000 - 0x00007ffad1042000 	C:\Windows\System32\win32u.dll
0x00007ffad3090000 - 0x00007ffad30bc000 	C:\Windows\System32\GDI32.dll
0x00007ffad0b30000 - 0x00007ffad0c45000 	C:\Windows\System32\gdi32full.dll
0x00007ffad0ef0000 - 0x00007ffad0f8d000 	C:\Windows\System32\msvcp_win.dll
0x00007ffacdf50000 - 0x00007ffacdf69000 	C:\Program Files\Java\jdk-11\bin\VCRUNTIME140.dll
0x00007ffac2200000 - 0x00007ffac249a000 	C:\Windows\WinSxS\amd64_microsoft.windows.common-controls_6595b64144ccf1df_6.0.19041.1110_none_60b5254171f9507e\COMCTL32.dll
0x00007ffad1900000 - 0x00007ffad199e000 	C:\Windows\System32\msvcrt.dll
0x00007ffad30c0000 - 0x00007ffad30f0000 	C:\Windows\System32\IMM32.DLL
0x00007ffacdea0000 - 0x00007ffacdeac000 	C:\Program Files\Java\jdk-11\bin\vcruntime140_1.dll
0x00007ffaa9e40000 - 0x00007ffaa9ed1000 	C:\Program Files\Java\jdk-11\bin\msvcp140.dll
0x00007ffa6dda0000 - 0x00007ffa6e95c000 	C:\Program Files\Java\jdk-11\bin\server\jvm.dll
0x00007ffad2730000 - 0x00007ffad27df000 	C:\Windows\System32\ADVAPI32.dll
0x00007ffad1860000 - 0x00007ffad18fc000 	C:\Windows\System32\sechost.dll
0x00007ffad2600000 - 0x00007ffad2726000 	C:\Windows\System32\RPCRT4.dll
0x00007ffad1e20000 - 0x00007ffad1e28000 	C:\Windows\System32\PSAPI.DLL
0x00007ffabc7d0000 - 0x00007ffabc7d9000 	C:\Windows\SYSTEM32\WSOCK32.dll
0x00007ffad2450000 - 0x00007ffad24bb000 	C:\Windows\System32\WS2_32.dll
0x00007ffacbe90000 - 0x00007ffacbeb7000 	C:\Windows\SYSTEM32\WINMM.dll
0x00007ffacb570000 - 0x00007ffacb57a000 	C:\Windows\SYSTEM32\VERSION.dll
0x00007fface700000 - 0x00007fface712000 	C:\Windows\SYSTEM32\kernel.appcore.dll
0x00007ffacddd0000 - 0x00007ffacdde0000 	C:\Program Files\Java\jdk-11\bin\verify.dll
0x00007ffabffd0000 - 0x00007ffac01b4000 	C:\Windows\SYSTEM32\DBGHELP.DLL
0x00007ffabbf70000 - 0x00007ffabbfa4000 	C:\Windows\SYSTEM32\dbgcore.DLL
0x00007ffad0f90000 - 0x00007ffad1012000 	C:\Windows\System32\bcryptPrimitives.dll
0x00007ffacdd80000 - 0x00007ffacdda8000 	C:\Program Files\Java\jdk-11\bin\java.dll
0x00007ffac92a0000 - 0x00007ffac92aa000 	C:\Program Files\Java\jdk-11\bin\jimage.dll
0x00007ffac2e00000 - 0x00007ffac2e38000 	C:\Program Files\Java\jdk-11\bin\jdwp.dll
0x00007ffac9290000 - 0x00007ffac929e000 	C:\Program Files\Java\jdk-11\bin\instrument.dll
0x00007ffac3800000 - 0x00007ffac3818000 	C:\Program Files\Java\jdk-11\bin\zip.dll
0x00007ffad2940000 - 0x00007ffad3084000 	C:\Windows\System32\SHELL32.dll
0x00007fface900000 - 0x00007ffacf093000 	C:\Windows\SYSTEM32\windows.storage.dll
0x00007ffad1380000 - 0x00007ffad16d4000 	C:\Windows\System32\combase.dll
0x00007ffad01a0000 - 0x00007ffad01ce000 	C:\Windows\SYSTEM32\Wldp.dll
0x00007ffad24c0000 - 0x00007ffad256d000 	C:\Windows\System32\SHCORE.dll
0x00007ffad16e0000 - 0x00007ffad1735000 	C:\Windows\System32\shlwapi.dll
0x00007ffad0770000 - 0x00007ffad078f000 	C:\Windows\SYSTEM32\profapi.dll
0x00007ffac2c60000 - 0x00007ffac2c6a000 	C:\Program Files\Java\jdk-11\bin\dt_socket.dll
0x00007ffacff00000 - 0x00007ffacff6a000 	C:\Windows\System32\mswsock.dll
0x00007ffacfc30000 - 0x00007ffacfcfa000 	C:\Windows\SYSTEM32\DNSAPI.dll
0x00007ffacfbf0000 - 0x00007ffacfc2c000 	C:\Windows\SYSTEM32\IPHLPAPI.DLL
0x00007ffad2170000 - 0x00007ffad2178000 	C:\Windows\System32\NSI.dll
0x00007ffac45b0000 - 0x00007ffac4632000 	C:\Windows\System32\fwpuclnt.dll
0x00007ffad0c50000 - 0x00007ffad0c77000 	C:\Windows\System32\bcrypt.dll
0x00007ffac3940000 - 0x00007ffac394a000 	C:\Windows\System32\rasadhlp.dll
0x00007ffac37e0000 - 0x00007ffac37f9000 	C:\Program Files\Java\jdk-11\bin\net.dll
0x00007ffac5170000 - 0x00007ffac527a000 	C:\Windows\SYSTEM32\WINHTTP.dll
0x00007ffac3570000 - 0x00007ffac3583000 	C:\Program Files\Java\jdk-11\bin\nio.dll
0x00007ffac2de0000 - 0x00007ffac2de9000 	C:\Program Files\Java\jdk-11\bin\management.dll
0x00007ffac2dd0000 - 0x00007ffac2ddb000 	C:\Program Files\Java\jdk-11\bin\management_ext.dll
0x00007ffaba430000 - 0x00007ffaba447000 	C:\Windows\system32\napinsp.dll
0x00007ffaba410000 - 0x00007ffaba42b000 	C:\Windows\system32\pnrpnsp.dll
0x00007ffaba3f0000 - 0x00007ffaba405000 	C:\Windows\system32\wshbth.dll
0x00007ffacdbb0000 - 0x00007ffacdbcd000 	C:\Windows\system32\NLAapi.dll
0x00007ffaba3d0000 - 0x00007ffaba3e2000 	C:\Windows\System32\winrnr.dll
0x00007ffad0100000 - 0x00007ffad0118000 	C:\Windows\SYSTEM32\CRYPTSP.dll
0x00007ffacf820000 - 0x00007ffacf854000 	C:\Windows\system32\rsaenh.dll
0x00007ffad06f0000 - 0x00007ffad071e000 	C:\Windows\SYSTEM32\USERENV.dll
0x00007ffad00f0000 - 0x00007ffad00fc000 	C:\Windows\SYSTEM32\CRYPTBASE.dll
0x00007ffac5540000 - 0x00007ffac5557000 	C:\Windows\SYSTEM32\dhcpcsvc6.DLL
0x00007ffac5520000 - 0x00007ffac553d000 	C:\Windows\SYSTEM32\dhcpcsvc.DLL
0x00007ffac2df0000 - 0x00007ffac2dfe000 	C:\Program Files\Java\jdk-11\bin\sunmscapi.dll
0x00007ffad1050000 - 0x00007ffad11ae000 	C:\Windows\System32\CRYPT32.dll
0x00007ffad0210000 - 0x00007ffad0238000 	C:\Windows\SYSTEM32\ncrypt.dll
0x00007ffad01d0000 - 0x00007ffad020b000 	C:\Windows\SYSTEM32\NTASN1.dll
0x00007ffac2c30000 - 0x00007ffac2c57000 	C:\Program Files\Java\jdk-11\bin\sunec.dll

dbghelp: loaded successfully - version: 4.0.5 - missing functions: none
symbol engine: initialized successfully - sym options: 0x614 - pdb path: .;C:\Program Files\Java\jdk-11\bin;C:\Windows\SYSTEM32;C:\Windows\WinSxS\amd64_microsoft.windows.common-controls_6595b64144ccf1df_6.0.19041.1110_none_60b5254171f9507e;C:\Program Files\Java\jdk-11\bin\server

VM Arguments:
jvm_args: -agentlib:jdwp=transport=dt_socket,suspend=y,address=localhost:58529 -Dcom.sun.management.jmxremote -Dcom.sun.management.jmxremote.port=57940 -Dcom.sun.management.jmxremote.authenticate=false -Dcom.sun.management.jmxremote.ssl=false -Djava.rmi.server.hostname=localhost -Dspring.jmx.enabled=true -Dspring.liveBeansView.mbeanDomain -Dspring.application.admin.enabled=true -XX:TieredStopAtLevel=1 -Dspring.boot.project.name=pet-shopping-mall -javaagent:C:\dev\sts-bundle\sts-3.9.17.RELEASE\configuration\org.eclipse.osgi\311\0\.cp\lib\javaagent-shaded.jar -Dfile.encoding=UTF-8 
java_command: com.shop.app.PetShoppingMallApplication --spring.output.ansi.enabled=always
java_class_path (initial): C:\Workspaces\documents\pet-shopping-mall\target\classes;C:\Users\user1\.m2\repository\org\springframework\boot\spring-boot-starter-cache\2.7.14\spring-boot-starter-cache-2.7.14.jar;C:\Users\user1\.m2\repository\org\springframework\boot\spring-boot-starter\2.7.14\spring-boot-starter-2.7.14.jar;C:\Users\user1\.m2\repository\org\springframework\boot\spring-boot-starter-logging\2.7.14\spring-boot-starter-logging-2.7.14.jar;C:\Users\user1\.m2\repository\ch\qos\logback\logback-classic\1.2.12\logback-classic-1.2.12.jar;C:\Users\user1\.m2\repository\ch\qos\logback\logback-core\1.2.12\logback-core-1.2.12.jar;C:\Users\user1\.m2\repository\org\apache\logging\log4j\log4j-to-slf4j\2.17.2\log4j-to-slf4j-2.17.2.jar;C:\Users\user1\.m2\repository\org\apache\logging\log4j\log4j-api\2.17.2\log4j-api-2.17.2.jar;C:\Users\user1\.m2\repository\org\slf4j\jul-to-slf4j\1.7.36\jul-to-slf4j-1.7.36.jar;C:\Users\user1\.m2\repository\jakarta\annotation\jakarta.annotation-api\1.3.5\jakarta.annotation-api-1.3.5.jar;C:\Users\user1\.m2\repository\org\yaml\snakeyaml\1.30\snakeyaml-1.30.jar;C:\Users\user1\.m2\repository\org\springframework\spring-context-support\5.3.29\spring-context-support-5.3.29.jar;C:\Users\user1\.m2\repository\org\springframework\security\spring-security-oauth2-client\5.7.10\spring-security-oauth2-client-5.7.10.jar;C:\Users\user1\.m2\repository\org\springframework\security\spring-security-core\5.7.10\spring-security-core-5.7.10.jar;C:\Users\user1\.m2\repository\org\springframework\security\spring-security-crypto\5.7.10\spring-security-crypto-5.7.10.jar;C:\Users\user1\.m2\repository\org\springframework\security\spring-security-oauth2-core\5.7.10\spring-security-oauth2-core-5.7.10.jar;C:\Users\user1\.m2\repository\org\springframework\security\spring-security-web\5.7.10\spring-security-web-5.7.10.jar;C:\Users\user1\.m2\repository\org\springframework\spring-core\5.3.29\spring-core-5.3.29.jar;C:\Users\user1\.m2\repository\org\springframework\spring-jcl\5.3
Launcher Type: SUN_STANDARD

[Global flags]
     intx CICompilerCount                          = 4                                         {product} {ergonomic}
     uint ConcGCThreads                            = 3                                         {product} {ergonomic}
     uint G1ConcRefinementThreads                  = 10                                        {product} {ergonomic}
   size_t G1HeapRegionSize                         = 1048576                                   {product} {ergonomic}
    uintx GCDrainStackTargetSize                   = 64                                        {product} {ergonomic}
   size_t InitialHeapSize                          = 266338304                                 {product} {ergonomic}
     bool ManagementServer                         = true                                      {product} {command line}
   size_t MarkStackSize                            = 4194304                                   {product} {ergonomic}
   size_t MaxHeapSize                              = 4261412864                                {product} {ergonomic}
   size_t MaxNewSize                               = 2556428288                                {product} {ergonomic}
   size_t MinHeapDeltaBytes                        = 1048576                                   {product} {ergonomic}
    uintx NonNMethodCodeHeapSize                   = 7549744                                {pd product} {ergonomic}
    uintx NonProfiledCodeHeapSize                  = 244108496                              {pd product} {ergonomic}
    uintx ProfiledCodeHeapSize                     = 0                                      {pd product} {ergonomic}
    uintx ReservedCodeCacheSize                    = 251658240                              {pd product} {ergonomic}
     bool SegmentedCodeCache                       = true                                      {product} {ergonomic}
     intx TieredStopAtLevel                        = 1                                         {product} {command line}
     bool UseCompressedClassPointers               = true                                 {lp64_product} {ergonomic}
     bool UseCompressedOops                        = true                                 {lp64_product} {ergonomic}
     bool UseG1GC                                  = true                                      {product} {ergonomic}
     bool UseLargePagesIndividualAllocation        = false                                  {pd product} {ergonomic}

Logging:
Log output configuration:
 #0: stdout all=warning uptime,level,tags
 #1: stderr all=off uptime,level,tags

Environment Variables:
JAVA_HOME=C:\Program Files\Java\jdk-11
PATH=C:\Program Files\Java\jdk-17\bin;C:\app\user1\product\21c\dbhomeXE\bin;C:\Program Files\Common Files\Oracle\Java\javapath;C:\Windows\system32;C:\Windows;C:\Windows\System32\Wbem;C:\Windows\System32\WindowsPowerShell\v1.0\;C:\Windows\System32\OpenSSH\;C:\Program Files\Git\cmd;C:\Program Files\Bandizip\;C:\Program Files\nodejs\;C:\Users\user1\AppData\Local\Microsoft\WindowsApps;C:\Users\user1\AppData\Local\Programs\Microsoft VS Code\bin;C:\Users\user1\AppData\Local\GitHubDesktop\bin;C:\Users\user1\AppData\Roaming\npm
USERNAME=user1
OS=Windows_NT
PROCESSOR_IDENTIFIER=Intel64 Family 6 Model 158 Stepping 10, GenuineIntel
TMP=C:\Users\user1\AppData\Local\Temp
TEMP=C:\Users\user1\AppData\Local\Temp



---------------  S Y S T E M  ---------------

OS: Windows 10 , 64 bit Build 19041 (10.0.19041.3031)
OS uptime: 36 days 9:44 hours

CPU:total 12 (initial active 12) (6 cores per cpu, 2 threads per core) family 6 model 158 stepping 10 microcode 0xb4, cmov, cx8, fxsr, mmx, sse, sse2, sse3, ssse3, sse4.1, sse4.2, popcnt, avx, avx2, aes, clmul, erms, rtm, 3dnowpref, lzcnt, ht, tsc, tscinvbit, bmi1, bmi2, adx, fma

Memory: 4k page, system-wide physical 16251M (451M free)
TotalPageFile size 46971M (AvailPageFile size 100M)
current process WorkingSet (physical memory assigned to process): 325M, peak: 325M
current process commit charge ("private bytes"): 442M, peak: 443M

vm_info: OpenJDK 64-Bit Server VM (11.0.20+8) for windows-amd64 JRE (11.0.20+8), built on Jul 18 2023 17:06:26 by "" with MS VC++ 16.7 (VS2019)

END.
