#
# There is insufficient memory for the Java Runtime Environment to continue.
# Native memory allocation (malloc) failed to allocate 1048576 bytes for AllocateHeap
# Possible reasons:
#   The system is out of physical RAM or swap space
#   The process is running with CompressedOops enabled, and the Java Heap may be blocking the growth of the native heap
# Possible solutions:
#   Reduce memory load on the system
#   Increase physical memory or swap space
#   Check if swap backing store is full
#   Decrease Java heap size (-Xmx/-Xms)
#   Decrease number of Java threads
#

 "VM Thread" [stack: 0x000000e5aaa00000,0x000000e5aab00000] [id=14016]

Stack: [0x000000e5aaa00000,0x000000e5aab00000]
[error occurred during error reporting (printing stack bounds), id 0xc0000005, EXCEPTION_ACCESS_VIOLATION (0xc0000005) at pc=0x000002096d13112d]

Native frames: (J=compiled Java code, j=interpreted, Vv=VM code, C=native code)
V  [jvm.dll+0x64fb8a]
V  [jvm.dll+0x7e3799]
V  [jvm.dll+0x7e4e99]
V  [jvm.dll+0x7e54e5]
V  [jvm.dll+0x7e549b]
V  [jvm.dll+0x64ee95]
V  [jvm.dll+0x64f598]
C  [ntdll.dll+0xa247f]
C  [ntdll.dll+0x514f4]
C  [ntdll.dll+0xa0f8e]
C  0x000002096d13112d

VM_Operation (0x000000e5ac0fa750): CollectForMetadataAllocation, mode: safepoint, requested by thread 0x000002090abbb800


---------------  P R O C E S S  ---------------

Threads class SMR info:
_java_thread_list=0x000002090d11ed40, length=24, elements={
0x00000209649be800, 0x0000020908b8e800, 0x0000020908b90000, 0x00000209094b6800,
0x0000020908b96000, 0x0000020908b97000, 0x0000020908b9a000, 0x00000209094e8000,
0x0000020908b46800, 0x00000209096b7000, 0x00000209096b8000, 0x00000209096bb000,
0x000002090a0d8000, 0x000002090a109800, 0x000002090a124800, 0x000002090ab8e800,
0x000002090abbb800, 0x000002090abdc000, 0x000002090abde800, 0x000002090b826800,
0x000002090b825800, 0x000002090b827000, 0x000002090b824000, 0x000002090b829000
}

Java Threads: ( => current thread )
  0x00000209649be800 JavaThread "main" [_thread_blocked, id=9508, stack(0x000000e5aa400000,0x000000e5aa500000)]
  0x0000020908b8e800 JavaThread "Reference Handler" daemon [_thread_blocked, id=876, stack(0x000000e5aab00000,0x000000e5aac00000)]
  0x0000020908b90000 JavaThread "Finalizer" daemon [_thread_blocked, id=4348, stack(0x000000e5aac00000,0x000000e5aad00000)]
  0x00000209094b6800 JavaThread "Signal Dispatcher" daemon [_thread_blocked, id=2704, stack(0x000000e5aad00000,0x000000e5aae00000)]
  0x0000020908b96000 JavaThread "Attach Listener" daemon [_thread_blocked, id=16716, stack(0x000000e5aae00000,0x000000e5aaf00000)]
  0x0000020908b97000 JavaThread "Service Thread" daemon [_thread_blocked, id=11448, stack(0x000000e5aaf00000,0x000000e5ab000000)]
  0x0000020908b9a000 JavaThread "C1 CompilerThread0" daemon [_thread_blocked, id=10984, stack(0x000000e5ab000000,0x000000e5ab100000)]
  0x00000209094e8000 JavaThread "Sweeper thread" daemon [_thread_blocked, id=2632, stack(0x000000e5ab100000,0x000000e5ab200000)]
  0x0000020908b46800 JavaThread "Common-Cleaner" daemon [_thread_blocked, id=10560, stack(0x000000e5ab200000,0x000000e5ab300000)]
  0x00000209096b7000 JavaThread "JDWP Transport Listener: dt_socket" daemon [_thread_blocked, id=9560, stack(0x000000e5ab300000,0x000000e5ab400000)]
  0x00000209096b8000 JavaThread "JDWP Event Helper Thread" daemon [_thread_blocked, id=5268, stack(0x000000e5ab400000,0x000000e5ab500000)]
  0x00000209096bb000 JavaThread "JDWP Command Reader" daemon [_thread_in_native, id=6608, stack(0x000000e5ab500000,0x000000e5ab600000)]
  0x000002090a0d8000 JavaThread "RMI TCP Accept-0" daemon [_thread_in_native, id=17608, stack(0x000000e5ab600000,0x000000e5ab700000)]
  0x000002090a109800 JavaThread "RMI TCP Accept-57948" daemon [_thread_in_native, id=17612, stack(0x000000e5ab700000,0x000000e5ab800000)]
  0x000002090a124800 JavaThread "RMI TCP Accept-0" daemon [_thread_in_native, id=17628, stack(0x000000e5ab800000,0x000000e5ab900000)]
  0x000002090ab8e800 JavaThread "Thread-0" [_thread_blocked, id=18236, stack(0x000000e5abf00000,0x000000e5ac000000)]
  0x000002090abbb800 JavaThread "restartedMain" [_thread_blocked, id=19140, stack(0x000000e5ac000000,0x000000e5ac100000)]
  0x000002090abdc000 JavaThread "RMI TCP Connection(idle)" daemon [_thread_blocked, id=19180, stack(0x000000e5ac100000,0x000000e5ac200000)]
  0x000002090abde800 JavaThread "RMI Scheduler(0)" daemon [_thread_blocked, id=19280, stack(0x000000e5ac200000,0x000000e5ac300000)]
  0x000002090b826800 JavaThread "RMI TCP Connection(2)-127.0.0.1" daemon [_thread_in_native, id=19944, stack(0x000000e5ac500000,0x000000e5ac600000)]
  0x000002090b825800 JavaThread "JMX server connection timeout 29" daemon [_thread_blocked, id=20136, stack(0x000000e5ac800000,0x000000e5ac900000)]
  0x000002090b827000 JavaThread "Catalina-utility-1" [_thread_blocked, id=26380, stack(0x000000e5acc00000,0x000000e5acd00000)]
  0x000002090b824000 JavaThread "Catalina-utility-2" [_thread_blocked, id=26388, stack(0x000000e5acd00000,0x000000e5ace00000)]
  0x000002090b829000 JavaThread "container-0" [_thread_blocked, id=26396, stack(0x000000e5ace00000,0x000000e5acf00000)]

Other Threads:
=>0x0000020908b8c800 VMThread "VM Thread" [stack: 0x000000e5aaa00000,0x000000e5aab00000] [id=14016]
  0x000002090a125000 WatcherThread [stack: 0x000000e5ab900000,0x000000e5aba00000] [id=17636]
  0x00000209649d8000 GCTaskThread "GC Thread#0" [stack: 0x000000e5aa500000,0x000000e5aa600000] [id=10472]
  0x000002090a27b000 GCTaskThread "GC Thread#1" [stack: 0x000000e5aba00000,0x000000e5abb00000] [id=17912]
  0x000002090a27d800 GCTaskThread "GC Thread#2" [stack: 0x000000e5abb00000,0x000000e5abc00000] [id=17916]
  0x000002090a27c800 GCTaskThread "GC Thread#3" [stack: 0x000000e5abc00000,0x000000e5abd00000] [id=17920]
  0x000002090a27e000 GCTaskThread "GC Thread#4" [stack: 0x000000e5abd00000,0x000000e5abe00000] [id=17924]
  0x000002090a278000 GCTaskThread "GC Thread#5" [stack: 0x000000e5abe00000,0x000000e5abf00000] [id=17928]
  0x000002090a279000 GCTaskThread "GC Thread#6" [stack: 0x000000e5ac600000,0x000000e5ac700000] [id=3488]
  0x000002090a27a800 GCTaskThread "GC Thread#7" [stack: 0x000000e5ac700000,0x000000e5ac800000] [id=13032]
  0x000002090a27c000 GCTaskThread "GC Thread#8" [stack: 0x000000e5ac900000,0x000000e5aca00000] [id=8496]
  0x000002090a279800 GCTaskThread "GC Thread#9" [stack: 0x000000e5aca00000,0x000000e5acb00000] [id=15376]
  0x0000020964a35000 ConcurrentGCThread "G1 Main Marker" [stack: 0x000000e5aa600000,0x000000e5aa700000] [id=5812]
  0x0000020964a38000 ConcurrentGCThread "G1 Conc#0" [stack: 0x000000e5aa700000,0x000000e5aa800000] [id=15440]
  0x000002090a27e800 ConcurrentGCThread "G1 Conc#1" [stack: 0x000000e5ac300000,0x000000e5ac400000] [id=14900]
  0x000002090a27f800 ConcurrentGCThread "G1 Conc#2" [stack: 0x000000e5ac400000,0x000000e5ac500000] [id=16332]
  0x0000020964a8d800 ConcurrentGCThread "G1 Refine#0" [stack: 0x000000e5aa800000,0x000000e5aa900000] [id=10384]
  0x0000020964a8e800 ConcurrentGCThread "G1 Young RemSet Sampling" [stack: 0x000000e5aa900000,0x000000e5aaa00000] [id=8784]

Threads with active compile tasks:

VM state:at safepoint (normal execution)

VM Mutex/Monitor currently owned by a thread:  ([mutex/lock_event])
[0x00000209649bbd40] Threads_lock - owner thread: 0x0000020908b8c800
[0x00000209649babd0] Heap_lock - owner thread: 0x000002090abbb800

Heap address: 0x0000000702000000, size: 4064 MB, Compressed Oops mode: Zero based, Oop shift amount: 3
Narrow klass base: 0x0000000800000000, Narrow klass shift: 0
Compressed class space size: 1073741824 Address: 0x0000000800000000

Heap:
 garbage-first heap   total 260096K, used 23947K [0x0000000702000000, 0x0000000800000000)
  region size 1024K, 11 young (11264K), 11 survivors (11264K)
 Metaspace       used 51514K, capacity 53035K, committed 53120K, reserved 1103872K
  class space    used 6395K, capacity 6997K, committed 7040K, reserved 1048576K
Heap Regions: E=young(eden), S=young(survivor), O=old, HS=humongous(starts), HC=humongous(continues), CS=collection set, F=free, A=archive, TAMS=top-at-mark-start (previous, next)
|   0|0x0000000702000000, 0x0000000702100000, 0x0000000702100000|100%| O|  |TAMS 0x0000000702100000, 0x0000000702100000| Untracked 
|   1|0x0000000702100000, 0x0000000702200000, 0x0000000702200000|100%| O|  |TAMS 0x0000000702200000, 0x0000000702200000| Untracked 
|   2|0x0000000702200000, 0x0000000702300000, 0x0000000702300000|100%| O|  |TAMS 0x0000000702300000, 0x0000000702300000| Untracked 
|   3|0x0000000702300000, 0x0000000702400000, 0x0000000702400000|100%| O|  |TAMS 0x0000000702400000, 0x0000000702400000| Untracked 
|   4|0x0000000702400000, 0x0000000702500000, 0x0000000702500000|100%| O|  |TAMS 0x0000000702500000, 0x0000000702500000| Untracked 
|   5|0x0000000702500000, 0x0000000702600000, 0x0000000702600000|100%| O|  |TAMS 0x0000000702600000, 0x0000000702600000| Untracked 
|   6|0x0000000702600000, 0x0000000702700000, 0x0000000702700000|100%| O|  |TAMS 0x00000007026aae00, 0x0000000702700000| Untracked 
|   7|0x0000000702700000, 0x0000000702800000, 0x0000000702800000|100%| O|  |TAMS 0x0000000702700000, 0x0000000702800000| Untracked 
|   8|0x0000000702800000, 0x0000000702900000, 0x0000000702900000|100%| O|  |TAMS 0x0000000702800000, 0x0000000702900000| Untracked 
|   9|0x0000000702900000, 0x0000000702a00000, 0x0000000702a00000|100%| O|  |TAMS 0x0000000702900000, 0x0000000702a00000| Untracked 
|  10|0x0000000702a00000, 0x0000000702b00000, 0x0000000702b00000|100%| O|  |TAMS 0x0000000702a00000, 0x0000000702b00000| Untracked 
|  11|0x0000000702b00000, 0x0000000702c00000, 0x0000000702c00000|100%| O|  |TAMS 0x0000000702b00000, 0x0000000702c00000| Untracked 
|  12|0x0000000702c00000, 0x0000000702d00000, 0x0000000702d00000|100%| O|  |TAMS 0x0000000702c00000, 0x0000000702d00000| Untracked 
|  13|0x0000000702d00000, 0x0000000702d23c00, 0x0000000702e00000| 13%| O|  |TAMS 0x0000000702d00000, 0x0000000702d23c00| Untracked 
|  14|0x0000000702e00000, 0x0000000702e00000, 0x0000000702f00000|  0%| F|  |TAMS 0x0000000702e00000, 0x0000000702e00000| Untracked 
|  15|0x0000000702f00000, 0x0000000702f00000, 0x0000000703000000|  0%| F|  |TAMS 0x0000000702f00000, 0x0000000702f00000| Untracked 
|  16|0x0000000703000000, 0x0000000703000000, 0x0000000703100000|  0%| F|  |TAMS 0x0000000703000000, 0x0000000703000000| Untracked 
|  17|0x0000000703100000, 0x0000000703100000, 0x0000000703200000|  0%| F|  |TAMS 0x0000000703100000, 0x0000000703100000| Untracked 
|  18|0x0000000703200000, 0x0000000703200000, 0x0000000703300000|  0%| F|  |TAMS 0x0000000703200000, 0x0000000703200000| Untracked 
|  19|0x0000000703300000, 0x0000000703300000, 0x0000000703400000|  0%| F|  |TAMS 0x0000000703300000, 0x0000000703300000| Untracked 
|  20|0x0000000703400000, 0x0000000703400000, 0x0000000703500000|  0%| F|  |TAMS 0x0000000703400000, 0x0000000703400000| Untracked 
|  21|0x0000000703500000, 0x0000000703500000, 0x0000000703600000|  0%| F|  |TAMS 0x0000000703500000, 0x0000000703500000| Untracked 
|  22|0x0000000703600000, 0x0000000703600000, 0x0000000703700000|  0%| F|  |TAMS 0x0000000703600000, 0x0000000703600000| Untracked 
|  23|0x0000000703700000, 0x0000000703700000, 0x0000000703800000|  0%| F|  |TAMS 0x0000000703700000, 0x0000000703700000| Untracked 
|  24|0x0000000703800000, 0x0000000703800000, 0x0000000703900000|  0%| F|  |TAMS 0x0000000703800000, 0x0000000703800000| Untracked 
|  25|0x0000000703900000, 0x0000000703900000, 0x0000000703a00000|  0%| F|  |TAMS 0x0000000703900000, 0x0000000703900000| Untracked 
|  26|0x0000000703a00000, 0x0000000703a00000, 0x0000000703b00000|  0%| F|  |TAMS 0x0000000703a00000, 0x0000000703a00000| Untracked 
|  27|0x0000000703b00000, 0x0000000703b00000, 0x0000000703c00000|  0%| F|  |TAMS 0x0000000703b00000, 0x0000000703b00000| Untracked 
|  28|0x0000000703c00000, 0x0000000703c00000, 0x0000000703d00000|  0%| F|  |TAMS 0x0000000703c00000, 0x0000000703c00000| Untracked 
|  29|0x0000000703d00000, 0x0000000703d00000, 0x0000000703e00000|  0%| F|  |TAMS 0x0000000703d00000, 0x0000000703d00000| Untracked 
|  30|0x0000000703e00000, 0x0000000703e00000, 0x0000000703f00000|  0%| F|  |TAMS 0x0000000703e00000, 0x0000000703e00000| Untracked 
|  31|0x0000000703f00000, 0x0000000703f00000, 0x0000000704000000|  0%| F|  |TAMS 0x0000000703f00000, 0x0000000703f00000| Untracked 
|  32|0x0000000704000000, 0x0000000704000000, 0x0000000704100000|  0%| F|  |TAMS 0x0000000704000000, 0x0000000704000000| Untracked 
|  33|0x0000000704100000, 0x0000000704100000, 0x0000000704200000|  0%| F|  |TAMS 0x0000000704100000, 0x0000000704100000| Untracked 
|  34|0x0000000704200000, 0x0000000704200000, 0x0000000704300000|  0%| F|  |TAMS 0x0000000704200000, 0x0000000704200000| Untracked 
|  35|0x0000000704300000, 0x0000000704300000, 0x0000000704400000|  0%| F|  |TAMS 0x0000000704300000, 0x0000000704300000| Untracked 
|  36|0x0000000704400000, 0x0000000704400000, 0x0000000704500000|  0%| F|  |TAMS 0x0000000704400000, 0x0000000704400000| Untracked 
|  37|0x0000000704500000, 0x0000000704500000, 0x0000000704600000|  0%| F|  |TAMS 0x0000000704500000, 0x0000000704500000| Untracked 
|  38|0x0000000704600000, 0x0000000704600000, 0x0000000704700000|  0%| F|  |TAMS 0x0000000704600000, 0x0000000704600000| Untracked 
|  39|0x0000000704700000, 0x0000000704700000, 0x0000000704800000|  0%| F|  |TAMS 0x0000000704700000, 0x0000000704700000| Untracked 
|  40|0x0000000704800000, 0x0000000704800000, 0x0000000704900000|  0%| F|  |TAMS 0x0000000704800000, 0x0000000704800000| Untracked 
|  41|0x0000000704900000, 0x0000000704900000, 0x0000000704a00000|  0%| F|  |TAMS 0x0000000704900000, 0x0000000704900000| Untracked 
|  42|0x0000000704a00000, 0x0000000704a00000, 0x0000000704b00000|  0%| F|  |TAMS 0x0000000704a00000, 0x0000000704a00000| Untracked 
|  43|0x0000000704b00000, 0x0000000704b00000, 0x0000000704c00000|  0%| F|  |TAMS 0x0000000704b00000, 0x0000000704b00000| Untracked 
|  44|0x0000000704c00000, 0x0000000704c00000, 0x0000000704d00000|  0%| F|  |TAMS 0x0000000704c00000, 0x0000000704c00000| Untracked 
|  45|0x0000000704d00000, 0x0000000704d00000, 0x0000000704e00000|  0%| F|  |TAMS 0x0000000704d00000, 0x0000000704d00000| Untracked 
|  46|0x0000000704e00000, 0x0000000704e00000, 0x0000000704f00000|  0%| F|  |TAMS 0x0000000704e00000, 0x0000000704e00000| Untracked 
|  47|0x0000000704f00000, 0x0000000704f00000, 0x0000000705000000|  0%| F|  |TAMS 0x0000000704f00000, 0x0000000704f00000| Untracked 
|  48|0x0000000705000000, 0x0000000705000000, 0x0000000705100000|  0%| F|  |TAMS 0x0000000705000000, 0x0000000705000000| Untracked 
|  49|0x0000000705100000, 0x0000000705100000, 0x0000000705200000|  0%| F|  |TAMS 0x0000000705100000, 0x0000000705100000| Untracked 
|  50|0x0000000705200000, 0x0000000705200000, 0x0000000705300000|  0%| F|  |TAMS 0x0000000705200000, 0x0000000705200000| Untracked 
|  51|0x0000000705300000, 0x0000000705300000, 0x0000000705400000|  0%| F|  |TAMS 0x0000000705300000, 0x0000000705300000| Untracked 
|  52|0x0000000705400000, 0x0000000705400000, 0x0000000705500000|  0%| F|  |TAMS 0x0000000705400000, 0x0000000705400000| Untracked 
|  53|0x0000000705500000, 0x0000000705500000, 0x0000000705600000|  0%| F|  |TAMS 0x0000000705500000, 0x0000000705500000| Untracked 
|  54|0x0000000705600000, 0x0000000705600000, 0x0000000705700000|  0%| F|  |TAMS 0x0000000705600000, 0x0000000705600000| Untracked 
|  55|0x0000000705700000, 0x0000000705700000, 0x0000000705800000|  0%| F|  |TAMS 0x0000000705700000, 0x0000000705700000| Untracked 
|  56|0x0000000705800000, 0x0000000705800000, 0x0000000705900000|  0%| F|  |TAMS 0x0000000705800000, 0x0000000705800000| Untracked 
|  57|0x0000000705900000, 0x0000000705900000, 0x0000000705a00000|  0%| F|  |TAMS 0x0000000705900000, 0x0000000705900000| Untracked 
|  58|0x0000000705a00000, 0x0000000705a00000, 0x0000000705b00000|  0%| F|  |TAMS 0x0000000705a00000, 0x0000000705a00000| Untracked 
|  59|0x0000000705b00000, 0x0000000705b00000, 0x0000000705c00000|  0%| F|  |TAMS 0x0000000705b00000, 0x0000000705b00000| Untracked 
|  60|0x0000000705c00000, 0x0000000705c00000, 0x0000000705d00000|  0%| F|  |TAMS 0x0000000705c00000, 0x0000000705c00000| Untracked 
|  61|0x0000000705d00000, 0x0000000705d00000, 0x0000000705e00000|  0%| F|  |TAMS 0x0000000705d00000, 0x0000000705d00000| Untracked 
|  62|0x0000000705e00000, 0x0000000705e00000, 0x0000000705f00000|  0%| F|  |TAMS 0x0000000705e00000, 0x0000000705e00000| Untracked 
|  63|0x0000000705f00000, 0x0000000705f00000, 0x0000000706000000|  0%| F|  |TAMS 0x0000000705f00000, 0x0000000705f00000| Untracked 
|  64|0x0000000706000000, 0x0000000706000000, 0x0000000706100000|  0%| F|  |TAMS 0x0000000706000000, 0x0000000706000000| Untracked 
|  65|0x0000000706100000, 0x0000000706100000, 0x0000000706200000|  0%| F|  |TAMS 0x0000000706100000, 0x0000000706100000| Untracked 
|  66|0x0000000706200000, 0x0000000706200000, 0x0000000706300000|  0%| F|  |TAMS 0x0000000706200000, 0x0000000706200000| Untracked 
|  67|0x0000000706300000, 0x0000000706300000, 0x0000000706400000|  0%| F|  |TAMS 0x0000000706300000, 0x0000000706300000| Untracked 
|  68|0x0000000706400000, 0x0000000706400000, 0x0000000706500000|  0%| F|  |TAMS 0x0000000706400000, 0x0000000706400000| Untracked 
|  69|0x0000000706500000, 0x0000000706500000, 0x0000000706600000|  0%| F|  |TAMS 0x0000000706500000, 0x0000000706500000| Untracked 
|  70|0x0000000706600000, 0x0000000706600000, 0x0000000706700000|  0%| F|  |TAMS 0x0000000706600000, 0x0000000706600000| Untracked 
|  71|0x0000000706700000, 0x0000000706700000, 0x0000000706800000|  0%| F|  |TAMS 0x0000000706700000, 0x0000000706700000| Untracked 
|  72|0x0000000706800000, 0x0000000706800000, 0x0000000706900000|  0%| F|  |TAMS 0x0000000706800000, 0x0000000706800000| Untracked 
|  73|0x0000000706900000, 0x0000000706900000, 0x0000000706a00000|  0%| F|  |TAMS 0x0000000706900000, 0x0000000706900000| Untracked 
|  74|0x0000000706a00000, 0x0000000706a00000, 0x0000000706b00000|  0%| F|  |TAMS 0x0000000706a00000, 0x0000000706a00000| Untracked 
|  75|0x0000000706b00000, 0x0000000706b00000, 0x0000000706c00000|  0%| F|  |TAMS 0x0000000706b00000, 0x0000000706b00000| Untracked 
|  76|0x0000000706c00000, 0x0000000706c00000, 0x0000000706d00000|  0%| F|  |TAMS 0x0000000706c00000, 0x0000000706c00000| Untracked 
|  77|0x0000000706d00000, 0x0000000706d00000, 0x0000000706e00000|  0%| F|  |TAMS 0x0000000706d00000, 0x0000000706d00000| Untracked 
|  78|0x0000000706e00000, 0x0000000706e00000, 0x0000000706f00000|  0%| F|  |TAMS 0x0000000706e00000, 0x0000000706e00000| Untracked 
|  79|0x0000000706f00000, 0x0000000706f00000, 0x0000000707000000|  0%| F|  |TAMS 0x0000000706f00000, 0x0000000706f00000| Untracked 
|  80|0x0000000707000000, 0x0000000707000000, 0x0000000707100000|  0%| F|  |TAMS 0x0000000707000000, 0x0000000707000000| Untracked 
|  81|0x0000000707100000, 0x0000000707100000, 0x0000000707200000|  0%| F|  |TAMS 0x0000000707100000, 0x0000000707100000| Untracked 
|  82|0x0000000707200000, 0x0000000707200000, 0x0000000707300000|  0%| F|  |TAMS 0x0000000707200000, 0x0000000707200000| Untracked 
|  83|0x0000000707300000, 0x0000000707300000, 0x0000000707400000|  0%| F|  |TAMS 0x0000000707300000, 0x0000000707300000| Untracked 
|  84|0x0000000707400000, 0x0000000707400000, 0x0000000707500000|  0%| F|  |TAMS 0x0000000707400000, 0x0000000707400000| Untracked 
|  85|0x0000000707500000, 0x0000000707500000, 0x0000000707600000|  0%| F|  |TAMS 0x0000000707500000, 0x0000000707500000| Untracked 
|  86|0x0000000707600000, 0x0000000707600000, 0x0000000707700000|  0%| F|  |TAMS 0x0000000707600000, 0x0000000707600000| Untracked 
|  87|0x0000000707700000, 0x0000000707700000, 0x0000000707800000|  0%| F|  |TAMS 0x0000000707700000, 0x0000000707700000| Untracked 
|  88|0x0000000707800000, 0x0000000707800000, 0x0000000707900000|  0%| F|  |TAMS 0x0000000707800000, 0x0000000707800000| Untracked 
|  89|0x0000000707900000, 0x0000000707900000, 0x0000000707a00000|  0%| F|  |TAMS 0x0000000707900000, 0x0000000707900000| Untracked 
|  90|0x0000000707a00000, 0x0000000707a00000, 0x0000000707b00000|  0%| F|  |TAMS 0x0000000707a00000, 0x0000000707a00000| Untracked 
|  91|0x0000000707b00000, 0x0000000707b00000, 0x0000000707c00000|  0%| F|  |TAMS 0x0000000707b00000, 0x0000000707b00000| Untracked 
|  92|0x0000000707c00000, 0x0000000707c00000, 0x0000000707d00000|  0%| F|  |TAMS 0x0000000707c00000, 0x0000000707c00000| Untracked 
|  93|0x0000000707d00000, 0x0000000707d00000, 0x0000000707e00000|  0%| F|  |TAMS 0x0000000707d00000, 0x0000000707d00000| Untracked 
|  94|0x0000000707e00000, 0x0000000707e00000, 0x0000000707f00000|  0%| F|  |TAMS 0x0000000707e00000, 0x0000000707e00000| Untracked 
|  95|0x0000000707f00000, 0x0000000707f00000, 0x0000000708000000|  0%| F|  |TAMS 0x0000000707f00000, 0x0000000707f00000| Untracked 
|  96|0x0000000708000000, 0x0000000708000000, 0x0000000708100000|  0%| F|  |TAMS 0x0000000708000000, 0x0000000708000000| Untracked 
|  97|0x0000000708100000, 0x0000000708100000, 0x0000000708200000|  0%| F|  |TAMS 0x0000000708100000, 0x0000000708100000| Untracked 
|  98|0x0000000708200000, 0x0000000708200000, 0x0000000708300000|  0%| F|  |TAMS 0x0000000708200000, 0x0000000708200000| Untracked 
|  99|0x0000000708300000, 0x0000000708300000, 0x0000000708400000|  0%| F|  |TAMS 0x0000000708300000, 0x0000000708300000| Untracked 
| 100|0x0000000708400000, 0x0000000708400000, 0x0000000708500000|  0%| F|  |TAMS 0x0000000708400000, 0x0000000708400000| Untracked 
| 101|0x0000000708500000, 0x0000000708500000, 0x0000000708600000|  0%| F|  |TAMS 0x0000000708500000, 0x0000000708500000| Untracked 
| 102|0x0000000708600000, 0x0000000708600000, 0x0000000708700000|  0%| F|  |TAMS 0x0000000708600000, 0x0000000708600000| Untracked 
| 103|0x0000000708700000, 0x0000000708700000, 0x0000000708800000|  0%| F|  |TAMS 0x0000000708700000, 0x0000000708700000| Untracked 
| 104|0x0000000708800000, 0x0000000708800000, 0x0000000708900000|  0%| F|  |TAMS 0x0000000708800000, 0x0000000708800000| Untracked 
| 105|0x0000000708900000, 0x0000000708900000, 0x0000000708a00000|  0%| F|  |TAMS 0x0000000708900000, 0x0000000708900000| Untracked 
| 106|0x0000000708a00000, 0x0000000708a00000, 0x0000000708b00000|  0%| F|  |TAMS 0x0000000708a00000, 0x0000000708a00000| Untracked 
| 107|0x0000000708b00000, 0x0000000708b00000, 0x0000000708c00000|  0%| F|  |TAMS 0x0000000708b00000, 0x0000000708b00000| Untracked 
| 108|0x0000000708c00000, 0x0000000708c00000, 0x0000000708d00000|  0%| F|  |TAMS 0x0000000708c00000, 0x0000000708c00000| Untracked 
| 109|0x0000000708d00000, 0x0000000708d00000, 0x0000000708e00000|  0%| F|  |TAMS 0x0000000708d00000, 0x0000000708d00000| Untracked 
| 110|0x0000000708e00000, 0x0000000708e00000, 0x0000000708f00000|  0%| F|  |TAMS 0x0000000708e00000, 0x0000000708e00000| Untracked 
| 111|0x0000000708f00000, 0x0000000708f00000, 0x0000000709000000|  0%| F|  |TAMS 0x0000000708f00000, 0x0000000708f00000| Untracked 
| 112|0x0000000709000000, 0x0000000709000000, 0x0000000709100000|  0%| F|  |TAMS 0x0000000709000000, 0x0000000709000000| Untracked 
| 113|0x0000000709100000, 0x0000000709100000, 0x0000000709200000|  0%| F|  |TAMS 0x0000000709100000, 0x0000000709100000| Untracked 
| 114|0x0000000709200000, 0x0000000709200000, 0x0000000709300000|  0%| F|  |TAMS 0x0000000709200000, 0x0000000709200000| Untracked 
| 115|0x0000000709300000, 0x0000000709300000, 0x0000000709400000|  0%| F|  |TAMS 0x0000000709300000, 0x0000000709300000| Untracked 
| 116|0x0000000709400000, 0x0000000709400000, 0x0000000709500000|  0%| F|  |TAMS 0x0000000709400000, 0x0000000709400000| Untracked 
| 117|0x0000000709500000, 0x0000000709500000, 0x0000000709600000|  0%| F|  |TAMS 0x0000000709500000, 0x0000000709500000| Untracked 
| 118|0x0000000709600000, 0x0000000709600000, 0x0000000709700000|  0%| F|  |TAMS 0x0000000709600000, 0x0000000709600000| Untracked 
| 119|0x0000000709700000, 0x0000000709700000, 0x0000000709800000|  0%| F|  |TAMS 0x0000000709700000, 0x0000000709700000| Untracked 
| 120|0x0000000709800000, 0x0000000709800000, 0x0000000709900000|  0%| F|  |TAMS 0x0000000709800000, 0x0000000709800000| Untracked 
| 121|0x0000000709900000, 0x0000000709900000, 0x0000000709a00000|  0%| F|  |TAMS 0x0000000709900000, 0x0000000709900000| Untracked 
| 122|0x0000000709a00000, 0x0000000709a00000, 0x0000000709b00000|  0%| F|  |TAMS 0x0000000709a00000, 0x0000000709a00000| Untracked 
| 123|0x0000000709b00000, 0x0000000709b00000, 0x0000000709c00000|  0%| F|  |TAMS 0x0000000709b00000, 0x0000000709b00000| Untracked 
| 124|0x0000000709c00000, 0x0000000709c00000, 0x0000000709d00000|  0%| F|  |TAMS 0x0000000709c00000, 0x0000000709c00000| Untracked 
| 125|0x0000000709d00000, 0x0000000709d00000, 0x0000000709e00000|  0%| F|  |TAMS 0x0000000709d00000, 0x0000000709d00000| Untracked 
| 126|0x0000000709e00000, 0x0000000709e00000, 0x0000000709f00000|  0%| F|  |TAMS 0x0000000709e00000, 0x0000000709e00000| Untracked 
| 127|0x0000000709f00000, 0x0000000709f00000, 0x000000070a000000|  0%| F|  |TAMS 0x0000000709f00000, 0x0000000709f00000| Untracked 
| 128|0x000000070a000000, 0x000000070a000000, 0x000000070a100000|  0%| F|  |TAMS 0x000000070a000000, 0x000000070a000000| Untracked 
| 129|0x000000070a100000, 0x000000070a100000, 0x000000070a200000|  0%| F|  |TAMS 0x000000070a100000, 0x000000070a100000| Untracked 
| 130|0x000000070a200000, 0x000000070a200000, 0x000000070a300000|  0%| F|  |TAMS 0x000000070a200000, 0x000000070a200000| Untracked 
| 131|0x000000070a300000, 0x000000070a300000, 0x000000070a400000|  0%| F|  |TAMS 0x000000070a300000, 0x000000070a300000| Untracked 
| 132|0x000000070a400000, 0x000000070a400000, 0x000000070a500000|  0%| F|  |TAMS 0x000000070a400000, 0x000000070a400000| Untracked 
| 133|0x000000070a500000, 0x000000070a500000, 0x000000070a600000|  0%| F|  |TAMS 0x000000070a500000, 0x000000070a500000| Untracked 
| 134|0x000000070a600000, 0x000000070a600000, 0x000000070a700000|  0%| F|  |TAMS 0x000000070a600000, 0x000000070a600000| Untracked 
| 135|0x000000070a700000, 0x000000070a700000, 0x000000070a800000|  0%| F|  |TAMS 0x000000070a700000, 0x000000070a700000| Untracked 
| 136|0x000000070a800000, 0x000000070a800000, 0x000000070a900000|  0%| F|  |TAMS 0x000000070a800000, 0x000000070a800000| Untracked 
| 137|0x000000070a900000, 0x000000070a900000, 0x000000070aa00000|  0%| F|  |TAMS 0x000000070a900000, 0x000000070a900000| Untracked 
| 138|0x000000070aa00000, 0x000000070aa00000, 0x000000070ab00000|  0%| F|  |TAMS 0x000000070aa00000, 0x000000070aa00000| Untracked 
| 139|0x000000070ab00000, 0x000000070ab00000, 0x000000070ac00000|  0%| F|  |TAMS 0x000000070ab00000, 0x000000070ab00000| Untracked 
| 140|0x000000070ac00000, 0x000000070ac00000, 0x000000070ad00000|  0%| F|  |TAMS 0x000000070ac00000, 0x000000070ac00000| Untracked 
| 141|0x000000070ad00000, 0x000000070ad00000, 0x000000070ae00000|  0%| F|  |TAMS 0x000000070ad00000, 0x000000070ad00000| Untracked 
| 142|0x000000070ae00000, 0x000000070ae00000, 0x000000070af00000|  0%| F|  |TAMS 0x000000070ae00000, 0x000000070ae00000| Untracked 
| 143|0x000000070af00000, 0x000000070af00000, 0x000000070b000000|  0%| F|  |TAMS 0x000000070af00000, 0x000000070af00000| Untracked 
| 144|0x000000070b000000, 0x000000070b000000, 0x000000070b100000|  0%| F|  |TAMS 0x000000070b000000, 0x000000070b000000| Untracked 
| 145|0x000000070b100000, 0x000000070b100000, 0x000000070b200000|  0%| F|  |TAMS 0x000000070b100000, 0x000000070b100000| Untracked 
| 146|0x000000070b200000, 0x000000070b200000, 0x000000070b300000|  0%| F|  |TAMS 0x000000070b200000, 0x000000070b200000| Untracked 
| 147|0x000000070b300000, 0x000000070b300000, 0x000000070b400000|  0%| F|  |TAMS 0x000000070b300000, 0x000000070b300000| Untracked 
| 148|0x000000070b400000, 0x000000070b400000, 0x000000070b500000|  0%| F|  |TAMS 0x000000070b400000, 0x000000070b400000| Untracked 
| 149|0x000000070b500000, 0x000000070b500000, 0x000000070b600000|  0%| F|  |TAMS 0x000000070b500000, 0x000000070b500000| Untracked 
| 150|0x000000070b600000, 0x000000070b600000, 0x000000070b700000|  0%| F|  |TAMS 0x000000070b600000, 0x000000070b600000| Untracked 
| 151|0x000000070b700000, 0x000000070b700000, 0x000000070b800000|  0%| F|  |TAMS 0x000000070b700000, 0x000000070b700000| Untracked 
| 152|0x000000070b800000, 0x000000070b800000, 0x000000070b900000|  0%| F|  |TAMS 0x000000070b800000, 0x000000070b800000| Untracked 
| 153|0x000000070b900000, 0x000000070b900000, 0x000000070ba00000|  0%| F|  |TAMS 0x000000070b900000, 0x000000070b900000| Untracked 
| 154|0x000000070ba00000, 0x000000070ba00000, 0x000000070bb00000|  0%| F|  |TAMS 0x000000070ba00000, 0x000000070ba00000| Untracked 
| 155|0x000000070bb00000, 0x000000070bb00000, 0x000000070bc00000|  0%| F|  |TAMS 0x000000070bb00000, 0x000000070bb00000| Untracked 
| 156|0x000000070bc00000, 0x000000070bc00000, 0x000000070bd00000|  0%| F|  |TAMS 0x000000070bc00000, 0x000000070bc00000| Untracked 
| 157|0x000000070bd00000, 0x000000070bd00000, 0x000000070be00000|  0%| F|  |TAMS 0x000000070bd00000, 0x000000070bd00000| Untracked 
| 158|0x000000070be00000, 0x000000070be00000, 0x000000070bf00000|  0%| F|  |TAMS 0x000000070be00000, 0x000000070be00000| Untracked 
| 159|0x000000070bf00000, 0x000000070bf00000, 0x000000070c000000|  0%| F|  |TAMS 0x000000070bf00000, 0x000000070bf00000| Untracked 
| 160|0x000000070c000000, 0x000000070c000000, 0x000000070c100000|  0%| F|  |TAMS 0x000000070c000000, 0x000000070c000000| Untracked 
| 161|0x000000070c100000, 0x000000070c100000, 0x000000070c200000|  0%| F|  |TAMS 0x000000070c100000, 0x000000070c100000| Untracked 
| 162|0x000000070c200000, 0x000000070c200000, 0x000000070c300000|  0%| F|  |TAMS 0x000000070c200000, 0x000000070c200000| Untracked 
| 163|0x000000070c300000, 0x000000070c300000, 0x000000070c400000|  0%| F|  |TAMS 0x000000070c300000, 0x000000070c300000| Untracked 
| 164|0x000000070c400000, 0x000000070c400000, 0x000000070c500000|  0%| F|  |TAMS 0x000000070c400000, 0x000000070c400000| Untracked 
| 165|0x000000070c500000, 0x000000070c500000, 0x000000070c600000|  0%| F|  |TAMS 0x000000070c500000, 0x000000070c500000| Untracked 
| 166|0x000000070c600000, 0x000000070c600000, 0x000000070c700000|  0%| F|  |TAMS 0x000000070c600000, 0x000000070c600000| Untracked 
| 167|0x000000070c700000, 0x000000070c700000, 0x000000070c800000|  0%| F|  |TAMS 0x000000070c700000, 0x000000070c700000| Untracked 
| 168|0x000000070c800000, 0x000000070c800000, 0x000000070c900000|  0%| F|  |TAMS 0x000000070c800000, 0x000000070c800000| Untracked 
| 169|0x000000070c900000, 0x000000070c900000, 0x000000070ca00000|  0%| F|  |TAMS 0x000000070c900000, 0x000000070c900000| Untracked 
| 170|0x000000070ca00000, 0x000000070ca00000, 0x000000070cb00000|  0%| F|  |TAMS 0x000000070ca00000, 0x000000070ca00000| Untracked 
| 171|0x000000070cb00000, 0x000000070cb00000, 0x000000070cc00000|  0%| F|  |TAMS 0x000000070cb00000, 0x000000070cb00000| Untracked 
| 172|0x000000070cc00000, 0x000000070cc00000, 0x000000070cd00000|  0%| F|  |TAMS 0x000000070cc00000, 0x000000070cc00000| Untracked 
| 173|0x000000070cd00000, 0x000000070cd00000, 0x000000070ce00000|  0%| F|  |TAMS 0x000000070cd00000, 0x000000070cd00000| Untracked 
| 174|0x000000070ce00000, 0x000000070ce00000, 0x000000070cf00000|  0%| F|  |TAMS 0x000000070ce00000, 0x000000070ce00000| Untracked 
| 175|0x000000070cf00000, 0x000000070cf00000, 0x000000070d000000|  0%| F|  |TAMS 0x000000070cf00000, 0x000000070cf00000| Untracked 
| 176|0x000000070d000000, 0x000000070d000000, 0x000000070d100000|  0%| F|  |TAMS 0x000000070d000000, 0x000000070d000000| Untracked 
| 177|0x000000070d100000, 0x000000070d100000, 0x000000070d200000|  0%| F|  |TAMS 0x000000070d100000, 0x000000070d100000| Untracked 
| 178|0x000000070d200000, 0x000000070d200000, 0x000000070d300000|  0%| F|  |TAMS 0x000000070d200000, 0x000000070d200000| Untracked 
| 179|0x000000070d300000, 0x000000070d300000, 0x000000070d400000|  0%| F|  |TAMS 0x000000070d300000, 0x000000070d300000| Untracked 
| 180|0x000000070d400000, 0x000000070d400000, 0x000000070d500000|  0%| F|  |TAMS 0x000000070d400000, 0x000000070d400000| Untracked 
| 181|0x000000070d500000, 0x000000070d500000, 0x000000070d600000|  0%| F|  |TAMS 0x000000070d500000, 0x000000070d500000| Untracked 
| 182|0x000000070d600000, 0x000000070d600000, 0x000000070d700000|  0%| F|  |TAMS 0x000000070d600000, 0x000000070d600000| Untracked 
| 183|0x000000070d700000, 0x000000070d700000, 0x000000070d800000|  0%| F|  |TAMS 0x000000070d700000, 0x000000070d700000| Untracked 
| 184|0x000000070d800000, 0x000000070d800000, 0x000000070d900000|  0%| F|  |TAMS 0x000000070d800000, 0x000000070d800000| Untracked 
| 185|0x000000070d900000, 0x000000070d900000, 0x000000070da00000|  0%| F|  |TAMS 0x000000070d900000, 0x000000070d900000| Untracked 
| 186|0x000000070da00000, 0x000000070da00000, 0x000000070db00000|  0%| F|  |TAMS 0x000000070da00000, 0x000000070da00000| Untracked 
| 187|0x000000070db00000, 0x000000070db00000, 0x000000070dc00000|  0%| F|  |TAMS 0x000000070db00000, 0x000000070db00000| Untracked 
| 188|0x000000070dc00000, 0x000000070dc00000, 0x000000070dd00000|  0%| F|  |TAMS 0x000000070dc00000, 0x000000070dc00000| Untracked 
| 189|0x000000070dd00000, 0x000000070dd00000, 0x000000070de00000|  0%| F|  |TAMS 0x000000070dd00000, 0x000000070dd00000| Untracked 
| 190|0x000000070de00000, 0x000000070de00000, 0x000000070df00000|  0%| F|  |TAMS 0x000000070de00000, 0x000000070de00000| Untracked 
| 191|0x000000070df00000, 0x000000070df00000, 0x000000070e000000|  0%| F|  |TAMS 0x000000070df00000, 0x000000070df00000| Untracked 
| 192|0x000000070e000000, 0x000000070e000000, 0x000000070e100000|  0%| F|  |TAMS 0x000000070e000000, 0x000000070e000000| Untracked 
| 193|0x000000070e100000, 0x000000070e100000, 0x000000070e200000|  0%| F|  |TAMS 0x000000070e100000, 0x000000070e100000| Untracked 
| 194|0x000000070e200000, 0x000000070e200000, 0x000000070e300000|  0%| F|  |TAMS 0x000000070e200000, 0x000000070e200000| Untracked 
| 195|0x000000070e300000, 0x000000070e300000, 0x000000070e400000|  0%| F|  |TAMS 0x000000070e300000, 0x000000070e300000| Untracked 
| 196|0x000000070e400000, 0x000000070e400000, 0x000000070e500000|  0%| F|  |TAMS 0x000000070e400000, 0x000000070e400000| Untracked 
| 197|0x000000070e500000, 0x000000070e500000, 0x000000070e600000|  0%| F|  |TAMS 0x000000070e500000, 0x000000070e500000| Untracked 
| 198|0x000000070e600000, 0x000000070e600000, 0x000000070e700000|  0%| F|  |TAMS 0x000000070e600000, 0x000000070e600000| Untracked 
| 199|0x000000070e700000, 0x000000070e700000, 0x000000070e800000|  0%| F|  |TAMS 0x000000070e700000, 0x000000070e700000| Untracked 
| 200|0x000000070e800000, 0x000000070e800000, 0x000000070e900000|  0%| F|  |TAMS 0x000000070e800000, 0x000000070e800000| Untracked 
| 201|0x000000070e900000, 0x000000070e900000, 0x000000070ea00000|  0%| F|  |TAMS 0x000000070e900000, 0x000000070e900000| Untracked 
| 202|0x000000070ea00000, 0x000000070ea00000, 0x000000070eb00000|  0%| F|  |TAMS 0x000000070ea00000, 0x000000070ea00000| Untracked 
| 203|0x000000070eb00000, 0x000000070eb00000, 0x000000070ec00000|  0%| F|  |TAMS 0x000000070eb00000, 0x000000070eb00000| Untracked 
| 204|0x000000070ec00000, 0x000000070ec00000, 0x000000070ed00000|  0%| F|  |TAMS 0x000000070ec00000, 0x000000070ec00000| Untracked 
| 205|0x000000070ed00000, 0x000000070ed00000, 0x000000070ee00000|  0%| F|  |TAMS 0x000000070ed00000, 0x000000070ed00000| Untracked 
| 206|0x000000070ee00000, 0x000000070ee00000, 0x000000070ef00000|  0%| F|  |TAMS 0x000000070ee00000, 0x000000070ee00000| Untracked 
| 207|0x000000070ef00000, 0x000000070ef00000, 0x000000070f000000|  0%| F|  |TAMS 0x000000070ef00000, 0x000000070ef00000| Untracked 
| 208|0x000000070f000000, 0x000000070f000000, 0x000000070f100000|  0%| F|  |TAMS 0x000000070f000000, 0x000000070f000000| Untracked 
| 209|0x000000070f100000, 0x000000070f100000, 0x000000070f200000|  0%| F|  |TAMS 0x000000070f100000, 0x000000070f100000| Untracked 
| 210|0x000000070f200000, 0x000000070f200000, 0x000000070f300000|  0%| F|  |TAMS 0x000000070f200000, 0x000000070f200000| Untracked 
| 211|0x000000070f300000, 0x000000070f300000, 0x000000070f400000|  0%| F|  |TAMS 0x000000070f300000, 0x000000070f300000| Untracked 
| 212|0x000000070f400000, 0x000000070f400000, 0x000000070f500000|  0%| F|  |TAMS 0x000000070f400000, 0x000000070f400000| Untracked 
| 213|0x000000070f500000, 0x000000070f500000, 0x000000070f600000|  0%| F|  |TAMS 0x000000070f500000, 0x000000070f500000| Untracked 
| 214|0x000000070f600000, 0x000000070f600000, 0x000000070f700000|  0%| F|  |TAMS 0x000000070f600000, 0x000000070f600000| Untracked 
| 215|0x000000070f700000, 0x000000070f700000, 0x000000070f800000|  0%| F|  |TAMS 0x000000070f700000, 0x000000070f700000| Untracked 
| 216|0x000000070f800000, 0x000000070f800000, 0x000000070f900000|  0%| F|  |TAMS 0x000000070f800000, 0x000000070f800000| Untracked 
| 217|0x000000070f900000, 0x000000070f900000, 0x000000070fa00000|  0%| F|  |TAMS 0x000000070f900000, 0x000000070f900000| Untracked 
| 218|0x000000070fa00000, 0x000000070fa00000, 0x000000070fb00000|  0%| F|  |TAMS 0x000000070fa00000, 0x000000070fa00000| Untracked 
| 219|0x000000070fb00000, 0x000000070fb00000, 0x000000070fc00000|  0%| F|  |TAMS 0x000000070fb00000, 0x000000070fb00000| Untracked 
| 220|0x000000070fc00000, 0x000000070fc00000, 0x000000070fd00000|  0%| F|  |TAMS 0x000000070fc00000, 0x000000070fc00000| Untracked 
| 221|0x000000070fd00000, 0x000000070fd00000, 0x000000070fe00000|  0%| F|  |TAMS 0x000000070fd00000, 0x000000070fd00000| Untracked 
| 222|0x000000070fe00000, 0x000000070fe00000, 0x000000070ff00000|  0%| F|  |TAMS 0x000000070fe00000, 0x000000070fe00000| Untracked 
| 223|0x000000070ff00000, 0x000000070ff00000, 0x0000000710000000|  0%| F|  |TAMS 0x000000070ff00000, 0x000000070ff00000| Untracked 
| 224|0x0000000710000000, 0x0000000710000000, 0x0000000710100000|  0%| F|  |TAMS 0x0000000710000000, 0x0000000710000000| Untracked 
| 225|0x0000000710100000, 0x0000000710100000, 0x0000000710200000|  0%| F|  |TAMS 0x0000000710100000, 0x0000000710100000| Untracked 
| 226|0x0000000710200000, 0x0000000710200000, 0x0000000710300000|  0%| F|  |TAMS 0x0000000710200000, 0x0000000710200000| Untracked 
| 227|0x0000000710300000, 0x0000000710300000, 0x0000000710400000|  0%| F|  |TAMS 0x0000000710300000, 0x0000000710300000| Untracked 
| 228|0x0000000710400000, 0x0000000710400000, 0x0000000710500000|  0%| F|  |TAMS 0x0000000710400000, 0x0000000710400000| Untracked 
| 229|0x0000000710500000, 0x0000000710500000, 0x0000000710600000|  0%| F|  |TAMS 0x0000000710500000, 0x0000000710500000| Untracked 
| 230|0x0000000710600000, 0x0000000710600000, 0x0000000710700000|  0%| F|  |TAMS 0x0000000710600000, 0x0000000710600000| Untracked 
| 231|0x0000000710700000, 0x0000000710700000, 0x0000000710800000|  0%| F|  |TAMS 0x0000000710700000, 0x0000000710700000| Untracked 
| 232|0x0000000710800000, 0x0000000710800000, 0x0000000710900000|  0%| F|  |TAMS 0x0000000710800000, 0x0000000710800000| Untracked 
| 233|0x0000000710900000, 0x0000000710900000, 0x0000000710a00000|  0%| F|  |TAMS 0x0000000710900000, 0x0000000710900000| Untracked 
| 234|0x0000000710a00000, 0x0000000710a00000, 0x0000000710b00000|  0%| F|  |TAMS 0x0000000710a00000, 0x0000000710a00000| Untracked 
| 235|0x0000000710b00000, 0x0000000710b00000, 0x0000000710c00000|  0%| F|  |TAMS 0x0000000710b00000, 0x0000000710b00000| Untracked 
| 236|0x0000000710c00000, 0x0000000710c00000, 0x0000000710d00000|  0%| F|  |TAMS 0x0000000710c00000, 0x0000000710c00000| Untracked 
| 237|0x0000000710d00000, 0x0000000710d3f058, 0x0000000710e00000| 24%| S|CS|TAMS 0x0000000710d00000, 0x0000000710d00000| Complete 
| 238|0x0000000710e00000, 0x0000000710f00000, 0x0000000710f00000|100%| S|CS|TAMS 0x0000000710e00000, 0x0000000710e00000| Complete 
| 239|0x0000000710f00000, 0x0000000711000000, 0x0000000711000000|100%| S|CS|TAMS 0x0000000710f00000, 0x0000000710f00000| Complete 
| 240|0x0000000711000000, 0x0000000711100000, 0x0000000711100000|100%| S|CS|TAMS 0x0000000711000000, 0x0000000711000000| Complete 
| 241|0x0000000711100000, 0x0000000711200000, 0x0000000711200000|100%| S|CS|TAMS 0x0000000711100000, 0x0000000711100000| Complete 
| 242|0x0000000711200000, 0x0000000711300000, 0x0000000711300000|100%| S|CS|TAMS 0x0000000711200000, 0x0000000711200000| Complete 
| 243|0x0000000711300000, 0x0000000711400000, 0x0000000711400000|100%| S|CS|TAMS 0x0000000711300000, 0x0000000711300000| Complete 
| 244|0x0000000711400000, 0x0000000711500000, 0x0000000711500000|100%| S|CS|TAMS 0x0000000711400000, 0x0000000711400000| Complete 
| 245|0x0000000711500000, 0x0000000711600000, 0x0000000711600000|100%| S|CS|TAMS 0x0000000711500000, 0x0000000711500000| Complete 
| 246|0x0000000711600000, 0x0000000711700000, 0x0000000711700000|100%| S|CS|TAMS 0x0000000711600000, 0x0000000711600000| Complete 
| 247|0x0000000711700000, 0x0000000711800000, 0x0000000711800000|100%| S|CS|TAMS 0x0000000711700000, 0x0000000711700000| Complete 
| 248|0x0000000711800000, 0x0000000711800000, 0x0000000711900000|  0%| F|  |TAMS 0x0000000711800000, 0x0000000711800000| Untracked 
| 249|0x0000000711900000, 0x0000000711900000, 0x0000000711a00000|  0%| F|  |TAMS 0x0000000711900000, 0x0000000711900000| Untracked 
| 250|0x0000000711a00000, 0x0000000711a00000, 0x0000000711b00000|  0%| F|  |TAMS 0x0000000711a00000, 0x0000000711a00000| Untracked 
| 251|0x0000000711b00000, 0x0000000711b00000, 0x0000000711c00000|  0%| F|  |TAMS 0x0000000711b00000, 0x0000000711b00000| Untracked 
| 252|0x0000000711c00000, 0x0000000711c00000, 0x0000000711d00000|  0%| F|  |TAMS 0x0000000711c00000, 0x0000000711c00000| Untracked 
| 253|0x0000000711d00000, 0x0000000711d00000, 0x0000000711e00000|  0%| F|  |TAMS 0x0000000711d00000, 0x0000000711d00000| Untracked 

Card table byte_map: [0x000002097ce70000,0x000002097d660000] _byte_map_base: 0x0000020979660000

Marking Bits (Prev, Next): (CMBitMap*) 0x0000020964a24468, (CMBitMap*) 0x0000020964a244a0
 Prev Bits: [0x0000020900000000, 0x0000020903f80000)
 Next Bits: [0x0000020903f80000, 0x0000020907f00000)

Polling page: 0x00000209626e0000

Metaspace:

Usage:
  Non-class:     44.96 MB capacity,    44.06 MB ( 98%) used,   746.97 KB (  2%) free+waste,   172.31 KB ( <1%) overhead. 
      Class:      6.83 MB capacity,     6.25 MB ( 91%) used,   518.34 KB (  7%) free+waste,    83.00 KB (  1%) overhead. 
       Both:     51.79 MB capacity,    50.31 MB ( 97%) used,     1.24 MB (  2%) free+waste,   255.31 KB ( <1%) overhead. 

Virtual space:
  Non-class space:       54.00 MB reserved,      45.00 MB ( 83%) committed 
      Class space:        1.00 GB reserved,       6.88 MB ( <1%) committed 
             Both:        1.05 GB reserved,      51.88 MB (  5%) committed 

Chunk freelists:
   Non-Class:  42.00 KB
       Class:  11.00 KB
        Both:  53.00 KB

MaxMetaspaceSize: 17179869184.00 GB
CompressedClassSpaceSize: 1.00 GB
Initial GC threshold: 20.80 MB
Current GC threshold: 59.07 MB
CDS: off

CodeHeap 'non-profiled nmethods': size=238336Kb used=9786Kb max_used=9786Kb free=228549Kb
 bounds [0x000002096d870000, 0x000002096e200000, 0x000002097c130000]
CodeHeap 'non-nmethods': size=7424Kb used=1353Kb max_used=1353Kb free=6070Kb
 bounds [0x000002096d130000, 0x000002096d3a0000, 0x000002096d870000]
 total_blobs=5906 nmethods=5338 adapters=502
 compilation: disabled (not enough contiguous free space left)
              stopped_count=1, restarted_count=0
 full_count=1

Compilation events (20 events):
Event: 40.175 Thread 0x0000020908b9a000 5346       1       org.springframework.beans.factory.config.BeanPostProcessor::postProcessAfterInitialization (2 bytes)
Event: 40.175 Thread 0x0000020908b9a000 nmethod 5346 0x000002096e1fad90 code [0x000002096e1faf40, 0x000002096e1faff8]
Event: 40.185 Thread 0x0000020908b9a000 5347       1       org.springframework.asm.Type::hashCode (68 bytes)
Event: 40.185 Thread 0x0000020908b9a000 nmethod 5347 0x000002096e1fb090 code [0x000002096e1fb260, 0x000002096e1fb598]
Event: 40.185 Thread 0x0000020908b9a000 5348       1       org.springframework.cglib.core.MethodWrapper$MethodWrapperKey$$KeyFactoryByCGLIB$$552be97a::hashCode (95 bytes)
Event: 40.186 Thread 0x0000020908b9a000 nmethod 5348 0x000002096e1fb810 code [0x000002096e1fb9e0, 0x000002096e1fbbe8]
Event: 40.186 Thread 0x0000020908b9a000 5350       1       org.springframework.cglib.core.ReflectUtils::getNames (37 bytes)
Event: 40.186 Thread 0x0000020908b9a000 nmethod 5350 0x000002096e1fbd90 code [0x000002096e1fbf60, 0x000002096e1fc248]
Event: 40.186 Thread 0x0000020908b9a000 5349       1       org.springframework.cglib.core.KeyFactory::<init> (5 bytes)
Event: 40.186 Thread 0x0000020908b9a000 nmethod 5349 0x000002096e1fc410 code [0x000002096e1fc5c0, 0x000002096e1fc678]
Event: 40.186 Thread 0x0000020908b9a000 5351       1       org.springframework.cglib.core.MethodWrapper::create (27 bytes)
Event: 40.186 Thread 0x0000020908b9a000 nmethod 5351 0x000002096e1fc710 code [0x000002096e1fc900, 0x000002096e1fcc68]
Event: 40.186 Thread 0x0000020908b9a000 5352       1       org.springframework.cglib.core.MethodWrapper$MethodWrapperKey$$KeyFactoryByCGLIB$$552be97a::newInstance (11 bytes)
Event: 40.187 Thread 0x0000020908b9a000 nmethod 5352 0x000002096e1fce10 code [0x000002096e1fcfc0, 0x000002096e1fd218]
Event: 40.187 Thread 0x0000020908b9a000 5354       1       java.lang.reflect.Proxy::isProxyClass (22 bytes)
Event: 40.187 Thread 0x0000020908b9a000 nmethod 5354 0x000002096e1fd310 code [0x000002096e1fd540, 0x000002096e1fdaa8]
Event: 40.187 Thread 0x0000020908b9a000 5355       1       java.lang.reflect.Proxy$ProxyBuilder::isProxyClass (21 bytes)
Event: 40.188 Thread 0x0000020908b9a000 nmethod 5355 0x000002096e1fde90 code [0x000002096e1fe0c0, 0x000002096e1fe6d8]
Event: 40.188 Thread 0x0000020908b9a000 5356       1       java.lang.reflect.Proxy::getInvocationHandler (67 bytes)
Event: 40.348 Thread 0x0000020908b9a000 


GC Heap History (18 events):
Event: 5.133 GC heap before
{Heap before GC invocations=0 (full 0):
 garbage-first heap   total 260096K, used 23552K [0x0000000702000000, 0x0000000800000000)
  region size 1024K, 24 young (24576K), 0 survivors (0K)
 Metaspace       used 15004K, capacity 15380K, committed 15488K, reserved 1062912K
  class space    used 1509K, capacity 1634K, committed 1664K, reserved 1048576K
}
Event: 5.200 GC heap after
{Heap after GC invocations=1 (full 0):
 garbage-first heap   total 260096K, used 6642K [0x0000000702000000, 0x0000000800000000)
  region size 1024K, 3 young (3072K), 3 survivors (3072K)
 Metaspace       used 15004K, capacity 15380K, committed 15488K, reserved 1062912K
  class space    used 1509K, capacity 1634K, committed 1664K, reserved 1048576K
}
Event: 7.266 GC heap before
{Heap before GC invocations=1 (full 0):
 garbage-first heap   total 260096K, used 63986K [0x0000000702000000, 0x0000000800000000)
  region size 1024K, 60 young (61440K), 3 survivors (3072K)
 Metaspace       used 20573K, capacity 21151K, committed 21248K, reserved 1069056K
  class space    used 2257K, capacity 2503K, committed 2560K, reserved 1048576K
}
Event: 7.276 GC heap after
{Heap after GC invocations=2 (full 0):
 garbage-first heap   total 260096K, used 8686K [0x0000000702000000, 0x0000000800000000)
  region size 1024K, 5 young (5120K), 5 survivors (5120K)
 Metaspace       used 20573K, capacity 21151K, committed 21248K, reserved 1069056K
  class space    used 2257K, capacity 2503K, committed 2560K, reserved 1048576K
}
Event: 7.688 GC heap before
{Heap before GC invocations=3 (full 0):
 garbage-first heap   total 260096K, used 29166K [0x0000000702000000, 0x0000000800000000)
  region size 1024K, 25 young (25600K), 5 survivors (5120K)
 Metaspace       used 22196K, capacity 22927K, committed 23168K, reserved 1069056K
  class space    used 2560K, capacity 2845K, committed 2944K, reserved 1048576K
}
Event: 7.774 GC heap after
{Heap after GC invocations=4 (full 0):
 garbage-first heap   total 260096K, used 9715K [0x0000000702000000, 0x0000000800000000)
  region size 1024K, 3 young (3072K), 3 survivors (3072K)
 Metaspace       used 22196K, capacity 22927K, committed 23168K, reserved 1069056K
  class space    used 2560K, capacity 2845K, committed 2944K, reserved 1048576K
}
Event: 8.147 GC heap before
{Heap before GC invocations=4 (full 0):
 garbage-first heap   total 260096K, used 72179K [0x0000000702000000, 0x0000000800000000)
  region size 1024K, 65 young (66560K), 3 survivors (3072K)
 Metaspace       used 26787K, capacity 27546K, committed 27648K, reserved 1073152K
  class space    used 3259K, capacity 3550K, committed 3584K, reserved 1048576K
}
Event: 8.152 GC heap after
{Heap after GC invocations=5 (full 0):
 garbage-first heap   total 260096K, used 10776K [0x0000000702000000, 0x0000000800000000)
  region size 1024K, 4 young (4096K), 4 survivors (4096K)
 Metaspace       used 26787K, capacity 27546K, committed 27648K, reserved 1073152K
  class space    used 3259K, capacity 3550K, committed 3584K, reserved 1048576K
}
Event: 8.619 GC heap before
{Heap before GC invocations=5 (full 0):
 garbage-first heap   total 260096K, used 94744K [0x0000000702000000, 0x0000000800000000)
  region size 1024K, 87 young (89088K), 4 survivors (4096K)
 Metaspace       used 32059K, capacity 32945K, committed 33152K, reserved 1079296K
  class space    used 3858K, capacity 4200K, committed 4224K, reserved 1048576K
}
Event: 8.626 GC heap after
{Heap after GC invocations=6 (full 0):
 garbage-first heap   total 260096K, used 12616K [0x0000000702000000, 0x0000000800000000)
  region size 1024K, 6 young (6144K), 6 survivors (6144K)
 Metaspace       used 32059K, capacity 32945K, committed 33152K, reserved 1079296K
  class space    used 3858K, capacity 4200K, committed 4224K, reserved 1048576K
}
Event: 9.792 GC heap before
{Heap before GC invocations=6 (full 0):
 garbage-first heap   total 260096K, used 79176K [0x0000000702000000, 0x0000000800000000)
  region size 1024K, 72 young (73728K), 6 survivors (6144K)
 Metaspace       used 34793K, capacity 35707K, committed 35840K, reserved 1081344K
  class space    used 4268K, capacity 4640K, committed 4736K, reserved 1048576K
}
Event: 9.811 GC heap after
{Heap after GC invocations=7 (full 0):
 garbage-first heap   total 260096K, used 14117K [0x0000000702000000, 0x0000000800000000)
  region size 1024K, 8 young (8192K), 8 survivors (8192K)
 Metaspace       used 34793K, capacity 35707K, committed 35840K, reserved 1081344K
  class space    used 4268K, capacity 4640K, committed 4736K, reserved 1048576K
}
Event: 25.443 GC heap before
{Heap before GC invocations=8 (full 0):
 garbage-first heap   total 260096K, used 131877K [0x0000000702000000, 0x0000000800000000)
  region size 1024K, 123 young (125952K), 8 survivors (8192K)
 Metaspace       used 42565K, capacity 43868K, committed 44032K, reserved 1087488K
  class space    used 5320K, capacity 5841K, committed 5888K, reserved 1048576K
}
Event: 25.456 GC heap after
{Heap after GC invocations=9 (full 0):
 garbage-first heap   total 260096K, used 17966K [0x0000000702000000, 0x0000000800000000)
  region size 1024K, 11 young (11264K), 11 survivors (11264K)
 Metaspace       used 42565K, capacity 43868K, committed 44032K, reserved 1087488K
  class space    used 5320K, capacity 5841K, committed 5888K, reserved 1048576K
}
Event: 40.109 GC heap before
{Heap before GC invocations=9 (full 0):
 garbage-first heap   total 260096K, used 162350K [0x0000000702000000, 0x0000000800000000)
  region size 1024K, 152 young (155648K), 11 survivors (11264K)
 Metaspace       used 51360K, capacity 52959K, committed 53120K, reserved 1095680K
  class space    used 6374K, capacity 6994K, committed 7040K, reserved 1048576K
}
Event: 40.130 GC heap after
{Heap after GC invocations=10 (full 0):
 garbage-first heap   total 260096K, used 22824K [0x0000000702000000, 0x0000000800000000)
  region size 1024K, 14 young (14336K), 14 survivors (14336K)
 Metaspace       used 51360K, capacity 52959K, committed 53120K, reserved 1095680K
  class space    used 6374K, capacity 6994K, committed 7040K, reserved 1048576K
}
Event: 40.537 GC heap before
{Heap before GC invocations=10 (full 0):
 garbage-first heap   total 260096K, used 27944K [0x0000000702000000, 0x0000000800000000)
  region size 1024K, 20 young (20480K), 14 survivors (14336K)
 Metaspace       used 51514K, capacity 53035K, committed 53120K, reserved 1101824K
  class space    used 6395K, capacity 6997K, committed 7040K, reserved 1048576K
}
Event: 40.562 GC heap after
{Heap after GC invocations=11 (full 0):
 garbage-first heap   total 260096K, used 23947K [0x0000000702000000, 0x0000000800000000)
  region size 1024K, 11 young (11264K), 11 survivors (11264K)
 Metaspace       used 51514K, capacity 53035K, committed 53120K, reserved 1101824K
  class space    used 6395K, capacity 6997K, committed 7040K, reserved 1048576K
}

Deoptimization events (20 events):
Event: 40.165 Thread 0x000002090abbb800 DEOPT PACKING pc=0x000002096e1264ac sp=0x000000e5ac0f9d70
Event: 40.165 Thread 0x000002090abbb800 DEOPT UNPACKING pc=0x000002096d17a95e sp=0x000000e5ac0f92c0 mode 1
Event: 40.167 Thread 0x000002090abbb800 DEOPT PACKING pc=0x000002096dd551d1 sp=0x000000e5ac0fa070
Event: 40.167 Thread 0x000002090abbb800 DEOPT UNPACKING pc=0x000002096d17a95e sp=0x000000e5ac0f9538 mode 1
Event: 40.167 Thread 0x000002090abbb800 DEOPT PACKING pc=0x000002096dd548dc sp=0x000000e5ac0fa0f0
Event: 40.167 Thread 0x000002090abbb800 DEOPT UNPACKING pc=0x000002096d17a95e sp=0x000000e5ac0f9598 mode 1
Event: 40.167 Thread 0x000002090abbb800 DEOPT PACKING pc=0x000002096e1264ac sp=0x000000e5ac0fa150
Event: 40.167 Thread 0x000002090abbb800 DEOPT UNPACKING pc=0x000002096d17a95e sp=0x000000e5ac0f96a0 mode 1
Event: 40.168 Thread 0x000002090abbb800 DEOPT PACKING pc=0x000002096dd551d1 sp=0x000000e5ac0fa070
Event: 40.168 Thread 0x000002090abbb800 DEOPT UNPACKING pc=0x000002096d17a95e sp=0x000000e5ac0f9538 mode 1
Event: 40.168 Thread 0x000002090abbb800 DEOPT PACKING pc=0x000002096dd548dc sp=0x000000e5ac0fa0f0
Event: 40.168 Thread 0x000002090abbb800 DEOPT UNPACKING pc=0x000002096d17a95e sp=0x000000e5ac0f9598 mode 1
Event: 40.168 Thread 0x000002090abbb800 DEOPT PACKING pc=0x000002096e1264ac sp=0x000000e5ac0fa150
Event: 40.168 Thread 0x000002090abbb800 DEOPT UNPACKING pc=0x000002096d17a95e sp=0x000000e5ac0f96a0 mode 1
Event: 40.169 Thread 0x000002090abbb800 DEOPT PACKING pc=0x000002096dd551d1 sp=0x000000e5ac0f9ea0
Event: 40.169 Thread 0x000002090abbb800 DEOPT UNPACKING pc=0x000002096d17a95e sp=0x000000e5ac0f9368 mode 1
Event: 40.169 Thread 0x000002090abbb800 DEOPT PACKING pc=0x000002096dd548dc sp=0x000000e5ac0f9f20
Event: 40.169 Thread 0x000002090abbb800 DEOPT UNPACKING pc=0x000002096d17a95e sp=0x000000e5ac0f93c8 mode 1
Event: 40.169 Thread 0x000002090abbb800 DEOPT PACKING pc=0x000002096e1264ac sp=0x000000e5ac0f9f80
Event: 40.169 Thread 0x000002090abbb800 DEOPT UNPACKING pc=0x000002096d17a95e sp=0x000000e5ac0f94d0 mode 1

Classes redefined (0 events):
No events

Internal exceptions (20 events):
Event: 31.389 Thread 0x000002090abbb800 Exception <a 'java/lang/ClassNotFoundException'{0x000000070e0cc260}: java/lang/ObjectCustomizer> (0x000000070e0cc260) thrown at [s\src\hotspot\share\classfile\systemDictionary.cpp, line 230]
Event: 31.390 Thread 0x000002090abbb800 Exception <a 'java/lang/ClassNotFoundException'{0x000000070e0e2bf0}: org/springframework/dao/support/DaoSupportCustomizer> (0x000000070e0e2bf0) thrown at [s\src\hotspot\share\classfile\systemDictionary.cpp, line 230]
Event: 31.391 Thread 0x000002090abbb800 Exception <a 'java/lang/ClassNotFoundException'{0x000000070e0f8548}: org/mybatis/spring/support/SqlSessionDaoSupportCustomizer> (0x000000070e0f8548) thrown at [s\src\hotspot\share\classfile\systemDictionary.cpp, line 230]
Event: 31.400 Thread 0x000002090abbb800 Exception <a 'java/lang/ClassNotFoundException'{0x000000070df10e70}: org/mybatis/spring/mapper/MapperFactoryBeanCustomizer> (0x000000070df10e70) thrown at [s\src\hotspot\share\classfile\systemDictionary.cpp, line 230]
Event: 31.467 Thread 0x000002090abbb800 Exception <a 'java/lang/ClassNotFoundException'{0x000000070df30c60}: org/springframework/beans/factory/FactoryBeanCustomizer> (0x000000070df30c60) thrown at [s\src\hotspot\share\classfile\systemDictionary.cpp, line 230]
Event: 31.498 Thread 0x000002090abbb800 Exception <a 'java/lang/ClassNotFoundException'{0x000000070df498a8}: org/springframework/beans/factory/InitializingBeanCustomizer> (0x000000070df498a8) thrown at [s\src\hotspot\share\classfile\systemDictionary.cpp, line 230]
Event: 31.668 Thread 0x000002090abbb800 Exception <a 'java/lang/NoClassDefFoundError'{0x000000070da86fc8}: oracle/security/pki/OraclePKIProvider> (0x000000070da86fc8) thrown at [s\src\hotspot\share\classfile\systemDictionary.cpp, line 219]
Event: 32.127 Thread 0x000002090abbb800 Exception <a 'java/lang/ClassNotFoundException'{0x000000070c62f810}: java/lang/ObjectCustomizer> (0x000000070c62f810) thrown at [s\src\hotspot\share\classfile\systemDictionary.cpp, line 230]
Event: 32.129 Thread 0x000002090abbb800 Exception <a 'java/lang/ClassNotFoundException'{0x000000070c6465d0}: org/mybatis/spring/SqlSessionFactoryBeanCustomizer> (0x000000070c6465d0) thrown at [s\src\hotspot\share\classfile\systemDictionary.cpp, line 230]
Event: 32.135 Thread 0x000002090abbb800 Exception <a 'java/lang/ClassNotFoundException'{0x000000070c6a09f0}: org/springframework/beans/factory/FactoryBeanCustomizer> (0x000000070c6a09f0) thrown at [s\src\hotspot\share\classfile\systemDictionary.cpp, line 230]
Event: 32.139 Thread 0x000002090abbb800 Exception <a 'java/lang/ClassNotFoundException'{0x000000070c6b8818}: org/springframework/beans/factory/InitializingBeanCustomizer> (0x000000070c6b8818) thrown at [s\src\hotspot\share\classfile\systemDictionary.cpp, line 230]
Event: 32.140 Thread 0x000002090abbb800 Exception <a 'java/lang/ClassNotFoundException'{0x000000070c6cda38}: org/springframework/context/ApplicationListenerCustomizer> (0x000000070c6cda38) thrown at [s\src\hotspot\share\classfile\systemDictionary.cpp, line 230]
Event: 32.141 Thread 0x000002090abbb800 Exception <a 'java/lang/ClassNotFoundException'{0x000000070c6d3c40}: java/util/EventListenerCustomizer> (0x000000070c6d3c40) thrown at [s\src\hotspot\share\classfile\systemDictionary.cpp, line 230]
Event: 32.602 Thread 0x000002090abbb800 Exception <a 'java/lang/NoSuchMethodError'{0x000000070af310e0}: 'boolean java.lang.Class.isRecord()'> (0x000000070af310e0) thrown at [s\src\hotspot\share\interpreter\linkResolver.cpp, line 773]
Event: 33.934 Thread 0x000002090b826800 Exception <a 'java/lang/reflect/InvocationTargetException'{0x0000000710a167e8}> (0x0000000710a167e8) thrown at [s\src\hotspot\share\runtime\reflection.cpp, line 1245]
Event: 34.589 Thread 0x000002090b826800 Exception <a 'java/lang/reflect/InvocationTargetException'{0x0000000710a19ee0}> (0x0000000710a19ee0) thrown at [s\src\hotspot\share\runtime\reflection.cpp, line 1245]
Event: 35.950 Thread 0x000002090b826800 Exception <a 'java/lang/reflect/InvocationTargetException'{0x0000000710a1d5d8}> (0x0000000710a1d5d8) thrown at [s\src\hotspot\share\runtime\reflection.cpp, line 1245]
Event: 36.780 Thread 0x000002090b826800 Exception <a 'java/lang/reflect/InvocationTargetException'{0x0000000710a20cd0}> (0x0000000710a20cd0) thrown at [s\src\hotspot\share\runtime\reflection.cpp, line 1245]
Event: 38.234 Thread 0x000002090b826800 Exception <a 'java/lang/reflect/InvocationTargetException'{0x0000000710a243c8}> (0x0000000710a243c8) thrown at [s\src\hotspot\share\runtime\reflection.cpp, line 1245]
Event: 39.688 Thread 0x000002090b826800 Exception <a 'java/lang/reflect/InvocationTargetException'{0x0000000710a27ac0}> (0x0000000710a27ac0) thrown at [s\src\hotspot\share\runtime\reflection.cpp, line 1245]

Events (20 events):
Event: 40.182 loading class org/springframework/aop/framework/CglibAopProxy$DynamicAdvisedInterceptor done
Event: 40.183 loading class org/springframework/aop/framework/CglibAopProxy$StaticUnadvisedInterceptor
Event: 40.183 loading class org/springframework/aop/framework/CglibAopProxy$StaticUnadvisedInterceptor done
Event: 40.183 loading class org/springframework/aop/framework/CglibAopProxy$StaticDispatcher
Event: 40.183 loading class org/springframework/aop/framework/CglibAopProxy$StaticDispatcher done
Event: 40.183 loading class org/springframework/aop/framework/CglibAopProxy$SerializableNoOp
Event: 40.183 loading class org/springframework/aop/framework/CglibAopProxy$SerializableNoOp done
Event: 40.183 loading class org/springframework/aop/framework/CglibAopProxy$EqualsInterceptor
Event: 40.183 loading class org/springframework/aop/framework/CglibAopProxy$EqualsInterceptor done
Event: 40.184 loading class org/springframework/aop/framework/CglibAopProxy$HashCodeInterceptor
Event: 40.184 loading class org/springframework/aop/framework/CglibAopProxy$HashCodeInterceptor done
Event: 40.184 loading class org/springframework/aop/framework/CglibAopProxy$ProxyCallbackFilter
Event: 40.184 loading class org/springframework/aop/framework/CglibAopProxy$ProxyCallbackFilter done
Event: 40.186 loading class org/springframework/aop/framework/AdvisedSupport$MethodCacheKey
Event: 40.186 loading class org/springframework/aop/framework/AdvisedSupport$MethodCacheKey done
Event: 40.186 loading class org/springframework/aop/ThrowsAdvice
Event: 40.186 loading class org/springframework/aop/ThrowsAdvice done
Event: 40.349 loading class org/springframework/cglib/proxy/Enhancer$5
Event: 40.349 loading class org/springframework/cglib/proxy/Enhancer$5 done
Event: 40.537 Executing VM operation: CollectForMetadataAllocation


Dynamic libraries:
0x00007ff6611a0000 - 0x00007ff6611ae000 	C:\Program Files\Java\jdk-11\bin\javaw.exe
0x00007ffad3150000 - 0x00007ffad3348000 	C:\Windows\SYSTEM32\ntdll.dll
0x00007ffad1260000 - 0x00007ffad131f000 	C:\Windows\System32\KERNEL32.DLL
0x00007ffad0830000 - 0x00007ffad0b26000 	C:\Windows\System32\KERNELBASE.dll
0x00007ffad0d80000 - 0x00007ffad0e80000 	C:\Windows\System32\ucrtbase.dll
0x00007ffacdf70000 - 0x00007ffacdf88000 	C:\Program Files\Java\jdk-11\bin\jli.dll
0x00007ffacdf50000 - 0x00007ffacdf69000 	C:\Program Files\Java\jdk-11\bin\VCRUNTIME140.dll
0x00007ffad2180000 - 0x00007ffad231d000 	C:\Windows\System32\USER32.dll
0x00007ffac2200000 - 0x00007ffac249a000 	C:\Windows\WinSxS\amd64_microsoft.windows.common-controls_6595b64144ccf1df_6.0.19041.1110_none_60b5254171f9507e\COMCTL32.dll
0x00007ffad1020000 - 0x00007ffad1042000 	C:\Windows\System32\win32u.dll
0x00007ffad1900000 - 0x00007ffad199e000 	C:\Windows\System32\msvcrt.dll
0x00007ffad3090000 - 0x00007ffad30bc000 	C:\Windows\System32\GDI32.dll
0x00007ffad0b30000 - 0x00007ffad0c45000 	C:\Windows\System32\gdi32full.dll
0x00007ffad0ef0000 - 0x00007ffad0f8d000 	C:\Windows\System32\msvcp_win.dll
0x00007ffad30c0000 - 0x00007ffad30f0000 	C:\Windows\System32\IMM32.DLL
0x00007ffacdea0000 - 0x00007ffacdeac000 	C:\Program Files\Java\jdk-11\bin\vcruntime140_1.dll
0x00007ffaa9e40000 - 0x00007ffaa9ed1000 	C:\Program Files\Java\jdk-11\bin\msvcp140.dll
0x00007ffa6dda0000 - 0x00007ffa6e95c000 	C:\Program Files\Java\jdk-11\bin\server\jvm.dll
0x00007ffad2730000 - 0x00007ffad27df000 	C:\Windows\System32\ADVAPI32.dll
0x00007ffad1860000 - 0x00007ffad18fc000 	C:\Windows\System32\sechost.dll
0x00007ffad2600000 - 0x00007ffad2726000 	C:\Windows\System32\RPCRT4.dll
0x00007ffad1e20000 - 0x00007ffad1e28000 	C:\Windows\System32\PSAPI.DLL
0x00007ffabc7d0000 - 0x00007ffabc7d9000 	C:\Windows\SYSTEM32\WSOCK32.dll
0x00007ffad2450000 - 0x00007ffad24bb000 	C:\Windows\System32\WS2_32.dll
0x00007ffacbe90000 - 0x00007ffacbeb7000 	C:\Windows\SYSTEM32\WINMM.dll
0x00007ffacb570000 - 0x00007ffacb57a000 	C:\Windows\SYSTEM32\VERSION.dll
0x00007fface700000 - 0x00007fface712000 	C:\Windows\SYSTEM32\kernel.appcore.dll
0x00007ffacddd0000 - 0x00007ffacdde0000 	C:\Program Files\Java\jdk-11\bin\verify.dll
0x00007ffabffd0000 - 0x00007ffac01b4000 	C:\Windows\SYSTEM32\DBGHELP.DLL
0x00007ffabbf70000 - 0x00007ffabbfa4000 	C:\Windows\SYSTEM32\dbgcore.DLL
0x00007ffad0f90000 - 0x00007ffad1012000 	C:\Windows\System32\bcryptPrimitives.dll
0x00007ffacdd80000 - 0x00007ffacdda8000 	C:\Program Files\Java\jdk-11\bin\java.dll
0x00007ffac92a0000 - 0x00007ffac92aa000 	C:\Program Files\Java\jdk-11\bin\jimage.dll
0x00007ffac2e00000 - 0x00007ffac2e38000 	C:\Program Files\Java\jdk-11\bin\jdwp.dll
0x00007ffac9290000 - 0x00007ffac929e000 	C:\Program Files\Java\jdk-11\bin\instrument.dll
0x00007ffac3800000 - 0x00007ffac3818000 	C:\Program Files\Java\jdk-11\bin\zip.dll
0x00007ffad2940000 - 0x00007ffad3084000 	C:\Windows\System32\SHELL32.dll
0x00007fface900000 - 0x00007ffacf093000 	C:\Windows\SYSTEM32\windows.storage.dll
0x00007ffad1380000 - 0x00007ffad16d4000 	C:\Windows\System32\combase.dll
0x00007ffad01a0000 - 0x00007ffad01ce000 	C:\Windows\SYSTEM32\Wldp.dll
0x00007ffad24c0000 - 0x00007ffad256d000 	C:\Windows\System32\SHCORE.dll
0x00007ffad16e0000 - 0x00007ffad1735000 	C:\Windows\System32\shlwapi.dll
0x00007ffad0770000 - 0x00007ffad078f000 	C:\Windows\SYSTEM32\profapi.dll
0x00007ffac2c60000 - 0x00007ffac2c6a000 	C:\Program Files\Java\jdk-11\bin\dt_socket.dll
0x00007ffacff00000 - 0x00007ffacff6a000 	C:\Windows\System32\mswsock.dll
0x00007ffacfc30000 - 0x00007ffacfcfa000 	C:\Windows\SYSTEM32\DNSAPI.dll
0x00007ffacfbf0000 - 0x00007ffacfc2c000 	C:\Windows\SYSTEM32\IPHLPAPI.DLL
0x00007ffad2170000 - 0x00007ffad2178000 	C:\Windows\System32\NSI.dll
0x00007ffac45b0000 - 0x00007ffac4632000 	C:\Windows\System32\fwpuclnt.dll
0x00007ffad0c50000 - 0x00007ffad0c77000 	C:\Windows\System32\bcrypt.dll
0x00007ffac3940000 - 0x00007ffac394a000 	C:\Windows\System32\rasadhlp.dll
0x00007ffac37e0000 - 0x00007ffac37f9000 	C:\Program Files\Java\jdk-11\bin\net.dll
0x00007ffac5170000 - 0x00007ffac527a000 	C:\Windows\SYSTEM32\WINHTTP.dll
0x00007ffac3570000 - 0x00007ffac3583000 	C:\Program Files\Java\jdk-11\bin\nio.dll
0x00007ffac2de0000 - 0x00007ffac2de9000 	C:\Program Files\Java\jdk-11\bin\management.dll
0x00007ffac2dd0000 - 0x00007ffac2ddb000 	C:\Program Files\Java\jdk-11\bin\management_ext.dll
0x00007ffaba430000 - 0x00007ffaba447000 	C:\Windows\system32\napinsp.dll
0x00007ffaba410000 - 0x00007ffaba42b000 	C:\Windows\system32\pnrpnsp.dll
0x00007ffaba3f0000 - 0x00007ffaba405000 	C:\Windows\system32\wshbth.dll
0x00007ffacdbb0000 - 0x00007ffacdbcd000 	C:\Windows\system32\NLAapi.dll
0x00007ffaba3d0000 - 0x00007ffaba3e2000 	C:\Windows\System32\winrnr.dll
0x00007ffad0100000 - 0x00007ffad0118000 	C:\Windows\SYSTEM32\CRYPTSP.dll
0x00007ffacf820000 - 0x00007ffacf854000 	C:\Windows\system32\rsaenh.dll
0x00007ffad06f0000 - 0x00007ffad071e000 	C:\Windows\SYSTEM32\USERENV.dll
0x00007ffad00f0000 - 0x00007ffad00fc000 	C:\Windows\SYSTEM32\CRYPTBASE.dll
0x00007ffac5540000 - 0x00007ffac5557000 	C:\Windows\SYSTEM32\dhcpcsvc6.DLL
0x00007ffac5520000 - 0x00007ffac553d000 	C:\Windows\SYSTEM32\dhcpcsvc.DLL
0x00007ffac2c30000 - 0x00007ffac2c57000 	C:\Program Files\Java\jdk-11\bin\sunec.dll
0x00007ffac2df0000 - 0x00007ffac2dfe000 	C:\Program Files\Java\jdk-11\bin\sunmscapi.dll
0x00007ffad1050000 - 0x00007ffad11ae000 	C:\Windows\System32\CRYPT32.dll
0x00007ffad0210000 - 0x00007ffad0238000 	C:\Windows\SYSTEM32\ncrypt.dll
0x00007ffad01d0000 - 0x00007ffad020b000 	C:\Windows\SYSTEM32\NTASN1.dll

dbghelp: loaded successfully - version: 4.0.5 - missing functions: none
symbol engine: initialized successfully - sym options: 0x614 - pdb path: .;C:\Program Files\Java\jdk-11\bin;C:\Windows\SYSTEM32;C:\Windows\WinSxS\amd64_microsoft.windows.common-controls_6595b64144ccf1df_6.0.19041.1110_none_60b5254171f9507e;C:\Program Files\Java\jdk-11\bin\server

VM Arguments:
jvm_args: -agentlib:jdwp=transport=dt_socket,suspend=y,address=localhost:58733 -Dcom.sun.management.jmxremote -Dcom.sun.management.jmxremote.port=57948 -Dcom.sun.management.jmxremote.authenticate=false -Dcom.sun.management.jmxremote.ssl=false -Djava.rmi.server.hostname=localhost -Dspring.jmx.enabled=true -Dspring.liveBeansView.mbeanDomain -Dspring.application.admin.enabled=true -XX:TieredStopAtLevel=1 -Dspring.boot.project.name=pet-shopping-mall -javaagent:C:\dev\sts-bundle\sts-3.9.17.RELEASE\configuration\org.eclipse.osgi\311\0\.cp\lib\javaagent-shaded.jar -Dfile.encoding=UTF-8 
java_command: com.shop.app.PetShoppingMallApplication --spring.output.ansi.enabled=always
java_class_path (initial): C:\Workspaces\documents\pet-shopping-mall\target\classes;C:\Users\user1\.m2\repository\org\springframework\boot\spring-boot-starter-cache\2.7.14\spring-boot-starter-cache-2.7.14.jar;C:\Users\user1\.m2\repository\org\springframework\boot\spring-boot-starter\2.7.14\spring-boot-starter-2.7.14.jar;C:\Users\user1\.m2\repository\org\springframework\boot\spring-boot-starter-logging\2.7.14\spring-boot-starter-logging-2.7.14.jar;C:\Users\user1\.m2\repository\ch\qos\logback\logback-classic\1.2.12\logback-classic-1.2.12.jar;C:\Users\user1\.m2\repository\ch\qos\logback\logback-core\1.2.12\logback-core-1.2.12.jar;C:\Users\user1\.m2\repository\org\apache\logging\log4j\log4j-to-slf4j\2.17.2\log4j-to-slf4j-2.17.2.jar;C:\Users\user1\.m2\repository\org\apache\logging\log4j\log4j-api\2.17.2\log4j-api-2.17.2.jar;C:\Users\user1\.m2\repository\org\slf4j\jul-to-slf4j\1.7.36\jul-to-slf4j-1.7.36.jar;C:\Users\user1\.m2\repository\jakarta\annotation\jakarta.annotation-api\1.3.5\jakarta.annotation-api-1.3.5.jar;C:\Users\user1\.m2\repository\org\yaml\snakeyaml\1.30\snakeyaml-1.30.jar;C:\Users\user1\.m2\repository\org\springframework\spring-context-support\5.3.29\spring-context-support-5.3.29.jar;C:\Users\user1\.m2\repository\org\springframework\security\spring-security-oauth2-client\5.7.10\spring-security-oauth2-client-5.7.10.jar;C:\Users\user1\.m2\repository\org\springframework\security\spring-security-core\5.7.10\spring-security-core-5.7.10.jar;C:\Users\user1\.m2\repository\org\springframework\security\spring-security-crypto\5.7.10\spring-security-crypto-5.7.10.jar;C:\Users\user1\.m2\repository\org\springframework\security\spring-security-oauth2-core\5.7.10\spring-security-oauth2-core-5.7.10.jar;C:\Users\user1\.m2\repository\org\springframework\security\spring-security-web\5.7.10\spring-security-web-5.7.10.jar;C:\Users\user1\.m2\repository\org\springframework\spring-core\5.3.29\spring-core-5.3.29.jar;C:\Users\user1\.m2\repository\org\springframework\spring-jcl\5.3
Launcher Type: SUN_STANDARD

[Global flags]
     intx CICompilerCount                          = 4                                         {product} {ergonomic}
     uint ConcGCThreads                            = 3                                         {product} {ergonomic}
     uint G1ConcRefinementThreads                  = 10                                        {product} {ergonomic}
   size_t G1HeapRegionSize                         = 1048576                                   {product} {ergonomic}
    uintx GCDrainStackTargetSize                   = 64                                        {product} {ergonomic}
   size_t InitialHeapSize                          = 266338304                                 {product} {ergonomic}
     bool ManagementServer                         = true                                      {product} {command line}
   size_t MarkStackSize                            = 4194304                                   {product} {ergonomic}
   size_t MaxHeapSize                              = 4261412864                                {product} {ergonomic}
   size_t MaxNewSize                               = 2556428288                                {product} {ergonomic}
   size_t MinHeapDeltaBytes                        = 1048576                                   {product} {ergonomic}
    uintx NonNMethodCodeHeapSize                   = 7549744                                {pd product} {ergonomic}
    uintx NonProfiledCodeHeapSize                  = 244108496                              {pd product} {ergonomic}
    uintx ProfiledCodeHeapSize                     = 0                                      {pd product} {ergonomic}
    uintx ReservedCodeCacheSize                    = 251658240                              {pd product} {ergonomic}
     bool SegmentedCodeCache                       = true                                      {product} {ergonomic}
     intx TieredStopAtLevel                        = 1                                         {product} {command line}
     bool UseCompressedClassPointers               = true                                 {lp64_product} {ergonomic}
     bool UseCompressedOops                        = true                                 {lp64_product} {ergonomic}
     bool UseG1GC                                  = true                                      {product} {ergonomic}
     bool UseLargePagesIndividualAllocation        = false                                  {pd product} {ergonomic}

Logging:
Log output configuration:
 #0: stdout all=warning uptime,level,tags
 #1: stderr all=off uptime,level,tags

Environment Variables:
JAVA_HOME=C:\Program Files\Java\jdk-11
PATH=C:\Program Files\Java\jdk-17\bin;C:\app\user1\product\21c\dbhomeXE\bin;C:\Program Files\Common Files\Oracle\Java\javapath;C:\Windows\system32;C:\Windows;C:\Windows\System32\Wbem;C:\Windows\System32\WindowsPowerShell\v1.0\;C:\Windows\System32\OpenSSH\;C:\Program Files\Git\cmd;C:\Program Files\Bandizip\;C:\Program Files\nodejs\;C:\Users\user1\AppData\Local\Microsoft\WindowsApps;C:\Users\user1\AppData\Local\Programs\Microsoft VS Code\bin;C:\Users\user1\AppData\Local\GitHubDesktop\bin;C:\Users\user1\AppData\Roaming\npm
USERNAME=user1
OS=Windows_NT
PROCESSOR_IDENTIFIER=Intel64 Family 6 Model 158 Stepping 10, GenuineIntel
TMP=C:\Users\user1\AppData\Local\Temp
TEMP=C:\Users\user1\AppData\Local\Temp



---------------  S Y S T E M  ---------------

OS: Windows 10 , 64 bit Build 19041 (10.0.19041.3031)
OS uptime: 36 days 9:44 hours

CPU:total 12 (initial active 12) (6 cores per cpu, 2 threads per core) family 6 model 158 stepping 10 microcode 0xb4, cmov, cx8, fxsr, mmx, sse, sse2, sse3, ssse3, sse4.1, sse4.2, popcnt, avx, avx2, aes, clmul, erms, rtm, 3dnowpref, lzcnt, ht, tsc, tscinvbit, bmi1, bmi2, adx, fma

Memory: 4k page, system-wide physical 16251M (451M free)
TotalPageFile size 46971M (AvailPageFile size 100M)
current process WorkingSet (physical memory assigned to process): 303M, peak: 303M
current process commit charge ("private bytes"): 426M, peak: 427M

vm_info: OpenJDK 64-Bit Server VM (11.0.20+8) for windows-amd64 JRE (11.0.20+8), built on Jul 18 2023 17:06:26 by "" with MS VC++ 16.7 (VS2019)

END.
