#
# There is insufficient memory for the Java Runtime Environment to continue.
# Native memory allocation (malloc) failed to allocate 1048576 bytes for AllocateHeap
# Possible reasons:
#   The system is out of physical RAM or swap space
#   The process is running with CompressedOops enabled, and the Java Heap may be blocking the growth of the native heap
# Possible solutions:
#   Reduce memory load on the system
#   Increase physical memory or swap space
#   Check if swap backing store is full
#   Decrease Java heap size (-Xmx/-Xms)
#   Decrease number of Java threads
#

 "VM Thread" [stack: 0x000000e8c1b00000,0x000000e8c1c00000] [id=17496]

Stack: [0x000000e8c1b00000,0x000000e8c1c00000]
[error occurred during error reporting (printing stack bounds), id 0xc0000005, EXCEPTION_ACCESS_VIOLATION (0xc0000005) at pc=0x000002370000112d]

Native frames: (J=compiled Java code, j=interpreted, Vv=VM code, C=native code)
V  [jvm.dll+0x64fb8a]
V  [jvm.dll+0x7e3799]
V  [jvm.dll+0x7e4e99]
V  [jvm.dll+0x7e54e5]
V  [jvm.dll+0x7e549b]
V  [jvm.dll+0x64ee95]
V  [jvm.dll+0x64f598]
C  [ntdll.dll+0xa247f]
C  [ntdll.dll+0x514f4]
C  [ntdll.dll+0xa0f8e]
C  0x000002370000112d

VM_Operation (0x000000e8c35fda00): CollectForMetadataAllocation, mode: safepoint, requested by thread 0x0000023710ed3800


---------------  P R O C E S S  ---------------

Threads class SMR info:
_java_thread_list=0x000002371198f9a0, length=22, elements={
0x000002376b710000, 0x000002370f84f800, 0x000002370f851000, 0x000002371016e800,
0x0000023710170800, 0x0000023710171800, 0x0000023710174800, 0x0000023710193800,
0x000002370f808000, 0x0000023710363800, 0x0000023710364000, 0x0000023710365000,
0x0000023710da3000, 0x0000023710da1000, 0x0000023710dde000, 0x0000023711810800,
0x00000237118cf800, 0x000002371186a800, 0x00000237118e1000, 0x0000023710218000,
0x0000023710ed3800, 0x00000237119bb800
}

Java Threads: ( => current thread )
  0x000002376b710000 JavaThread "main" [_thread_blocked, id=17412, stack(0x000000e8c1500000,0x000000e8c1600000)]
  0x000002370f84f800 JavaThread "Reference Handler" daemon [_thread_blocked, id=17520, stack(0x000000e8c1c00000,0x000000e8c1d00000)]
  0x000002370f851000 JavaThread "Finalizer" daemon [_thread_blocked, id=17524, stack(0x000000e8c1d00000,0x000000e8c1e00000)]
  0x000002371016e800 JavaThread "Signal Dispatcher" daemon [_thread_blocked, id=17540, stack(0x000000e8c1e00000,0x000000e8c1f00000)]
  0x0000023710170800 JavaThread "Attach Listener" daemon [_thread_blocked, id=17544, stack(0x000000e8c1f00000,0x000000e8c2000000)]
  0x0000023710171800 JavaThread "Service Thread" daemon [_thread_blocked, id=17548, stack(0x000000e8c2000000,0x000000e8c2100000)]
  0x0000023710174800 JavaThread "C1 CompilerThread0" daemon [_thread_blocked, id=17552, stack(0x000000e8c2100000,0x000000e8c2200000)]
  0x0000023710193800 JavaThread "Sweeper thread" daemon [_thread_blocked, id=17556, stack(0x000000e8c2200000,0x000000e8c2300000)]
  0x000002370f808000 JavaThread "Common-Cleaner" daemon [_thread_blocked, id=17572, stack(0x000000e8c2300000,0x000000e8c2400000)]
  0x0000023710363800 JavaThread "JDWP Transport Listener: dt_socket" daemon [_thread_blocked, id=17792, stack(0x000000e8c2400000,0x000000e8c2500000)]
  0x0000023710364000 JavaThread "JDWP Event Helper Thread" daemon [_thread_blocked, id=17796, stack(0x000000e8c2500000,0x000000e8c2600000)]
  0x0000023710365000 JavaThread "JDWP Command Reader" daemon [_thread_in_native, id=17804, stack(0x000000e8c2600000,0x000000e8c2700000)]
  0x0000023710da3000 JavaThread "RMI TCP Accept-0" daemon [_thread_in_native, id=21188, stack(0x000000e8c2700000,0x000000e8c2800000)]
  0x0000023710da1000 JavaThread "RMI TCP Accept-58015" daemon [_thread_in_native, id=21192, stack(0x000000e8c2800000,0x000000e8c2900000)]
  0x0000023710dde000 JavaThread "RMI TCP Accept-0" daemon [_thread_in_native, id=20524, stack(0x000000e8c2900000,0x000000e8c2a00000)]
  0x0000023711810800 JavaThread "Thread-0" [_thread_blocked, id=20576, stack(0x000000e8c3000000,0x000000e8c3100000)]
  0x00000237118cf800 JavaThread "RMI TCP Connection(1)-127.0.0.1" daemon [_thread_in_native, id=22416, stack(0x000000e8c3100000,0x000000e8c3200000)]
  0x000002371186a800 JavaThread "RMI Scheduler(0)" daemon [_thread_blocked, id=22448, stack(0x000000e8c3200000,0x000000e8c3300000)]
  0x00000237118e1000 JavaThread "RMI TCP Connection(2)-127.0.0.1" daemon [_thread_in_native, id=22544, stack(0x000000e8c3300000,0x000000e8c3400000)]
  0x0000023710218000 JavaThread "JMX server connection timeout 25" daemon [_thread_blocked, id=22644, stack(0x000000e8c3400000,0x000000e8c3500000)]
  0x0000023710ed3800 JavaThread "restartedMain" [_thread_blocked, id=22424, stack(0x000000e8c3500000,0x000000e8c3600000)]
  0x00000237119bb800 JavaThread "background-preinit" [_thread_blocked, id=25304, stack(0x000000e8c3800000,0x000000e8c3900000)]

Other Threads:
=>0x000002370f84b800 VMThread "VM Thread" [stack: 0x000000e8c1b00000,0x000000e8c1c00000] [id=17496]
  0x0000023710ddf800 WatcherThread [stack: 0x000000e8c2a00000,0x000000e8c2b00000] [id=21228]
  0x000002376b729800 GCTaskThread "GC Thread#0" [stack: 0x000000e8c1600000,0x000000e8c1700000] [id=17464]
  0x0000023710f67000 GCTaskThread "GC Thread#1" [stack: 0x000000e8c2b00000,0x000000e8c2c00000] [id=21244]
  0x0000023710f6f800 GCTaskThread "GC Thread#2" [stack: 0x000000e8c2c00000,0x000000e8c2d00000] [id=21248]
  0x0000023710f70000 GCTaskThread "GC Thread#3" [stack: 0x000000e8c2d00000,0x000000e8c2e00000] [id=20712]
  0x0000023710f71000 GCTaskThread "GC Thread#4" [stack: 0x000000e8c2e00000,0x000000e8c2f00000] [id=21256]
  0x0000023710f71800 GCTaskThread "GC Thread#5" [stack: 0x000000e8c2f00000,0x000000e8c3000000] [id=21176]
  0x0000023710f98000 GCTaskThread "GC Thread#6" [stack: 0x000000e8c3900000,0x000000e8c3a00000] [id=26544]
  0x0000023710f98800 GCTaskThread "GC Thread#7" [stack: 0x000000e8c3a00000,0x000000e8c3b00000] [id=26548]
  0x000002376b786800 ConcurrentGCThread "G1 Main Marker" [stack: 0x000000e8c1700000,0x000000e8c1800000] [id=17468]
  0x000002376b788800 ConcurrentGCThread "G1 Conc#0" [stack: 0x000000e8c1800000,0x000000e8c1900000] [id=17472]
  0x000002371183d800 ConcurrentGCThread "G1 Conc#1" [stack: 0x000000e8c3600000,0x000000e8c3700000] [id=23976]
  0x0000023711661800 ConcurrentGCThread "G1 Conc#2" [stack: 0x000000e8c3700000,0x000000e8c3800000] [id=4992]
  0x000002370f72d000 ConcurrentGCThread "G1 Refine#0" [stack: 0x000000e8c1900000,0x000000e8c1a00000] [id=17480]
  0x000002370f72d800 ConcurrentGCThread "G1 Young RemSet Sampling" [stack: 0x000000e8c1a00000,0x000000e8c1b00000] [id=17484]

Threads with active compile tasks:

VM state:at safepoint (normal execution)

VM Mutex/Monitor currently owned by a thread:  ([mutex/lock_event])
[0x000002376b70c010] Threads_lock - owner thread: 0x000002370f84b800
[0x000002376b70cb50] Heap_lock - owner thread: 0x0000023710ed3800

Heap address: 0x0000000702000000, size: 4064 MB, Compressed Oops mode: Zero based, Oop shift amount: 3
Narrow klass base: 0x0000000800000000, Narrow klass shift: 0
Compressed class space size: 1073741824 Address: 0x0000000800000000

Heap:
 garbage-first heap   total 260096K, used 10660K [0x0000000702000000, 0x0000000800000000)
  region size 1024K, 4 young (4096K), 4 survivors (4096K)
 Metaspace       used 26498K, capacity 27270K, committed 27392K, reserved 1085440K
  class space    used 3154K, capacity 3468K, committed 3584K, reserved 1048576K
Heap Regions: E=young(eden), S=young(survivor), O=old, HS=humongous(starts), HC=humongous(continues), CS=collection set, F=free, A=archive, TAMS=top-at-mark-start (previous, next)
|   0|0x0000000702000000, 0x0000000702100000, 0x0000000702100000|100%| O|  |TAMS 0x0000000702100000, 0x0000000702100000| Untracked 
|   1|0x0000000702100000, 0x0000000702200000, 0x0000000702200000|100%| O|  |TAMS 0x0000000702200000, 0x0000000702200000| Untracked 
|   2|0x0000000702200000, 0x0000000702300000, 0x0000000702300000|100%| O|  |TAMS 0x0000000702300000, 0x0000000702300000| Untracked 
|   3|0x0000000702300000, 0x0000000702400000, 0x0000000702400000|100%| O|  |TAMS 0x0000000702400000, 0x0000000702400000| Untracked 
|   4|0x0000000702400000, 0x0000000702500000, 0x0000000702500000|100%| O|  |TAMS 0x0000000702500000, 0x0000000702500000| Untracked 
|   5|0x0000000702500000, 0x0000000702600000, 0x0000000702600000|100%| O|  |TAMS 0x0000000702600000, 0x0000000702600000| Untracked 
|   6|0x0000000702600000, 0x00000007026b7c00, 0x0000000702700000| 71%| O|  |TAMS 0x00000007026b7c00, 0x00000007026b7c00| Untracked 
|   7|0x0000000702700000, 0x0000000702700000, 0x0000000702800000|  0%| F|  |TAMS 0x0000000702700000, 0x0000000702700000| Untracked 
|   8|0x0000000702800000, 0x0000000702800000, 0x0000000702900000|  0%| F|  |TAMS 0x0000000702800000, 0x0000000702800000| Untracked 
|   9|0x0000000702900000, 0x0000000702900000, 0x0000000702a00000|  0%| F|  |TAMS 0x0000000702900000, 0x0000000702900000| Untracked 
|  10|0x0000000702a00000, 0x0000000702a00000, 0x0000000702b00000|  0%| F|  |TAMS 0x0000000702a00000, 0x0000000702a00000| Untracked 
|  11|0x0000000702b00000, 0x0000000702b00000, 0x0000000702c00000|  0%| F|  |TAMS 0x0000000702b00000, 0x0000000702b00000| Untracked 
|  12|0x0000000702c00000, 0x0000000702c00000, 0x0000000702d00000|  0%| F|  |TAMS 0x0000000702c00000, 0x0000000702c00000| Untracked 
|  13|0x0000000702d00000, 0x0000000702d00000, 0x0000000702e00000|  0%| F|  |TAMS 0x0000000702d00000, 0x0000000702d00000| Untracked 
|  14|0x0000000702e00000, 0x0000000702e00000, 0x0000000702f00000|  0%| F|  |TAMS 0x0000000702e00000, 0x0000000702e00000| Untracked 
|  15|0x0000000702f00000, 0x0000000702f00000, 0x0000000703000000|  0%| F|  |TAMS 0x0000000702f00000, 0x0000000702f00000| Untracked 
|  16|0x0000000703000000, 0x0000000703000000, 0x0000000703100000|  0%| F|  |TAMS 0x0000000703000000, 0x0000000703000000| Untracked 
|  17|0x0000000703100000, 0x0000000703100000, 0x0000000703200000|  0%| F|  |TAMS 0x0000000703100000, 0x0000000703100000| Untracked 
|  18|0x0000000703200000, 0x0000000703200000, 0x0000000703300000|  0%| F|  |TAMS 0x0000000703200000, 0x0000000703200000| Untracked 
|  19|0x0000000703300000, 0x0000000703300000, 0x0000000703400000|  0%| F|  |TAMS 0x0000000703300000, 0x0000000703300000| Untracked 
|  20|0x0000000703400000, 0x0000000703400000, 0x0000000703500000|  0%| F|  |TAMS 0x0000000703400000, 0x0000000703400000| Untracked 
|  21|0x0000000703500000, 0x0000000703500000, 0x0000000703600000|  0%| F|  |TAMS 0x0000000703500000, 0x0000000703500000| Untracked 
|  22|0x0000000703600000, 0x0000000703600000, 0x0000000703700000|  0%| F|  |TAMS 0x0000000703600000, 0x0000000703600000| Untracked 
|  23|0x0000000703700000, 0x0000000703700000, 0x0000000703800000|  0%| F|  |TAMS 0x0000000703700000, 0x0000000703700000| Untracked 
|  24|0x0000000703800000, 0x0000000703800000, 0x0000000703900000|  0%| F|  |TAMS 0x0000000703800000, 0x0000000703800000| Untracked 
|  25|0x0000000703900000, 0x0000000703900000, 0x0000000703a00000|  0%| F|  |TAMS 0x0000000703900000, 0x0000000703900000| Untracked 
|  26|0x0000000703a00000, 0x0000000703a00000, 0x0000000703b00000|  0%| F|  |TAMS 0x0000000703a00000, 0x0000000703a00000| Untracked 
|  27|0x0000000703b00000, 0x0000000703b00000, 0x0000000703c00000|  0%| F|  |TAMS 0x0000000703b00000, 0x0000000703b00000| Untracked 
|  28|0x0000000703c00000, 0x0000000703c00000, 0x0000000703d00000|  0%| F|  |TAMS 0x0000000703c00000, 0x0000000703c00000| Untracked 
|  29|0x0000000703d00000, 0x0000000703d00000, 0x0000000703e00000|  0%| F|  |TAMS 0x0000000703d00000, 0x0000000703d00000| Untracked 
|  30|0x0000000703e00000, 0x0000000703e00000, 0x0000000703f00000|  0%| F|  |TAMS 0x0000000703e00000, 0x0000000703e00000| Untracked 
|  31|0x0000000703f00000, 0x0000000703f00000, 0x0000000704000000|  0%| F|  |TAMS 0x0000000703f00000, 0x0000000703f00000| Untracked 
|  32|0x0000000704000000, 0x0000000704000000, 0x0000000704100000|  0%| F|  |TAMS 0x0000000704000000, 0x0000000704000000| Untracked 
|  33|0x0000000704100000, 0x0000000704100000, 0x0000000704200000|  0%| F|  |TAMS 0x0000000704100000, 0x0000000704100000| Untracked 
|  34|0x0000000704200000, 0x0000000704200000, 0x0000000704300000|  0%| F|  |TAMS 0x0000000704200000, 0x0000000704200000| Untracked 
|  35|0x0000000704300000, 0x0000000704300000, 0x0000000704400000|  0%| F|  |TAMS 0x0000000704300000, 0x0000000704300000| Untracked 
|  36|0x0000000704400000, 0x0000000704400000, 0x0000000704500000|  0%| F|  |TAMS 0x0000000704400000, 0x0000000704400000| Untracked 
|  37|0x0000000704500000, 0x0000000704500000, 0x0000000704600000|  0%| F|  |TAMS 0x0000000704500000, 0x0000000704500000| Untracked 
|  38|0x0000000704600000, 0x0000000704600000, 0x0000000704700000|  0%| F|  |TAMS 0x0000000704600000, 0x0000000704600000| Untracked 
|  39|0x0000000704700000, 0x0000000704700000, 0x0000000704800000|  0%| F|  |TAMS 0x0000000704700000, 0x0000000704700000| Untracked 
|  40|0x0000000704800000, 0x0000000704800000, 0x0000000704900000|  0%| F|  |TAMS 0x0000000704800000, 0x0000000704800000| Untracked 
|  41|0x0000000704900000, 0x0000000704900000, 0x0000000704a00000|  0%| F|  |TAMS 0x0000000704900000, 0x0000000704900000| Untracked 
|  42|0x0000000704a00000, 0x0000000704a00000, 0x0000000704b00000|  0%| F|  |TAMS 0x0000000704a00000, 0x0000000704a00000| Untracked 
|  43|0x0000000704b00000, 0x0000000704b00000, 0x0000000704c00000|  0%| F|  |TAMS 0x0000000704b00000, 0x0000000704b00000| Untracked 
|  44|0x0000000704c00000, 0x0000000704c00000, 0x0000000704d00000|  0%| F|  |TAMS 0x0000000704c00000, 0x0000000704c00000| Untracked 
|  45|0x0000000704d00000, 0x0000000704d00000, 0x0000000704e00000|  0%| F|  |TAMS 0x0000000704d00000, 0x0000000704d00000| Untracked 
|  46|0x0000000704e00000, 0x0000000704e00000, 0x0000000704f00000|  0%| F|  |TAMS 0x0000000704e00000, 0x0000000704e00000| Untracked 
|  47|0x0000000704f00000, 0x0000000704f00000, 0x0000000705000000|  0%| F|  |TAMS 0x0000000704f00000, 0x0000000704f00000| Untracked 
|  48|0x0000000705000000, 0x0000000705000000, 0x0000000705100000|  0%| F|  |TAMS 0x0000000705000000, 0x0000000705000000| Untracked 
|  49|0x0000000705100000, 0x0000000705100000, 0x0000000705200000|  0%| F|  |TAMS 0x0000000705100000, 0x0000000705100000| Untracked 
|  50|0x0000000705200000, 0x0000000705200000, 0x0000000705300000|  0%| F|  |TAMS 0x0000000705200000, 0x0000000705200000| Untracked 
|  51|0x0000000705300000, 0x0000000705300000, 0x0000000705400000|  0%| F|  |TAMS 0x0000000705300000, 0x0000000705300000| Untracked 
|  52|0x0000000705400000, 0x0000000705400000, 0x0000000705500000|  0%| F|  |TAMS 0x0000000705400000, 0x0000000705400000| Untracked 
|  53|0x0000000705500000, 0x0000000705500000, 0x0000000705600000|  0%| F|  |TAMS 0x0000000705500000, 0x0000000705500000| Untracked 
|  54|0x0000000705600000, 0x0000000705600000, 0x0000000705700000|  0%| F|  |TAMS 0x0000000705600000, 0x0000000705600000| Untracked 
|  55|0x0000000705700000, 0x0000000705700000, 0x0000000705800000|  0%| F|  |TAMS 0x0000000705700000, 0x0000000705700000| Untracked 
|  56|0x0000000705800000, 0x0000000705800000, 0x0000000705900000|  0%| F|  |TAMS 0x0000000705800000, 0x0000000705800000| Untracked 
|  57|0x0000000705900000, 0x0000000705900000, 0x0000000705a00000|  0%| F|  |TAMS 0x0000000705900000, 0x0000000705900000| Untracked 
|  58|0x0000000705a00000, 0x0000000705a00000, 0x0000000705b00000|  0%| F|  |TAMS 0x0000000705a00000, 0x0000000705a00000| Untracked 
|  59|0x0000000705b00000, 0x0000000705b00000, 0x0000000705c00000|  0%| F|  |TAMS 0x0000000705b00000, 0x0000000705b00000| Untracked 
|  60|0x0000000705c00000, 0x0000000705c00000, 0x0000000705d00000|  0%| F|  |TAMS 0x0000000705c00000, 0x0000000705c00000| Untracked 
|  61|0x0000000705d00000, 0x0000000705d00000, 0x0000000705e00000|  0%| F|  |TAMS 0x0000000705d00000, 0x0000000705d00000| Untracked 
|  62|0x0000000705e00000, 0x0000000705e00000, 0x0000000705f00000|  0%| F|  |TAMS 0x0000000705e00000, 0x0000000705e00000| Untracked 
|  63|0x0000000705f00000, 0x0000000705f00000, 0x0000000706000000|  0%| F|  |TAMS 0x0000000705f00000, 0x0000000705f00000| Untracked 
|  64|0x0000000706000000, 0x0000000706000000, 0x0000000706100000|  0%| F|  |TAMS 0x0000000706000000, 0x0000000706000000| Untracked 
|  65|0x0000000706100000, 0x0000000706100000, 0x0000000706200000|  0%| F|  |TAMS 0x0000000706100000, 0x0000000706100000| Untracked 
|  66|0x0000000706200000, 0x0000000706200000, 0x0000000706300000|  0%| F|  |TAMS 0x0000000706200000, 0x0000000706200000| Untracked 
|  67|0x0000000706300000, 0x0000000706300000, 0x0000000706400000|  0%| F|  |TAMS 0x0000000706300000, 0x0000000706300000| Untracked 
|  68|0x0000000706400000, 0x0000000706400000, 0x0000000706500000|  0%| F|  |TAMS 0x0000000706400000, 0x0000000706400000| Untracked 
|  69|0x0000000706500000, 0x0000000706500000, 0x0000000706600000|  0%| F|  |TAMS 0x0000000706500000, 0x0000000706500000| Untracked 
|  70|0x0000000706600000, 0x0000000706600000, 0x0000000706700000|  0%| F|  |TAMS 0x0000000706600000, 0x0000000706600000| Untracked 
|  71|0x0000000706700000, 0x0000000706700000, 0x0000000706800000|  0%| F|  |TAMS 0x0000000706700000, 0x0000000706700000| Untracked 
|  72|0x0000000706800000, 0x0000000706800000, 0x0000000706900000|  0%| F|  |TAMS 0x0000000706800000, 0x0000000706800000| Untracked 
|  73|0x0000000706900000, 0x0000000706900000, 0x0000000706a00000|  0%| F|  |TAMS 0x0000000706900000, 0x0000000706900000| Untracked 
|  74|0x0000000706a00000, 0x0000000706a00000, 0x0000000706b00000|  0%| F|  |TAMS 0x0000000706a00000, 0x0000000706a00000| Untracked 
|  75|0x0000000706b00000, 0x0000000706b00000, 0x0000000706c00000|  0%| F|  |TAMS 0x0000000706b00000, 0x0000000706b00000| Untracked 
|  76|0x0000000706c00000, 0x0000000706c00000, 0x0000000706d00000|  0%| F|  |TAMS 0x0000000706c00000, 0x0000000706c00000| Untracked 
|  77|0x0000000706d00000, 0x0000000706d00000, 0x0000000706e00000|  0%| F|  |TAMS 0x0000000706d00000, 0x0000000706d00000| Untracked 
|  78|0x0000000706e00000, 0x0000000706e00000, 0x0000000706f00000|  0%| F|  |TAMS 0x0000000706e00000, 0x0000000706e00000| Untracked 
|  79|0x0000000706f00000, 0x0000000706f00000, 0x0000000707000000|  0%| F|  |TAMS 0x0000000706f00000, 0x0000000706f00000| Untracked 
|  80|0x0000000707000000, 0x0000000707000000, 0x0000000707100000|  0%| F|  |TAMS 0x0000000707000000, 0x0000000707000000| Untracked 
|  81|0x0000000707100000, 0x0000000707100000, 0x0000000707200000|  0%| F|  |TAMS 0x0000000707100000, 0x0000000707100000| Untracked 
|  82|0x0000000707200000, 0x0000000707200000, 0x0000000707300000|  0%| F|  |TAMS 0x0000000707200000, 0x0000000707200000| Untracked 
|  83|0x0000000707300000, 0x0000000707300000, 0x0000000707400000|  0%| F|  |TAMS 0x0000000707300000, 0x0000000707300000| Untracked 
|  84|0x0000000707400000, 0x0000000707400000, 0x0000000707500000|  0%| F|  |TAMS 0x0000000707400000, 0x0000000707400000| Untracked 
|  85|0x0000000707500000, 0x0000000707500000, 0x0000000707600000|  0%| F|  |TAMS 0x0000000707500000, 0x0000000707500000| Untracked 
|  86|0x0000000707600000, 0x0000000707600000, 0x0000000707700000|  0%| F|  |TAMS 0x0000000707600000, 0x0000000707600000| Untracked 
|  87|0x0000000707700000, 0x0000000707700000, 0x0000000707800000|  0%| F|  |TAMS 0x0000000707700000, 0x0000000707700000| Untracked 
|  88|0x0000000707800000, 0x0000000707800000, 0x0000000707900000|  0%| F|  |TAMS 0x0000000707800000, 0x0000000707800000| Untracked 
|  89|0x0000000707900000, 0x0000000707900000, 0x0000000707a00000|  0%| F|  |TAMS 0x0000000707900000, 0x0000000707900000| Untracked 
|  90|0x0000000707a00000, 0x0000000707a00000, 0x0000000707b00000|  0%| F|  |TAMS 0x0000000707a00000, 0x0000000707a00000| Untracked 
|  91|0x0000000707b00000, 0x0000000707b00000, 0x0000000707c00000|  0%| F|  |TAMS 0x0000000707b00000, 0x0000000707b00000| Untracked 
|  92|0x0000000707c00000, 0x0000000707c00000, 0x0000000707d00000|  0%| F|  |TAMS 0x0000000707c00000, 0x0000000707c00000| Untracked 
|  93|0x0000000707d00000, 0x0000000707d00000, 0x0000000707e00000|  0%| F|  |TAMS 0x0000000707d00000, 0x0000000707d00000| Untracked 
|  94|0x0000000707e00000, 0x0000000707e00000, 0x0000000707f00000|  0%| F|  |TAMS 0x0000000707e00000, 0x0000000707e00000| Untracked 
|  95|0x0000000707f00000, 0x0000000707f00000, 0x0000000708000000|  0%| F|  |TAMS 0x0000000707f00000, 0x0000000707f00000| Untracked 
|  96|0x0000000708000000, 0x0000000708000000, 0x0000000708100000|  0%| F|  |TAMS 0x0000000708000000, 0x0000000708000000| Untracked 
|  97|0x0000000708100000, 0x0000000708100000, 0x0000000708200000|  0%| F|  |TAMS 0x0000000708100000, 0x0000000708100000| Untracked 
|  98|0x0000000708200000, 0x0000000708200000, 0x0000000708300000|  0%| F|  |TAMS 0x0000000708200000, 0x0000000708200000| Untracked 
|  99|0x0000000708300000, 0x0000000708300000, 0x0000000708400000|  0%| F|  |TAMS 0x0000000708300000, 0x0000000708300000| Untracked 
| 100|0x0000000708400000, 0x0000000708400000, 0x0000000708500000|  0%| F|  |TAMS 0x0000000708400000, 0x0000000708400000| Untracked 
| 101|0x0000000708500000, 0x0000000708500000, 0x0000000708600000|  0%| F|  |TAMS 0x0000000708500000, 0x0000000708500000| Untracked 
| 102|0x0000000708600000, 0x0000000708600000, 0x0000000708700000|  0%| F|  |TAMS 0x0000000708600000, 0x0000000708600000| Untracked 
| 103|0x0000000708700000, 0x0000000708700000, 0x0000000708800000|  0%| F|  |TAMS 0x0000000708700000, 0x0000000708700000| Untracked 
| 104|0x0000000708800000, 0x0000000708800000, 0x0000000708900000|  0%| F|  |TAMS 0x0000000708800000, 0x0000000708800000| Untracked 
| 105|0x0000000708900000, 0x0000000708900000, 0x0000000708a00000|  0%| F|  |TAMS 0x0000000708900000, 0x0000000708900000| Untracked 
| 106|0x0000000708a00000, 0x0000000708a00000, 0x0000000708b00000|  0%| F|  |TAMS 0x0000000708a00000, 0x0000000708a00000| Untracked 
| 107|0x0000000708b00000, 0x0000000708b00000, 0x0000000708c00000|  0%| F|  |TAMS 0x0000000708b00000, 0x0000000708b00000| Untracked 
| 108|0x0000000708c00000, 0x0000000708c00000, 0x0000000708d00000|  0%| F|  |TAMS 0x0000000708c00000, 0x0000000708c00000| Untracked 
| 109|0x0000000708d00000, 0x0000000708d00000, 0x0000000708e00000|  0%| F|  |TAMS 0x0000000708d00000, 0x0000000708d00000| Untracked 
| 110|0x0000000708e00000, 0x0000000708e00000, 0x0000000708f00000|  0%| F|  |TAMS 0x0000000708e00000, 0x0000000708e00000| Untracked 
| 111|0x0000000708f00000, 0x0000000708f00000, 0x0000000709000000|  0%| F|  |TAMS 0x0000000708f00000, 0x0000000708f00000| Untracked 
| 112|0x0000000709000000, 0x0000000709000000, 0x0000000709100000|  0%| F|  |TAMS 0x0000000709000000, 0x0000000709000000| Untracked 
| 113|0x0000000709100000, 0x0000000709100000, 0x0000000709200000|  0%| F|  |TAMS 0x0000000709100000, 0x0000000709100000| Untracked 
| 114|0x0000000709200000, 0x0000000709200000, 0x0000000709300000|  0%| F|  |TAMS 0x0000000709200000, 0x0000000709200000| Untracked 
| 115|0x0000000709300000, 0x0000000709300000, 0x0000000709400000|  0%| F|  |TAMS 0x0000000709300000, 0x0000000709300000| Untracked 
| 116|0x0000000709400000, 0x0000000709400000, 0x0000000709500000|  0%| F|  |TAMS 0x0000000709400000, 0x0000000709400000| Untracked 
| 117|0x0000000709500000, 0x0000000709500000, 0x0000000709600000|  0%| F|  |TAMS 0x0000000709500000, 0x0000000709500000| Untracked 
| 118|0x0000000709600000, 0x0000000709600000, 0x0000000709700000|  0%| F|  |TAMS 0x0000000709600000, 0x0000000709600000| Untracked 
| 119|0x0000000709700000, 0x0000000709700000, 0x0000000709800000|  0%| F|  |TAMS 0x0000000709700000, 0x0000000709700000| Untracked 
| 120|0x0000000709800000, 0x0000000709800000, 0x0000000709900000|  0%| F|  |TAMS 0x0000000709800000, 0x0000000709800000| Untracked 
| 121|0x0000000709900000, 0x0000000709900000, 0x0000000709a00000|  0%| F|  |TAMS 0x0000000709900000, 0x0000000709900000| Untracked 
| 122|0x0000000709a00000, 0x0000000709a00000, 0x0000000709b00000|  0%| F|  |TAMS 0x0000000709a00000, 0x0000000709a00000| Untracked 
| 123|0x0000000709b00000, 0x0000000709b00000, 0x0000000709c00000|  0%| F|  |TAMS 0x0000000709b00000, 0x0000000709b00000| Untracked 
| 124|0x0000000709c00000, 0x0000000709c00000, 0x0000000709d00000|  0%| F|  |TAMS 0x0000000709c00000, 0x0000000709c00000| Untracked 
| 125|0x0000000709d00000, 0x0000000709d00000, 0x0000000709e00000|  0%| F|  |TAMS 0x0000000709d00000, 0x0000000709d00000| Untracked 
| 126|0x0000000709e00000, 0x0000000709e00000, 0x0000000709f00000|  0%| F|  |TAMS 0x0000000709e00000, 0x0000000709e00000| Untracked 
| 127|0x0000000709f00000, 0x0000000709f00000, 0x000000070a000000|  0%| F|  |TAMS 0x0000000709f00000, 0x0000000709f00000| Untracked 
| 128|0x000000070a000000, 0x000000070a000000, 0x000000070a100000|  0%| F|  |TAMS 0x000000070a000000, 0x000000070a000000| Untracked 
| 129|0x000000070a100000, 0x000000070a100000, 0x000000070a200000|  0%| F|  |TAMS 0x000000070a100000, 0x000000070a100000| Untracked 
| 130|0x000000070a200000, 0x000000070a200000, 0x000000070a300000|  0%| F|  |TAMS 0x000000070a200000, 0x000000070a200000| Untracked 
| 131|0x000000070a300000, 0x000000070a300000, 0x000000070a400000|  0%| F|  |TAMS 0x000000070a300000, 0x000000070a300000| Untracked 
| 132|0x000000070a400000, 0x000000070a400000, 0x000000070a500000|  0%| F|  |TAMS 0x000000070a400000, 0x000000070a400000| Untracked 
| 133|0x000000070a500000, 0x000000070a500000, 0x000000070a600000|  0%| F|  |TAMS 0x000000070a500000, 0x000000070a500000| Untracked 
| 134|0x000000070a600000, 0x000000070a600000, 0x000000070a700000|  0%| F|  |TAMS 0x000000070a600000, 0x000000070a600000| Untracked 
| 135|0x000000070a700000, 0x000000070a700000, 0x000000070a800000|  0%| F|  |TAMS 0x000000070a700000, 0x000000070a700000| Untracked 
| 136|0x000000070a800000, 0x000000070a800000, 0x000000070a900000|  0%| F|  |TAMS 0x000000070a800000, 0x000000070a800000| Untracked 
| 137|0x000000070a900000, 0x000000070a900000, 0x000000070aa00000|  0%| F|  |TAMS 0x000000070a900000, 0x000000070a900000| Untracked 
| 138|0x000000070aa00000, 0x000000070aa00000, 0x000000070ab00000|  0%| F|  |TAMS 0x000000070aa00000, 0x000000070aa00000| Untracked 
| 139|0x000000070ab00000, 0x000000070ab00000, 0x000000070ac00000|  0%| F|  |TAMS 0x000000070ab00000, 0x000000070ab00000| Untracked 
| 140|0x000000070ac00000, 0x000000070ac00000, 0x000000070ad00000|  0%| F|  |TAMS 0x000000070ac00000, 0x000000070ac00000| Untracked 
| 141|0x000000070ad00000, 0x000000070ad00000, 0x000000070ae00000|  0%| F|  |TAMS 0x000000070ad00000, 0x000000070ad00000| Untracked 
| 142|0x000000070ae00000, 0x000000070ae00000, 0x000000070af00000|  0%| F|  |TAMS 0x000000070ae00000, 0x000000070ae00000| Untracked 
| 143|0x000000070af00000, 0x000000070af00000, 0x000000070b000000|  0%| F|  |TAMS 0x000000070af00000, 0x000000070af00000| Untracked 
| 144|0x000000070b000000, 0x000000070b000000, 0x000000070b100000|  0%| F|  |TAMS 0x000000070b000000, 0x000000070b000000| Untracked 
| 145|0x000000070b100000, 0x000000070b100000, 0x000000070b200000|  0%| F|  |TAMS 0x000000070b100000, 0x000000070b100000| Untracked 
| 146|0x000000070b200000, 0x000000070b200000, 0x000000070b300000|  0%| F|  |TAMS 0x000000070b200000, 0x000000070b200000| Untracked 
| 147|0x000000070b300000, 0x000000070b300000, 0x000000070b400000|  0%| F|  |TAMS 0x000000070b300000, 0x000000070b300000| Untracked 
| 148|0x000000070b400000, 0x000000070b400000, 0x000000070b500000|  0%| F|  |TAMS 0x000000070b400000, 0x000000070b400000| Untracked 
| 149|0x000000070b500000, 0x000000070b500000, 0x000000070b600000|  0%| F|  |TAMS 0x000000070b500000, 0x000000070b500000| Untracked 
| 150|0x000000070b600000, 0x000000070b600000, 0x000000070b700000|  0%| F|  |TAMS 0x000000070b600000, 0x000000070b600000| Untracked 
| 151|0x000000070b700000, 0x000000070b700000, 0x000000070b800000|  0%| F|  |TAMS 0x000000070b700000, 0x000000070b700000| Untracked 
| 152|0x000000070b800000, 0x000000070b800000, 0x000000070b900000|  0%| F|  |TAMS 0x000000070b800000, 0x000000070b800000| Untracked 
| 153|0x000000070b900000, 0x000000070b900000, 0x000000070ba00000|  0%| F|  |TAMS 0x000000070b900000, 0x000000070b900000| Untracked 
| 154|0x000000070ba00000, 0x000000070ba00000, 0x000000070bb00000|  0%| F|  |TAMS 0x000000070ba00000, 0x000000070ba00000| Untracked 
| 155|0x000000070bb00000, 0x000000070bb00000, 0x000000070bc00000|  0%| F|  |TAMS 0x000000070bb00000, 0x000000070bb00000| Untracked 
| 156|0x000000070bc00000, 0x000000070bc00000, 0x000000070bd00000|  0%| F|  |TAMS 0x000000070bc00000, 0x000000070bc00000| Untracked 
| 157|0x000000070bd00000, 0x000000070bd00000, 0x000000070be00000|  0%| F|  |TAMS 0x000000070bd00000, 0x000000070bd00000| Untracked 
| 158|0x000000070be00000, 0x000000070be00000, 0x000000070bf00000|  0%| F|  |TAMS 0x000000070be00000, 0x000000070be00000| Untracked 
| 159|0x000000070bf00000, 0x000000070bf00000, 0x000000070c000000|  0%| F|  |TAMS 0x000000070bf00000, 0x000000070bf00000| Untracked 
| 160|0x000000070c000000, 0x000000070c000000, 0x000000070c100000|  0%| F|  |TAMS 0x000000070c000000, 0x000000070c000000| Untracked 
| 161|0x000000070c100000, 0x000000070c100000, 0x000000070c200000|  0%| F|  |TAMS 0x000000070c100000, 0x000000070c100000| Untracked 
| 162|0x000000070c200000, 0x000000070c200000, 0x000000070c300000|  0%| F|  |TAMS 0x000000070c200000, 0x000000070c200000| Untracked 
| 163|0x000000070c300000, 0x000000070c300000, 0x000000070c400000|  0%| F|  |TAMS 0x000000070c300000, 0x000000070c300000| Untracked 
| 164|0x000000070c400000, 0x000000070c400000, 0x000000070c500000|  0%| F|  |TAMS 0x000000070c400000, 0x000000070c400000| Untracked 
| 165|0x000000070c500000, 0x000000070c500000, 0x000000070c600000|  0%| F|  |TAMS 0x000000070c500000, 0x000000070c500000| Untracked 
| 166|0x000000070c600000, 0x000000070c600000, 0x000000070c700000|  0%| F|  |TAMS 0x000000070c600000, 0x000000070c600000| Untracked 
| 167|0x000000070c700000, 0x000000070c700000, 0x000000070c800000|  0%| F|  |TAMS 0x000000070c700000, 0x000000070c700000| Untracked 
| 168|0x000000070c800000, 0x000000070c800000, 0x000000070c900000|  0%| F|  |TAMS 0x000000070c800000, 0x000000070c800000| Untracked 
| 169|0x000000070c900000, 0x000000070c900000, 0x000000070ca00000|  0%| F|  |TAMS 0x000000070c900000, 0x000000070c900000| Untracked 
| 170|0x000000070ca00000, 0x000000070ca00000, 0x000000070cb00000|  0%| F|  |TAMS 0x000000070ca00000, 0x000000070ca00000| Untracked 
| 171|0x000000070cb00000, 0x000000070cb00000, 0x000000070cc00000|  0%| F|  |TAMS 0x000000070cb00000, 0x000000070cb00000| Untracked 
| 172|0x000000070cc00000, 0x000000070cc00000, 0x000000070cd00000|  0%| F|  |TAMS 0x000000070cc00000, 0x000000070cc00000| Untracked 
| 173|0x000000070cd00000, 0x000000070cd00000, 0x000000070ce00000|  0%| F|  |TAMS 0x000000070cd00000, 0x000000070cd00000| Untracked 
| 174|0x000000070ce00000, 0x000000070ce00000, 0x000000070cf00000|  0%| F|  |TAMS 0x000000070ce00000, 0x000000070ce00000| Untracked 
| 175|0x000000070cf00000, 0x000000070cf00000, 0x000000070d000000|  0%| F|  |TAMS 0x000000070cf00000, 0x000000070cf00000| Untracked 
| 176|0x000000070d000000, 0x000000070d000000, 0x000000070d100000|  0%| F|  |TAMS 0x000000070d000000, 0x000000070d000000| Untracked 
| 177|0x000000070d100000, 0x000000070d100000, 0x000000070d200000|  0%| F|  |TAMS 0x000000070d100000, 0x000000070d100000| Untracked 
| 178|0x000000070d200000, 0x000000070d200000, 0x000000070d300000|  0%| F|  |TAMS 0x000000070d200000, 0x000000070d200000| Untracked 
| 179|0x000000070d300000, 0x000000070d300000, 0x000000070d400000|  0%| F|  |TAMS 0x000000070d300000, 0x000000070d300000| Untracked 
| 180|0x000000070d400000, 0x000000070d400000, 0x000000070d500000|  0%| F|  |TAMS 0x000000070d400000, 0x000000070d400000| Untracked 
| 181|0x000000070d500000, 0x000000070d500000, 0x000000070d600000|  0%| F|  |TAMS 0x000000070d500000, 0x000000070d500000| Untracked 
| 182|0x000000070d600000, 0x000000070d600000, 0x000000070d700000|  0%| F|  |TAMS 0x000000070d600000, 0x000000070d600000| Untracked 
| 183|0x000000070d700000, 0x000000070d700000, 0x000000070d800000|  0%| F|  |TAMS 0x000000070d700000, 0x000000070d700000| Untracked 
| 184|0x000000070d800000, 0x000000070d800000, 0x000000070d900000|  0%| F|  |TAMS 0x000000070d800000, 0x000000070d800000| Untracked 
| 185|0x000000070d900000, 0x000000070d900000, 0x000000070da00000|  0%| F|  |TAMS 0x000000070d900000, 0x000000070d900000| Untracked 
| 186|0x000000070da00000, 0x000000070da00000, 0x000000070db00000|  0%| F|  |TAMS 0x000000070da00000, 0x000000070da00000| Untracked 
| 187|0x000000070db00000, 0x000000070db00000, 0x000000070dc00000|  0%| F|  |TAMS 0x000000070db00000, 0x000000070db00000| Untracked 
| 188|0x000000070dc00000, 0x000000070dc00000, 0x000000070dd00000|  0%| F|  |TAMS 0x000000070dc00000, 0x000000070dc00000| Untracked 
| 189|0x000000070dd00000, 0x000000070dd00000, 0x000000070de00000|  0%| F|  |TAMS 0x000000070dd00000, 0x000000070dd00000| Untracked 
| 190|0x000000070de00000, 0x000000070de00000, 0x000000070df00000|  0%| F|  |TAMS 0x000000070de00000, 0x000000070de00000| Untracked 
| 191|0x000000070df00000, 0x000000070df00000, 0x000000070e000000|  0%| F|  |TAMS 0x000000070df00000, 0x000000070df00000| Untracked 
| 192|0x000000070e000000, 0x000000070e000000, 0x000000070e100000|  0%| F|  |TAMS 0x000000070e000000, 0x000000070e000000| Untracked 
| 193|0x000000070e100000, 0x000000070e100000, 0x000000070e200000|  0%| F|  |TAMS 0x000000070e100000, 0x000000070e100000| Untracked 
| 194|0x000000070e200000, 0x000000070e200000, 0x000000070e300000|  0%| F|  |TAMS 0x000000070e200000, 0x000000070e200000| Untracked 
| 195|0x000000070e300000, 0x000000070e300000, 0x000000070e400000|  0%| F|  |TAMS 0x000000070e300000, 0x000000070e300000| Untracked 
| 196|0x000000070e400000, 0x000000070e400000, 0x000000070e500000|  0%| F|  |TAMS 0x000000070e400000, 0x000000070e400000| Untracked 
| 197|0x000000070e500000, 0x000000070e500000, 0x000000070e600000|  0%| F|  |TAMS 0x000000070e500000, 0x000000070e500000| Untracked 
| 198|0x000000070e600000, 0x000000070e600000, 0x000000070e700000|  0%| F|  |TAMS 0x000000070e600000, 0x000000070e600000| Untracked 
| 199|0x000000070e700000, 0x000000070e700000, 0x000000070e800000|  0%| F|  |TAMS 0x000000070e700000, 0x000000070e700000| Untracked 
| 200|0x000000070e800000, 0x000000070e800000, 0x000000070e900000|  0%| F|  |TAMS 0x000000070e800000, 0x000000070e800000| Untracked 
| 201|0x000000070e900000, 0x000000070e900000, 0x000000070ea00000|  0%| F|  |TAMS 0x000000070e900000, 0x000000070e900000| Untracked 
| 202|0x000000070ea00000, 0x000000070ea00000, 0x000000070eb00000|  0%| F|  |TAMS 0x000000070ea00000, 0x000000070ea00000| Untracked 
| 203|0x000000070eb00000, 0x000000070eb00000, 0x000000070ec00000|  0%| F|  |TAMS 0x000000070eb00000, 0x000000070eb00000| Untracked 
| 204|0x000000070ec00000, 0x000000070ec00000, 0x000000070ed00000|  0%| F|  |TAMS 0x000000070ec00000, 0x000000070ec00000| Untracked 
| 205|0x000000070ed00000, 0x000000070ed00000, 0x000000070ee00000|  0%| F|  |TAMS 0x000000070ed00000, 0x000000070ed00000| Untracked 
| 206|0x000000070ee00000, 0x000000070ee00000, 0x000000070ef00000|  0%| F|  |TAMS 0x000000070ee00000, 0x000000070ee00000| Untracked 
| 207|0x000000070ef00000, 0x000000070ef00000, 0x000000070f000000|  0%| F|  |TAMS 0x000000070ef00000, 0x000000070ef00000| Untracked 
| 208|0x000000070f000000, 0x000000070f000000, 0x000000070f100000|  0%| F|  |TAMS 0x000000070f000000, 0x000000070f000000| Untracked 
| 209|0x000000070f100000, 0x000000070f100000, 0x000000070f200000|  0%| F|  |TAMS 0x000000070f100000, 0x000000070f100000| Untracked 
| 210|0x000000070f200000, 0x000000070f200000, 0x000000070f300000|  0%| F|  |TAMS 0x000000070f200000, 0x000000070f200000| Untracked 
| 211|0x000000070f300000, 0x000000070f300000, 0x000000070f400000|  0%| F|  |TAMS 0x000000070f300000, 0x000000070f300000| Untracked 
| 212|0x000000070f400000, 0x000000070f400000, 0x000000070f500000|  0%| F|  |TAMS 0x000000070f400000, 0x000000070f400000| Untracked 
| 213|0x000000070f500000, 0x000000070f500000, 0x000000070f600000|  0%| F|  |TAMS 0x000000070f500000, 0x000000070f500000| Untracked 
| 214|0x000000070f600000, 0x000000070f600000, 0x000000070f700000|  0%| F|  |TAMS 0x000000070f600000, 0x000000070f600000| Untracked 
| 215|0x000000070f700000, 0x000000070f700000, 0x000000070f800000|  0%| F|  |TAMS 0x000000070f700000, 0x000000070f700000| Untracked 
| 216|0x000000070f800000, 0x000000070f800000, 0x000000070f900000|  0%| F|  |TAMS 0x000000070f800000, 0x000000070f800000| Untracked 
| 217|0x000000070f900000, 0x000000070f900000, 0x000000070fa00000|  0%| F|  |TAMS 0x000000070f900000, 0x000000070f900000| Untracked 
| 218|0x000000070fa00000, 0x000000070fa00000, 0x000000070fb00000|  0%| F|  |TAMS 0x000000070fa00000, 0x000000070fa00000| Untracked 
| 219|0x000000070fb00000, 0x000000070fb00000, 0x000000070fc00000|  0%| F|  |TAMS 0x000000070fb00000, 0x000000070fb00000| Untracked 
| 220|0x000000070fc00000, 0x000000070fc00000, 0x000000070fd00000|  0%| F|  |TAMS 0x000000070fc00000, 0x000000070fc00000| Untracked 
| 221|0x000000070fd00000, 0x000000070fd00000, 0x000000070fe00000|  0%| F|  |TAMS 0x000000070fd00000, 0x000000070fd00000| Untracked 
| 222|0x000000070fe00000, 0x000000070fe00000, 0x000000070ff00000|  0%| F|  |TAMS 0x000000070fe00000, 0x000000070fe00000| Untracked 
| 223|0x000000070ff00000, 0x000000070ff00000, 0x0000000710000000|  0%| F|  |TAMS 0x000000070ff00000, 0x000000070ff00000| Untracked 
| 224|0x0000000710000000, 0x0000000710000000, 0x0000000710100000|  0%| F|  |TAMS 0x0000000710000000, 0x0000000710000000| Untracked 
| 225|0x0000000710100000, 0x0000000710100000, 0x0000000710200000|  0%| F|  |TAMS 0x0000000710100000, 0x0000000710100000| Untracked 
| 226|0x0000000710200000, 0x0000000710200000, 0x0000000710300000|  0%| F|  |TAMS 0x0000000710200000, 0x0000000710200000| Untracked 
| 227|0x0000000710300000, 0x0000000710300000, 0x0000000710400000|  0%| F|  |TAMS 0x0000000710300000, 0x0000000710300000| Untracked 
| 228|0x0000000710400000, 0x0000000710400000, 0x0000000710500000|  0%| F|  |TAMS 0x0000000710400000, 0x0000000710400000| Untracked 
| 229|0x0000000710500000, 0x0000000710500000, 0x0000000710600000|  0%| F|  |TAMS 0x0000000710500000, 0x0000000710500000| Untracked 
| 230|0x0000000710600000, 0x0000000710600000, 0x0000000710700000|  0%| F|  |TAMS 0x0000000710600000, 0x0000000710600000| Untracked 
| 231|0x0000000710700000, 0x0000000710700000, 0x0000000710800000|  0%| F|  |TAMS 0x0000000710700000, 0x0000000710700000| Untracked 
| 232|0x0000000710800000, 0x0000000710800000, 0x0000000710900000|  0%| F|  |TAMS 0x0000000710800000, 0x0000000710800000| Untracked 
| 233|0x0000000710900000, 0x00000007109b15d0, 0x0000000710a00000| 69%| S|CS|TAMS 0x0000000710900000, 0x0000000710900000| Complete 
| 234|0x0000000710a00000, 0x0000000710b00000, 0x0000000710b00000|100%| S|CS|TAMS 0x0000000710a00000, 0x0000000710a00000| Complete 
| 235|0x0000000710b00000, 0x0000000710c00000, 0x0000000710c00000|100%| S|CS|TAMS 0x0000000710b00000, 0x0000000710b00000| Complete 
| 236|0x0000000710c00000, 0x0000000710d00000, 0x0000000710d00000|100%| S|CS|TAMS 0x0000000710c00000, 0x0000000710c00000| Complete 
| 237|0x0000000710d00000, 0x0000000710d00000, 0x0000000710e00000|  0%| F|  |TAMS 0x0000000710d00000, 0x0000000710d00000| Untracked 
| 238|0x0000000710e00000, 0x0000000710e00000, 0x0000000710f00000|  0%| F|  |TAMS 0x0000000710e00000, 0x0000000710e00000| Untracked 
| 239|0x0000000710f00000, 0x0000000710f00000, 0x0000000711000000|  0%| F|  |TAMS 0x0000000710f00000, 0x0000000710f00000| Untracked 
| 240|0x0000000711000000, 0x0000000711000000, 0x0000000711100000|  0%| F|  |TAMS 0x0000000711000000, 0x0000000711000000| Untracked 
| 241|0x0000000711100000, 0x0000000711100000, 0x0000000711200000|  0%| F|  |TAMS 0x0000000711100000, 0x0000000711100000| Untracked 
| 242|0x0000000711200000, 0x0000000711200000, 0x0000000711300000|  0%| F|  |TAMS 0x0000000711200000, 0x0000000711200000| Untracked 
| 243|0x0000000711300000, 0x0000000711300000, 0x0000000711400000|  0%| F|  |TAMS 0x0000000711300000, 0x0000000711300000| Untracked 
| 244|0x0000000711400000, 0x0000000711400000, 0x0000000711500000|  0%| F|  |TAMS 0x0000000711400000, 0x0000000711400000| Untracked 
| 245|0x0000000711500000, 0x0000000711500000, 0x0000000711600000|  0%| F|  |TAMS 0x0000000711500000, 0x0000000711500000| Untracked 
| 246|0x0000000711600000, 0x0000000711600000, 0x0000000711700000|  0%| F|  |TAMS 0x0000000711600000, 0x0000000711600000| Untracked 
| 247|0x0000000711700000, 0x0000000711700000, 0x0000000711800000|  0%| F|  |TAMS 0x0000000711700000, 0x0000000711700000| Untracked 
| 248|0x0000000711800000, 0x0000000711800000, 0x0000000711900000|  0%| F|  |TAMS 0x0000000711800000, 0x0000000711800000| Untracked 
| 249|0x0000000711900000, 0x0000000711900000, 0x0000000711a00000|  0%| F|  |TAMS 0x0000000711900000, 0x0000000711900000| Untracked 
| 250|0x0000000711a00000, 0x0000000711a00000, 0x0000000711b00000|  0%| F|  |TAMS 0x0000000711a00000, 0x0000000711a00000| Untracked 
| 251|0x0000000711b00000, 0x0000000711b00000, 0x0000000711c00000|  0%| F|  |TAMS 0x0000000711b00000, 0x0000000711b00000| Untracked 
| 252|0x0000000711c00000, 0x0000000711c00000, 0x0000000711d00000|  0%| F|  |TAMS 0x0000000711c00000, 0x0000000711c00000| Untracked 
| 253|0x0000000711d00000, 0x0000000711d00000, 0x0000000711e00000|  0%| F|  |TAMS 0x0000000711d00000, 0x0000000711d00000| Untracked 

Card table byte_map: [0x0000023774bc0000,0x00000237753b0000] _byte_map_base: 0x00000237713b0000

Marking Bits (Prev, Next): (CMBitMap*) 0x000002376b7759c0, (CMBitMap*) 0x000002376b775988
 Prev Bits: [0x0000023779b20000, 0x000002377daa0000)
 Next Bits: [0x0000023775ba0000, 0x0000023779b20000)

Polling page: 0x0000023769720000

Metaspace:

Usage:
  Non-class:     23.24 MB capacity,    22.80 MB ( 98%) used,   370.43 KB (  2%) free+waste,    87.56 KB ( <1%) overhead. 
      Class:      3.39 MB capacity,     3.08 MB ( 91%) used,   270.18 KB (  8%) free+waste,    42.94 KB (  1%) overhead. 
       Both:     26.63 MB capacity,    25.88 MB ( 97%) used,   640.61 KB (  2%) free+waste,   130.50 KB ( <1%) overhead. 

Virtual space:
  Non-class space:       36.00 MB reserved,      23.25 MB ( 65%) committed 
      Class space:        1.00 GB reserved,       3.50 MB ( <1%) committed 
             Both:        1.04 GB reserved,      26.75 MB (  3%) committed 

Chunk freelists:
   Non-Class:  6.00 KB
       Class:  20.00 KB
        Both:  26.00 KB

MaxMetaspaceSize: 17179869184.00 GB
CompressedClassSpaceSize: 1.00 GB
Initial GC threshold: 20.80 MB
Current GC threshold: 35.32 MB
CDS: off

CodeHeap 'non-profiled nmethods': size=238336Kb used=4085Kb max_used=4085Kb free=234250Kb
 bounds [0x0000023700740000, 0x0000023700b40000, 0x000002370f000000]
CodeHeap 'non-nmethods': size=7424Kb used=1287Kb max_used=1287Kb free=6136Kb
 bounds [0x0000023700000000, 0x0000023700270000, 0x0000023700740000]
 total_blobs=2993 nmethods=2504 adapters=424
 compilation: enabled
              stopped_count=0, restarted_count=0
 full_count=0

Compilation events (20 events):
Event: 35.797 Thread 0x0000023710174800 2509       1       java.lang.reflect.Method::getExceptionTypes (11 bytes)
Event: 35.798 Thread 0x0000023710174800 nmethod 2509 0x0000023700b37410 code [0x0000023700b375c0, 0x0000023700b376e8]
Event: 35.801 Thread 0x0000023710174800 2510       1       java.lang.Throwable::<init> (34 bytes)
Event: 35.801 Thread 0x0000023710174800 nmethod 2510 0x0000023700b37790 code [0x0000023700b37980, 0x0000023700b37ea8]
Event: 35.802 Thread 0x0000023710174800 2511       1       java.lang.Module::canRead (86 bytes)
Event: 35.803 Thread 0x0000023710174800 nmethod 2511 0x0000023700b38010 code [0x0000023700b382c0, 0x0000023700b38c48]
Event: 35.806 Thread 0x0000023710174800 2512       1       org.eclipse.jdt.launching.internal.org.objectweb.asm.MethodWriter::visitLdcInsn (215 bytes)
Event: 35.807 Thread 0x0000023710174800 nmethod 2512 0x0000023700b39190 code [0x0000023700b393c0, 0x0000023700b39828]
Event: 35.807 Thread 0x0000023710174800 2513       1       org.eclipse.jdt.launching.internal.org.objectweb.asm.MethodWriter::visitFieldInsn (258 bytes)
Event: 35.808 Thread 0x0000023710174800 nmethod 2513 0x0000023700b39c10 code [0x0000023700b39e20, 0x0000023700b3a2c8]
Event: 35.808 Thread 0x0000023710174800 2514       1       org.eclipse.jdt.launching.internal.org.objectweb.asm.SymbolTable::addConstantFieldref (10 bytes)
Event: 35.808 Thread 0x0000023710174800 nmethod 2514 0x0000023700b3a690 code [0x0000023700b3a840, 0x0000023700b3a948]
Event: 36.090 Thread 0x0000023710174800 2515       1       java.lang.reflect.AccessibleObject::checkAccess (40 bytes)
Event: 36.090 Thread 0x0000023710174800 nmethod 2515 0x0000023700b3aa10 code [0x0000023700b3ac00, 0x0000023700b3add8]
Event: 36.090 Thread 0x0000023710174800 2516       1       java.lang.reflect.AccessibleObject::verifyAccess (84 bytes)
Event: 36.091 Thread 0x0000023710174800 nmethod 2516 0x0000023700b3af10 code [0x0000023700b3b0e0, 0x0000023700b3b388]
Event: 36.226 Thread 0x0000023710174800 2517  s!   1       jdk.internal.loader.URLClassPath::getLoader (194 bytes)
Event: 36.226 Thread 0x0000023710174800 nmethod 2517 0x0000023700b3b510 code [0x0000023700b3b7a0, 0x0000023700b3c328]
Event: 36.227 Thread 0x0000023710174800 2518       1       java.lang.Class::getTypeParameters (19 bytes)
Event: 36.227 Thread 0x0000023710174800 nmethod 2518 0x0000023700b3cf10 code [0x0000023700b3d0e0, 0x0000023700b3d3a8]

GC Heap History (10 events):
Event: 16.303 GC heap before
{Heap before GC invocations=0 (full 0):
 garbage-first heap   total 260096K, used 23552K [0x0000000702000000, 0x0000000800000000)
  region size 1024K, 24 young (24576K), 0 survivors (0K)
 Metaspace       used 15022K, capacity 15380K, committed 15488K, reserved 1062912K
  class space    used 1510K, capacity 1634K, committed 1664K, reserved 1048576K
}
Event: 16.326 GC heap after
{Heap after GC invocations=1 (full 0):
 garbage-first heap   total 260096K, used 6769K [0x0000000702000000, 0x0000000800000000)
  region size 1024K, 3 young (3072K), 3 survivors (3072K)
 Metaspace       used 15022K, capacity 15380K, committed 15488K, reserved 1062912K
  class space    used 1510K, capacity 1634K, committed 1664K, reserved 1048576K
}
Event: 16.660 GC heap before
{Heap before GC invocations=1 (full 0):
 garbage-first heap   total 260096K, used 25201K [0x0000000702000000, 0x0000000800000000)
  region size 1024K, 21 young (21504K), 3 survivors (3072K)
 Metaspace       used 17359K, capacity 17780K, committed 17920K, reserved 1064960K
  class space    used 1780K, capacity 1925K, committed 2048K, reserved 1048576K
}
Event: 16.664 GC heap after
{Heap after GC invocations=2 (full 0):
 garbage-first heap   total 260096K, used 7876K [0x0000000702000000, 0x0000000800000000)
  region size 1024K, 1 young (1024K), 1 survivors (1024K)
 Metaspace       used 17359K, capacity 17780K, committed 17920K, reserved 1064960K
  class space    used 1780K, capacity 1925K, committed 2048K, reserved 1048576K
}
Event: 24.405 GC heap before
{Heap before GC invocations=2 (full 0):
 garbage-first heap   total 260096K, used 42692K [0x0000000702000000, 0x0000000800000000)
  region size 1024K, 37 young (37888K), 1 survivors (1024K)
 Metaspace       used 20529K, capacity 21132K, committed 21248K, reserved 1069056K
  class space    used 2252K, capacity 2485K, committed 2560K, reserved 1048576K
}
Event: 24.410 GC heap after
{Heap after GC invocations=3 (full 0):
 garbage-first heap   total 260096K, used 8985K [0x0000000702000000, 0x0000000800000000)
  region size 1024K, 3 young (3072K), 3 survivors (3072K)
 Metaspace       used 20529K, capacity 21132K, committed 21248K, reserved 1069056K
  class space    used 2252K, capacity 2485K, committed 2560K, reserved 1048576K
}
Event: 26.993 GC heap before
{Heap before GC invocations=4 (full 0):
 garbage-first heap   total 260096K, used 67353K [0x0000000702000000, 0x0000000800000000)
  region size 1024K, 60 young (61440K), 3 survivors (3072K)
 Metaspace       used 25283K, capacity 26087K, committed 26368K, reserved 1073152K
  class space    used 2988K, capacity 3288K, committed 3328K, reserved 1048576K
}
Event: 29.359 GC heap after
{Heap after GC invocations=5 (full 0):
 garbage-first heap   total 260096K, used 10248K [0x0000000702000000, 0x0000000800000000)
  region size 1024K, 4 young (4096K), 4 survivors (4096K)
 Metaspace       used 25283K, capacity 26087K, committed 26368K, reserved 1073152K
  class space    used 2988K, capacity 3288K, committed 3328K, reserved 1048576K
}
Event: 36.228 GC heap before
{Heap before GC invocations=5 (full 0):
 garbage-first heap   total 260096K, used 26632K [0x0000000702000000, 0x0000000800000000)
  region size 1024K, 21 young (21504K), 4 survivors (4096K)
 Metaspace       used 26498K, capacity 27270K, committed 27392K, reserved 1083392K
  class space    used 3154K, capacity 3468K, committed 3584K, reserved 1048576K
}
Event: 36.231 GC heap after
{Heap after GC invocations=6 (full 0):
 garbage-first heap   total 260096K, used 10660K [0x0000000702000000, 0x0000000800000000)
  region size 1024K, 4 young (4096K), 4 survivors (4096K)
 Metaspace       used 26498K, capacity 27270K, committed 27392K, reserved 1083392K
  class space    used 3154K, capacity 3468K, committed 3584K, reserved 1048576K
}

Deoptimization events (20 events):
Event: 35.801 Thread 0x0000023710ed3800 DEOPT PACKING pc=0x0000023700a4be4c sp=0x000000e8c35fd5a0
Event: 35.801 Thread 0x0000023710ed3800 DEOPT UNPACKING pc=0x000002370004a95e sp=0x000000e8c35fcaa8 mode 1
Event: 36.083 Thread 0x00000237119bb800 DEOPT PACKING pc=0x000002370094a58c sp=0x000000e8c38fd600
Event: 36.083 Thread 0x00000237119bb800 DEOPT UNPACKING pc=0x000002370004a95e sp=0x000000e8c38fca98 mode 1
Event: 36.083 Thread 0x00000237119bb800 DEOPT PACKING pc=0x000002370097b31c sp=0x000000e8c38fd6d0
Event: 36.083 Thread 0x00000237119bb800 DEOPT UNPACKING pc=0x000002370004a95e sp=0x000000e8c38fcb88 mode 1
Event: 36.083 Thread 0x00000237119bb800 DEOPT PACKING pc=0x00000237009016fc sp=0x000000e8c38fe0d0
Event: 36.083 Thread 0x00000237119bb800 DEOPT UNPACKING pc=0x000002370004a95e sp=0x000000e8c38fd5c0 mode 1
Event: 36.090 Thread 0x00000237119bb800 DEOPT PACKING pc=0x000002370094a58c sp=0x000000e8c38fd600
Event: 36.090 Thread 0x00000237119bb800 DEOPT UNPACKING pc=0x000002370004a95e sp=0x000000e8c38fca98 mode 1
Event: 36.090 Thread 0x00000237119bb800 DEOPT PACKING pc=0x000002370097b31c sp=0x000000e8c38fd6d0
Event: 36.090 Thread 0x00000237119bb800 DEOPT UNPACKING pc=0x000002370004a95e sp=0x000000e8c38fcb88 mode 1
Event: 36.090 Thread 0x00000237119bb800 DEOPT PACKING pc=0x00000237009016fc sp=0x000000e8c38fe0d0
Event: 36.090 Thread 0x00000237119bb800 DEOPT UNPACKING pc=0x000002370004a95e sp=0x000000e8c38fd5c0 mode 1
Event: 36.227 Thread 0x00000237119bb800 DEOPT PACKING pc=0x000002370094a58c sp=0x000000e8c38fe2d0
Event: 36.227 Thread 0x00000237119bb800 DEOPT UNPACKING pc=0x000002370004a95e sp=0x000000e8c38fd768 mode 1
Event: 36.227 Thread 0x00000237119bb800 DEOPT PACKING pc=0x000002370097b31c sp=0x000000e8c38fe3a0
Event: 36.227 Thread 0x00000237119bb800 DEOPT UNPACKING pc=0x000002370004a95e sp=0x000000e8c38fd858 mode 1
Event: 36.227 Thread 0x00000237119bb800 DEOPT PACKING pc=0x00000237009016fc sp=0x000000e8c38feda0
Event: 36.227 Thread 0x00000237119bb800 DEOPT UNPACKING pc=0x000002370004a95e sp=0x000000e8c38fe290 mode 1

Classes redefined (0 events):
No events

Internal exceptions (20 events):
Event: 31.518 Thread 0x00000237118e1000 Exception <a 'java/lang/reflect/InvocationTargetException'{0x0000000711a89130}> (0x0000000711a89130) thrown at [s\src\hotspot\share\runtime\reflection.cpp, line 1245]
Event: 32.031 Thread 0x00000237118e1000 Exception <a 'java/lang/reflect/InvocationTargetException'{0x0000000711a8c828}> (0x0000000711a8c828) thrown at [s\src\hotspot\share\runtime\reflection.cpp, line 1245]
Event: 32.593 Thread 0x00000237118e1000 Exception <a 'java/lang/reflect/InvocationTargetException'{0x0000000711a8ff20}> (0x0000000711a8ff20) thrown at [s\src\hotspot\share\runtime\reflection.cpp, line 1245]
Event: 33.750 Thread 0x00000237118e1000 Exception <a 'java/lang/reflect/InvocationTargetException'{0x0000000711a93618}> (0x0000000711a93618) thrown at [s\src\hotspot\share\runtime\reflection.cpp, line 1245]
Event: 34.708 Thread 0x0000023710ed3800 Exception <a 'java/lang/ClassNotFoundException'{0x00000007113446c0}: java/lang/ObjectCustomizer> (0x00000007113446c0) thrown at [s\src\hotspot\share\classfile\systemDictionary.cpp, line 230]
Event: 34.830 Thread 0x00000237118e1000 Exception <a 'java/lang/reflect/InvocationTargetException'{0x0000000711a96d10}> (0x0000000711a96d10) thrown at [s\src\hotspot\share\runtime\reflection.cpp, line 1245]
Event: 35.465 Thread 0x0000023710ed3800 Exception <a 'java/lang/ClassNotFoundException'{0x000000071138dcc8}: org/springframework/context/annotation/ConfigurationClassPostProcessorCustomizer> (0x000000071138dcc8) thrown at [s\src\hotspot\share\classfile\systemDictionary.cpp, line 230]
Event: 35.497 Thread 0x00000237118e1000 Exception <a 'java/lang/reflect/InvocationTargetException'{0x0000000711a9a408}> (0x0000000711a9a408) thrown at [s\src\hotspot\share\runtime\reflection.cpp, line 1245]
Event: 35.793 Thread 0x0000023710ed3800 Exception <a 'java/lang/ClassNotFoundException'{0x00000007113d2c28}: org/springframework/beans/factory/support/BeanDefinitionRegistryPostProcessorCustomizer> (0x00000007113d2c28) thrown at [s\src\hotspot\share\classfile\systemDictionary.cpp, line 230]
Event: 35.794 Thread 0x0000023710ed3800 Exception <a 'java/lang/ClassNotFoundException'{0x00000007113ea4b0}: org/springframework/beans/factory/config/BeanFactoryPostProcessorCustomizer> (0x00000007113ea4b0) thrown at [s\src\hotspot\share\classfile\systemDictionary.cpp, line 230]
Event: 35.794 Thread 0x0000023710ed3800 Exception <a 'java/lang/ClassNotFoundException'{0x00000007113fdda8}: org/springframework/core/PriorityOrderedCustomizer> (0x00000007113fdda8) thrown at [s\src\hotspot\share\classfile\systemDictionary.cpp, line 230]
Event: 35.795 Thread 0x0000023710ed3800 Exception <a 'java/lang/ClassNotFoundException'{0x000000071100f658}: org/springframework/core/OrderedCustomizer> (0x000000071100f658) thrown at [s\src\hotspot\share\classfile\systemDictionary.cpp, line 230]
Event: 35.795 Thread 0x0000023710ed3800 Exception <a 'java/lang/ClassNotFoundException'{0x0000000711023b38}: org/springframework/context/ResourceLoaderAwareCustomizer> (0x0000000711023b38) thrown at [s\src\hotspot\share\classfile\systemDictionary.cpp, line 230]
Event: 35.796 Thread 0x0000023710ed3800 Exception <a 'java/lang/ClassNotFoundException'{0x0000000711036ea8}: org/springframework/beans/factory/AwareCustomizer> (0x0000000711036ea8) thrown at [s\src\hotspot\share\classfile\systemDictionary.cpp, line 230]
Event: 35.796 Thread 0x0000023710ed3800 Exception <a 'java/lang/ClassNotFoundException'{0x000000071104b1e8}: org/springframework/context/ApplicationStartupAwareCustomizer> (0x000000071104b1e8) thrown at [s\src\hotspot\share\classfile\systemDictionary.cpp, line 230]
Event: 35.797 Thread 0x0000023710ed3800 Exception <a 'java/lang/ClassNotFoundException'{0x000000071105e7d0}: org/springframework/beans/factory/AwareCustomizer> (0x000000071105e7d0) thrown at [s\src\hotspot\share\classfile\systemDictionary.cpp, line 230]
Event: 35.797 Thread 0x0000023710ed3800 Exception <a 'java/lang/ClassNotFoundException'{0x0000000711073010}: org/springframework/beans/factory/BeanClassLoaderAwareCustomizer> (0x0000000711073010) thrown at [s\src\hotspot\share\classfile\systemDictionary.cpp, line 230]
Event: 35.798 Thread 0x0000023710ed3800 Exception <a 'java/lang/ClassNotFoundException'{0x0000000711086618}: org/springframework/beans/factory/AwareCustomizer> (0x0000000711086618) thrown at [s\src\hotspot\share\classfile\systemDictionary.cpp, line 230]
Event: 35.798 Thread 0x0000023710ed3800 Exception <a 'java/lang/ClassNotFoundException'{0x0000000711099870}: org/springframework/context/EnvironmentAwareCustomizer> (0x0000000711099870) thrown at [s\src\hotspot\share\classfile\systemDictionary.cpp, line 230]
Event: 35.799 Thread 0x0000023710ed3800 Exception <a 'java/lang/ClassNotFoundException'{0x00000007110acb70}: org/springframework/beans/factory/AwareCustomizer> (0x00000007110acb70) thrown at [s\src\hotspot\share\classfile\systemDictionary.cpp, line 230]

Events (20 events):
Event: 36.226 loading class org/springframework/context/annotation/ConfigurationClassParser$SourceClass done
Event: 36.227 loading class javax/validation/constraints/DecimalMax
Event: 36.227 loading class javax/validation/constraints/DecimalMax done
Event: 36.227 loading class org/springframework/context/annotation/ComponentScanAnnotationParser
Event: 36.227 loading class org/springframework/context/annotation/ComponentScanAnnotationParser done
Event: 36.227 loading class org/hibernate/validator/internal/constraintvalidators/bv/number/bound/decimal/DecimalMinValidatorForBigDecimal
Event: 36.227 loading class org/hibernate/validator/internal/constraintvalidators/bv/number/bound/decimal/DecimalMinValidatorForBigDecimal done
Event: 36.227 loading class org/hibernate/validator/internal/constraintvalidators/bv/number/bound/decimal/AbstractDecimalMinValidator
Event: 36.227 loading class org/hibernate/validator/internal/constraintvalidators/bv/number/bound/decimal/AbstractDecimalMinValidator done
Event: 36.227 loading class org/springframework/context/annotation/ConfigurationClass
Event: 36.227 loading class org/springframework/context/annotation/ConfigurationClass done
Event: 36.227 loading class org/hibernate/validator/internal/constraintvalidators/bv/number/bound/decimal/DecimalMinValidatorForBigInteger
Event: 36.227 loading class org/hibernate/validator/internal/constraintvalidators/bv/number/bound/decimal/DecimalMinValidatorForBigInteger done
Event: 36.228 loading class org/hibernate/validator/internal/constraintvalidators/bv/number/bound/decimal/DecimalMinValidatorForByte
Event: 36.228 loading class org/hibernate/validator/internal/constraintvalidators/bv/number/bound/decimal/DecimalMinValidatorForByte done
Event: 36.228 loading class org/springframework/context/annotation/ConfigurationClass$FinalConfigurationProblem
Event: 36.228 loading class org/springframework/context/annotation/ConfigurationClass$FinalConfigurationProblem done
Event: 36.228 loading class org/hibernate/validator/internal/constraintvalidators/bv/number/bound/decimal/DecimalMinValidatorForDouble
Event: 36.228 loading class org/hibernate/validator/internal/constraintvalidators/bv/number/bound/decimal/DecimalMinValidatorForDouble done
Event: 36.228 Executing VM operation: CollectForMetadataAllocation


Dynamic libraries:
0x00007ff6611a0000 - 0x00007ff6611ae000 	C:\Program Files\Java\jdk-11\bin\javaw.exe
0x00007ffad3150000 - 0x00007ffad3348000 	C:\Windows\SYSTEM32\ntdll.dll
0x00007ffad1260000 - 0x00007ffad131f000 	C:\Windows\System32\KERNEL32.DLL
0x00007ffad0830000 - 0x00007ffad0b26000 	C:\Windows\System32\KERNELBASE.dll
0x00007ffad0d80000 - 0x00007ffad0e80000 	C:\Windows\System32\ucrtbase.dll
0x00007ffacdf70000 - 0x00007ffacdf88000 	C:\Program Files\Java\jdk-11\bin\jli.dll
0x00007ffad2180000 - 0x00007ffad231d000 	C:\Windows\System32\USER32.dll
0x00007ffad1020000 - 0x00007ffad1042000 	C:\Windows\System32\win32u.dll
0x00007ffad3090000 - 0x00007ffad30bc000 	C:\Windows\System32\GDI32.dll
0x00007ffad0b30000 - 0x00007ffad0c45000 	C:\Windows\System32\gdi32full.dll
0x00007ffad0ef0000 - 0x00007ffad0f8d000 	C:\Windows\System32\msvcp_win.dll
0x00007ffacdf50000 - 0x00007ffacdf69000 	C:\Program Files\Java\jdk-11\bin\VCRUNTIME140.dll
0x00007ffac2200000 - 0x00007ffac249a000 	C:\Windows\WinSxS\amd64_microsoft.windows.common-controls_6595b64144ccf1df_6.0.19041.1110_none_60b5254171f9507e\COMCTL32.dll
0x00007ffad1900000 - 0x00007ffad199e000 	C:\Windows\System32\msvcrt.dll
0x00007ffad30c0000 - 0x00007ffad30f0000 	C:\Windows\System32\IMM32.DLL
0x00007ffacdea0000 - 0x00007ffacdeac000 	C:\Program Files\Java\jdk-11\bin\vcruntime140_1.dll
0x00007ffaa9e40000 - 0x00007ffaa9ed1000 	C:\Program Files\Java\jdk-11\bin\msvcp140.dll
0x00007ffa6dda0000 - 0x00007ffa6e95c000 	C:\Program Files\Java\jdk-11\bin\server\jvm.dll
0x00007ffad2730000 - 0x00007ffad27df000 	C:\Windows\System32\ADVAPI32.dll
0x00007ffad1860000 - 0x00007ffad18fc000 	C:\Windows\System32\sechost.dll
0x00007ffad2600000 - 0x00007ffad2726000 	C:\Windows\System32\RPCRT4.dll
0x00007ffad1e20000 - 0x00007ffad1e28000 	C:\Windows\System32\PSAPI.DLL
0x00007ffabc7d0000 - 0x00007ffabc7d9000 	C:\Windows\SYSTEM32\WSOCK32.dll
0x00007ffad2450000 - 0x00007ffad24bb000 	C:\Windows\System32\WS2_32.dll
0x00007ffacbe90000 - 0x00007ffacbeb7000 	C:\Windows\SYSTEM32\WINMM.dll
0x00007ffacb570000 - 0x00007ffacb57a000 	C:\Windows\SYSTEM32\VERSION.dll
0x00007fface700000 - 0x00007fface712000 	C:\Windows\SYSTEM32\kernel.appcore.dll
0x00007ffacddd0000 - 0x00007ffacdde0000 	C:\Program Files\Java\jdk-11\bin\verify.dll
0x00007ffabffd0000 - 0x00007ffac01b4000 	C:\Windows\SYSTEM32\DBGHELP.DLL
0x00007ffabbf70000 - 0x00007ffabbfa4000 	C:\Windows\SYSTEM32\dbgcore.DLL
0x00007ffad0f90000 - 0x00007ffad1012000 	C:\Windows\System32\bcryptPrimitives.dll
0x00007ffacdd80000 - 0x00007ffacdda8000 	C:\Program Files\Java\jdk-11\bin\java.dll
0x00007ffac92a0000 - 0x00007ffac92aa000 	C:\Program Files\Java\jdk-11\bin\jimage.dll
0x00007ffac2e00000 - 0x00007ffac2e38000 	C:\Program Files\Java\jdk-11\bin\jdwp.dll
0x00007ffac9290000 - 0x00007ffac929e000 	C:\Program Files\Java\jdk-11\bin\instrument.dll
0x00007ffac3800000 - 0x00007ffac3818000 	C:\Program Files\Java\jdk-11\bin\zip.dll
0x00007ffad2940000 - 0x00007ffad3084000 	C:\Windows\System32\SHELL32.dll
0x00007fface900000 - 0x00007ffacf093000 	C:\Windows\SYSTEM32\windows.storage.dll
0x00007ffad1380000 - 0x00007ffad16d4000 	C:\Windows\System32\combase.dll
0x00007ffad01a0000 - 0x00007ffad01ce000 	C:\Windows\SYSTEM32\Wldp.dll
0x00007ffad24c0000 - 0x00007ffad256d000 	C:\Windows\System32\SHCORE.dll
0x00007ffad16e0000 - 0x00007ffad1735000 	C:\Windows\System32\shlwapi.dll
0x00007ffad0770000 - 0x00007ffad078f000 	C:\Windows\SYSTEM32\profapi.dll
0x00007ffac2c60000 - 0x00007ffac2c6a000 	C:\Program Files\Java\jdk-11\bin\dt_socket.dll
0x00007ffacff00000 - 0x00007ffacff6a000 	C:\Windows\System32\mswsock.dll
0x00007ffacfc30000 - 0x00007ffacfcfa000 	C:\Windows\SYSTEM32\DNSAPI.dll
0x00007ffacfbf0000 - 0x00007ffacfc2c000 	C:\Windows\SYSTEM32\IPHLPAPI.DLL
0x00007ffad2170000 - 0x00007ffad2178000 	C:\Windows\System32\NSI.dll
0x00007ffac45b0000 - 0x00007ffac4632000 	C:\Windows\System32\fwpuclnt.dll
0x00007ffad0c50000 - 0x00007ffad0c77000 	C:\Windows\System32\bcrypt.dll
0x00007ffac3940000 - 0x00007ffac394a000 	C:\Windows\System32\rasadhlp.dll
0x00007ffac37e0000 - 0x00007ffac37f9000 	C:\Program Files\Java\jdk-11\bin\net.dll
0x00007ffac5170000 - 0x00007ffac527a000 	C:\Windows\SYSTEM32\WINHTTP.dll
0x00007ffac3570000 - 0x00007ffac3583000 	C:\Program Files\Java\jdk-11\bin\nio.dll
0x00007ffac2de0000 - 0x00007ffac2de9000 	C:\Program Files\Java\jdk-11\bin\management.dll
0x00007ffac2dd0000 - 0x00007ffac2ddb000 	C:\Program Files\Java\jdk-11\bin\management_ext.dll
0x00007ffaba430000 - 0x00007ffaba447000 	C:\Windows\system32\napinsp.dll
0x00007ffaba410000 - 0x00007ffaba42b000 	C:\Windows\system32\pnrpnsp.dll
0x00007ffaba3f0000 - 0x00007ffaba405000 	C:\Windows\system32\wshbth.dll
0x00007ffacdbb0000 - 0x00007ffacdbcd000 	C:\Windows\system32\NLAapi.dll
0x00007ffaba3d0000 - 0x00007ffaba3e2000 	C:\Windows\System32\winrnr.dll
0x00007ffad0100000 - 0x00007ffad0118000 	C:\Windows\SYSTEM32\CRYPTSP.dll
0x00007ffacf820000 - 0x00007ffacf854000 	C:\Windows\system32\rsaenh.dll
0x00007ffad06f0000 - 0x00007ffad071e000 	C:\Windows\SYSTEM32\USERENV.dll
0x00007ffad00f0000 - 0x00007ffad00fc000 	C:\Windows\SYSTEM32\CRYPTBASE.dll
0x00007ffac5540000 - 0x00007ffac5557000 	C:\Windows\SYSTEM32\dhcpcsvc6.DLL
0x00007ffac5520000 - 0x00007ffac553d000 	C:\Windows\SYSTEM32\dhcpcsvc.DLL

dbghelp: loaded successfully - version: 4.0.5 - missing functions: none
symbol engine: initialized successfully - sym options: 0x614 - pdb path: .;C:\Program Files\Java\jdk-11\bin;C:\Windows\SYSTEM32;C:\Windows\WinSxS\amd64_microsoft.windows.common-controls_6595b64144ccf1df_6.0.19041.1110_none_60b5254171f9507e;C:\Program Files\Java\jdk-11\bin\server

VM Arguments:
jvm_args: -agentlib:jdwp=transport=dt_socket,suspend=y,address=localhost:58992 -Dcom.sun.management.jmxremote -Dcom.sun.management.jmxremote.port=58015 -Dcom.sun.management.jmxremote.authenticate=false -Dcom.sun.management.jmxremote.ssl=false -Djava.rmi.server.hostname=localhost -Dspring.jmx.enabled=true -Dspring.liveBeansView.mbeanDomain -Dspring.application.admin.enabled=true -XX:TieredStopAtLevel=1 -Dspring.boot.project.name=pet-shopping-mall -javaagent:C:\dev\sts-bundle\sts-3.9.17.RELEASE\configuration\org.eclipse.osgi\311\0\.cp\lib\javaagent-shaded.jar -Dfile.encoding=UTF-8 
java_command: com.shop.app.PetShoppingMallApplication --spring.output.ansi.enabled=always
java_class_path (initial): C:\Workspaces\documents\pet-shopping-mall\target\classes;C:\Users\user1\.m2\repository\org\springframework\boot\spring-boot-starter-cache\2.7.14\spring-boot-starter-cache-2.7.14.jar;C:\Users\user1\.m2\repository\org\springframework\boot\spring-boot-starter\2.7.14\spring-boot-starter-2.7.14.jar;C:\Users\user1\.m2\repository\org\springframework\boot\spring-boot-starter-logging\2.7.14\spring-boot-starter-logging-2.7.14.jar;C:\Users\user1\.m2\repository\ch\qos\logback\logback-classic\1.2.12\logback-classic-1.2.12.jar;C:\Users\user1\.m2\repository\ch\qos\logback\logback-core\1.2.12\logback-core-1.2.12.jar;C:\Users\user1\.m2\repository\org\apache\logging\log4j\log4j-to-slf4j\2.17.2\log4j-to-slf4j-2.17.2.jar;C:\Users\user1\.m2\repository\org\apache\logging\log4j\log4j-api\2.17.2\log4j-api-2.17.2.jar;C:\Users\user1\.m2\repository\org\slf4j\jul-to-slf4j\1.7.36\jul-to-slf4j-1.7.36.jar;C:\Users\user1\.m2\repository\jakarta\annotation\jakarta.annotation-api\1.3.5\jakarta.annotation-api-1.3.5.jar;C:\Users\user1\.m2\repository\org\yaml\snakeyaml\1.30\snakeyaml-1.30.jar;C:\Users\user1\.m2\repository\org\springframework\spring-context-support\5.3.29\spring-context-support-5.3.29.jar;C:\Users\user1\.m2\repository\org\springframework\security\spring-security-oauth2-client\5.7.10\spring-security-oauth2-client-5.7.10.jar;C:\Users\user1\.m2\repository\org\springframework\security\spring-security-core\5.7.10\spring-security-core-5.7.10.jar;C:\Users\user1\.m2\repository\org\springframework\security\spring-security-crypto\5.7.10\spring-security-crypto-5.7.10.jar;C:\Users\user1\.m2\repository\org\springframework\security\spring-security-oauth2-core\5.7.10\spring-security-oauth2-core-5.7.10.jar;C:\Users\user1\.m2\repository\org\springframework\security\spring-security-web\5.7.10\spring-security-web-5.7.10.jar;C:\Users\user1\.m2\repository\org\springframework\spring-core\5.3.29\spring-core-5.3.29.jar;C:\Users\user1\.m2\repository\org\springframework\spring-jcl\5.3
Launcher Type: SUN_STANDARD

[Global flags]
     intx CICompilerCount                          = 4                                         {product} {ergonomic}
     uint ConcGCThreads                            = 3                                         {product} {ergonomic}
     uint G1ConcRefinementThreads                  = 10                                        {product} {ergonomic}
   size_t G1HeapRegionSize                         = 1048576                                   {product} {ergonomic}
    uintx GCDrainStackTargetSize                   = 64                                        {product} {ergonomic}
   size_t InitialHeapSize                          = 266338304                                 {product} {ergonomic}
     bool ManagementServer                         = true                                      {product} {command line}
   size_t MarkStackSize                            = 4194304                                   {product} {ergonomic}
   size_t MaxHeapSize                              = 4261412864                                {product} {ergonomic}
   size_t MaxNewSize                               = 2556428288                                {product} {ergonomic}
   size_t MinHeapDeltaBytes                        = 1048576                                   {product} {ergonomic}
    uintx NonNMethodCodeHeapSize                   = 7549744                                {pd product} {ergonomic}
    uintx NonProfiledCodeHeapSize                  = 244108496                              {pd product} {ergonomic}
    uintx ProfiledCodeHeapSize                     = 0                                      {pd product} {ergonomic}
    uintx ReservedCodeCacheSize                    = 251658240                              {pd product} {ergonomic}
     bool SegmentedCodeCache                       = true                                      {product} {ergonomic}
     intx TieredStopAtLevel                        = 1                                         {product} {command line}
     bool UseCompressedClassPointers               = true                                 {lp64_product} {ergonomic}
     bool UseCompressedOops                        = true                                 {lp64_product} {ergonomic}
     bool UseG1GC                                  = true                                      {product} {ergonomic}
     bool UseLargePagesIndividualAllocation        = false                                  {pd product} {ergonomic}

Logging:
Log output configuration:
 #0: stdout all=warning uptime,level,tags
 #1: stderr all=off uptime,level,tags

Environment Variables:
JAVA_HOME=C:\Program Files\Java\jdk-11
PATH=C:\Program Files\Java\jdk-17\bin;C:\app\user1\product\21c\dbhomeXE\bin;C:\Program Files\Common Files\Oracle\Java\javapath;C:\Windows\system32;C:\Windows;C:\Windows\System32\Wbem;C:\Windows\System32\WindowsPowerShell\v1.0\;C:\Windows\System32\OpenSSH\;C:\Program Files\Git\cmd;C:\Program Files\Bandizip\;C:\Program Files\nodejs\;C:\Users\user1\AppData\Local\Microsoft\WindowsApps;C:\Users\user1\AppData\Local\Programs\Microsoft VS Code\bin;C:\Users\user1\AppData\Local\GitHubDesktop\bin;C:\Users\user1\AppData\Roaming\npm
USERNAME=user1
OS=Windows_NT
PROCESSOR_IDENTIFIER=Intel64 Family 6 Model 158 Stepping 10, GenuineIntel
TMP=C:\Users\user1\AppData\Local\Temp
TEMP=C:\Users\user1\AppData\Local\Temp



---------------  S Y S T E M  ---------------

OS: Windows 10 , 64 bit Build 19041 (10.0.19041.3031)
OS uptime: 36 days 9:44 hours

CPU:total 12 (initial active 12) (6 cores per cpu, 2 threads per core) family 6 model 158 stepping 10 microcode 0xb4, cmov, cx8, fxsr, mmx, sse, sse2, sse3, ssse3, sse4.1, sse4.2, popcnt, avx, avx2, aes, clmul, erms, rtm, 3dnowpref, lzcnt, ht, tsc, tscinvbit, bmi1, bmi2, adx, fma

Memory: 4k page, system-wide physical 16251M (451M free)
TotalPageFile size 46971M (AvailPageFile size 106M)
current process WorkingSet (physical memory assigned to process): 147M, peak: 147M
current process commit charge ("private bytes"): 378M, peak: 379M

vm_info: OpenJDK 64-Bit Server VM (11.0.20+8) for windows-amd64 JRE (11.0.20+8), built on Jul 18 2023 17:06:26 by "" with MS VC++ 16.7 (VS2019)

END.
